#
# There is insufficient memory for the Java Runtime Environment to continue.
# Native memory allocation (mmap) failed to map 9437184 bytes for G1 virtual space
# Possible reasons:
#   The system is out of physical RAM or swap space
#   The process is running with CompressedOops enabled, and the Java Heap may be blocking the growth of the native heap
# Possible solutions:
#   Reduce memory load on the system
#   Increase physical memory or swap space
#   Check if swap backing store is full
#   Decrease Java heap size (-Xmx/-Xms)
#   Decrease number of Java threads
#   Decrease Java thread stack sizes (-Xss)
#   Set larger code cache with -XX:ReservedCodeCacheSize=
#   JVM is running with Unscaled Compressed Oops mode in which the Java heap is
#     placed in the first 4GB address space. The Java Heap base address is the
#     maximum limit for the native heap growth. Please use -XX:HeapBaseMinAddress
#     to set the Java Heap base and to place the Java Heap above 4GB virtual address.
# This output file may be truncated or incomplete.
#
#  Out of Memory Error (os_windows.cpp:3769), pid=14456, tid=11756
#
# JRE version: OpenJDK Runtime Environment (17.0.6) (build 17.0.6+0-b2043.56-10027231)
# Java VM: OpenJDK 64-Bit Server VM (17.0.6+0-b2043.56-10027231, mixed mode, tiered, compressed oops, compressed class ptrs, g1 gc, windows-amd64)
# No core dump will be written. Minidumps are not enabled by default on client versions of Windows
#

---------------  S U M M A R Y ------------

Command Line: --add-opens=java.base/java.util=ALL-UNNAMED --add-opens=java.base/java.lang=ALL-UNNAMED --add-opens=java.base/java.lang.invoke=ALL-UNNAMED --add-opens=java.prefs/java.util.prefs=ALL-UNNAMED --add-opens=java.base/java.nio.charset=ALL-UNNAMED --add-opens=java.base/java.net=ALL-UNNAMED --add-opens=java.base/java.util.concurrent.atomic=ALL-UNNAMED -Xmx2048m -Dfile.encoding=UTF-8 -Duser.country=US -Duser.language=en -Duser.variant org.gradle.launcher.daemon.bootstrap.GradleDaemon 8.0

Host: Intel(R) Core(TM) i5-8350U CPU @ 1.70GHz, 8 cores, 15G,  Windows 11 , 64 bit Build 22621 (10.0.22621.2506)
Time: Fri Nov 24 16:26:29 2023 W. Central Africa Standard Time elapsed time: 14.205857 seconds (0d 0h 0m 14s)

---------------  T H R E A D  ---------------

Current thread (0x00000183a0405370):  VMThread "VM Thread" [stack: 0x00000011ba700000,0x00000011ba800000] [id=11756]

Stack: [0x00000011ba700000,0x00000011ba800000]
Native frames: (J=compiled Java code, j=interpreted, Vv=VM code, C=native code)
V  [jvm.dll+0x683c9a]
V  [jvm.dll+0x8427a4]
V  [jvm.dll+0x843f9e]
V  [jvm.dll+0x844603]
V  [jvm.dll+0x249b75]
V  [jvm.dll+0x680b69]
V  [jvm.dll+0x67505a]
V  [jvm.dll+0x309acb]
V  [jvm.dll+0x310f86]
V  [jvm.dll+0x3608ee]
V  [jvm.dll+0x360b1f]
V  [jvm.dll+0x2dfbf8]
V  [jvm.dll+0x2e2ce6]
V  [jvm.dll+0x2ed478]
V  [jvm.dll+0x322150]
V  [jvm.dll+0x848ccb]
V  [jvm.dll+0x849a04]
V  [jvm.dll+0x849f1d]
V  [jvm.dll+0x84a2f4]
V  [jvm.dll+0x84a3c0]
V  [jvm.dll+0x7f274a]
V  [jvm.dll+0x682ad5]
C  [ucrtbase.dll+0x29363]
C  [KERNEL32.DLL+0x1257d]
C  [ntdll.dll+0x5aa58]

VM_Operation (0x00000011ba3ff570): G1Concurrent, mode: safepoint, requested by thread 0x0000018386625c00


---------------  P R O C E S S  ---------------

Threads class SMR info:
_java_thread_list=0x00000183a4dfe390, length=124, elements={
0x00000183865b8450, 0x00000183a042e460, 0x00000183a10333e0, 0x00000183a106b980,
0x00000183a106c530, 0x00000183a1085b90, 0x00000183a1086860, 0x00000183a1098960,
0x00000183a1099260, 0x00000183a1099b60, 0x00000183a121f030, 0x00000183a121fd10,
0x00000183a3944f20, 0x00000183a1471490, 0x00000183a3737ce0, 0x00000183a2618ed0,
0x00000183a36fceb0, 0x00000183a371b230, 0x00000183a3785820, 0x00000183a26e59a0,
0x00000183a26e84f0, 0x00000183a26e6340, 0x00000183a3634210, 0x00000183a26e7b50,
0x00000183a26e7680, 0x00000183a26e6810, 0x00000183a26e5e70, 0x00000183a26e9360,
0x00000183a26e6ce0, 0x00000183a26e89c0, 0x00000183a26e71b0, 0x00000183a26e8e90,
0x00000183a26e8020, 0x00000183a47870d0, 0x00000183a478af60, 0x00000183a478c770,
0x00000183a4789c20, 0x00000183a4787a70, 0x00000183a478b900, 0x00000183a47888e0,
0x00000183a478a0f0, 0x00000183a4788db0, 0x00000183a478c2a0, 0x00000183a4788410,
0x00000183a478e450, 0x00000183a478bdd0, 0x00000183a478b430, 0x00000183a478d110,
0x00000183a478dab0, 0x00000183a478e920, 0x00000183a478d5e0, 0x00000183a47875a0,
0x00000183a4787f40, 0x00000183a3ff78b0, 0x00000183a3ff3550, 0x00000183a3ff3ef0,
0x00000183a3ff0ed0, 0x00000183a3ff43c0, 0x00000183a3ff13a0, 0x00000183a3ff4890,
0x00000183a3ff1870, 0x00000183a3ff73e0, 0x00000183a3ff5bd0, 0x00000183a3ff3080,
0x00000183a3ff2210, 0x00000183a3ff1d40, 0x00000183a3ff26e0, 0x00000183a3ff60a0,
0x00000183a3ff2bb0, 0x00000183a3ff3a20, 0x00000183a3ff4d60, 0x00000183a3ff5230,
0x00000183a3ff6570, 0x00000183a3ff5700, 0x00000183a3ff6a40, 0x00000183a3ff6f10,
0x00000183a3ff0060, 0x00000183a3ff0530, 0x00000183a3ff0a00, 0x00000183a8cd36e0,
0x00000183a8cd0b90, 0x00000183a8ccd6a0, 0x00000183a8ccf850, 0x00000183a8cd1a00,
0x00000183a8cd4080, 0x00000183a8cceeb0, 0x00000183a8cd23a0, 0x00000183a8cd1530,
0x00000183a8ccdb70, 0x00000183a8cd4550, 0x00000183a8cd4a20, 0x00000183a8cd1060,
0x00000183a8cd2870, 0x00000183a8cd4ef0, 0x00000183a8cd1ed0, 0x00000183a8cd3bb0,
0x00000183a8cd01f0, 0x00000183a8cd06c0, 0x00000183a8cd2d40, 0x00000183a8cce510,
0x00000183a8cd3210, 0x00000183a8cce040, 0x00000183a8ccfd20, 0x00000183a8ccf380,
0x00000183a8cce9e0, 0x00000183a1aba430, 0x00000183a1ab8280, 0x00000183a1abd450,
0x00000183a1abadd0, 0x00000183a1abd920, 0x00000183a1abddf0, 0x00000183a1abcab0,
0x00000183a1ab95c0, 0x00000183a1abf130, 0x00000183a1ab9f60, 0x00000183a1abcf80,
0x00000183a1aba900, 0x00000183a1abc5e0, 0x00000183a1ab7db0, 0x00000183a1abec60,
0x00000183a1abf600, 0x00000183a1abb2a0, 0x00000183a1abe2c0, 0x00000183a1abe790
}

Java Threads: ( => current thread )
  0x00000183865b8450 JavaThread "main" [_thread_blocked, id=27556, stack(0x00000011ba100000,0x00000011ba200000)]
  0x00000183a042e460 JavaThread "Reference Handler" daemon [_thread_blocked, id=24024, stack(0x00000011ba800000,0x00000011ba900000)]
  0x00000183a10333e0 JavaThread "Finalizer" daemon [_thread_blocked, id=15532, stack(0x00000011ba900000,0x00000011baa00000)]
  0x00000183a106b980 JavaThread "Signal Dispatcher" daemon [_thread_blocked, id=23972, stack(0x00000011baa00000,0x00000011bab00000)]
  0x00000183a106c530 JavaThread "Attach Listener" daemon [_thread_blocked, id=18864, stack(0x00000011bab00000,0x00000011bac00000)]
  0x00000183a1085b90 JavaThread "Service Thread" daemon [_thread_blocked, id=23060, stack(0x00000011bac00000,0x00000011bad00000)]
  0x00000183a1086860 JavaThread "Monitor Deflation Thread" daemon [_thread_blocked, id=13816, stack(0x00000011bad00000,0x00000011bae00000)]
  0x00000183a1098960 JavaThread "C2 CompilerThread0" daemon [_thread_blocked, id=14256, stack(0x00000011bae00000,0x00000011baf00000)]
  0x00000183a1099260 JavaThread "C1 CompilerThread0" daemon [_thread_blocked, id=12644, stack(0x00000011baf00000,0x00000011bb000000)]
  0x00000183a1099b60 JavaThread "Sweeper thread" daemon [_thread_blocked, id=25088, stack(0x00000011bb000000,0x00000011bb100000)]
  0x00000183a121f030 JavaThread "Common-Cleaner" daemon [_thread_blocked, id=11560, stack(0x00000011bb100000,0x00000011bb200000)]
  0x00000183a121fd10 JavaThread "Notification Thread" daemon [_thread_blocked, id=27608, stack(0x00000011bb200000,0x00000011bb300000)]
  0x00000183a3944f20 JavaThread "Daemon health stats" [_thread_blocked, id=16624, stack(0x00000011bbb00000,0x00000011bbc00000)]
  0x00000183a1471490 JavaThread "Incoming local TCP Connector on port 57628" [_thread_in_native, id=13696, stack(0x00000011bb400000,0x00000011bb500000)]
  0x00000183a3737ce0 JavaThread "Daemon periodic checks" [_thread_blocked, id=17612, stack(0x00000011bb500000,0x00000011bb600000)]
  0x00000183a2618ed0 JavaThread "Daemon" [_thread_blocked, id=26532, stack(0x00000011bbc00000,0x00000011bbd00000)]
  0x00000183a36fceb0 JavaThread "Handler for socket connection from /127.0.0.1:57628 to /127.0.0.1:57629" [_thread_in_native, id=16244, stack(0x00000011bbd00000,0x00000011bbe00000)]
  0x00000183a371b230 JavaThread "Cancel handler" [_thread_blocked, id=26448, stack(0x00000011bbe00000,0x00000011bbf00000)]
  0x00000183a3785820 JavaThread "Daemon worker" [_thread_blocked, id=20004, stack(0x00000011bbf00000,0x00000011bc000000)]
  0x00000183a26e59a0 JavaThread "Asynchronous log dispatcher for DefaultDaemonConnection: socket connection from /127.0.0.1:57628 to /127.0.0.1:57629" [_thread_blocked, id=18808, stack(0x00000011bc000000,0x00000011bc100000)]
  0x00000183a26e84f0 JavaThread "Stdin handler" [_thread_blocked, id=20952, stack(0x00000011bc100000,0x00000011bc200000)]
  0x00000183a26e6340 JavaThread "Daemon client event forwarder" [_thread_blocked, id=19236, stack(0x00000011bc200000,0x00000011bc300000)]
  0x00000183a3634210 JavaThread "C2 CompilerThread1" daemon [_thread_blocked, id=26144, stack(0x00000011bc600000,0x00000011bc700000)]
  0x00000183a26e7b50 JavaThread "Cache worker for journal cache (C:\Users\User\.gradle\caches\journal-1)" [_thread_blocked, id=14504, stack(0x00000011bc700000,0x00000011bc800000)]
  0x00000183a26e7680 JavaThread "File lock request listener" [_thread_in_native, id=19864, stack(0x00000011bc800000,0x00000011bc900000)]
  0x00000183a26e6810 JavaThread "Cache worker for file hash cache (C:\Users\User\.gradle\caches\8.0\fileHashes)" [_thread_blocked, id=26600, stack(0x00000011bc900000,0x00000011bca00000)]
  0x00000183a26e5e70 JavaThread "File watcher server" daemon [_thread_in_native, id=268, stack(0x00000011bcb00000,0x00000011bcc00000)]
  0x00000183a26e9360 JavaThread "File watcher consumer" daemon [_thread_blocked, id=12468, stack(0x00000011bcc00000,0x00000011bcd00000)]
  0x00000183a26e6ce0 JavaThread "jar transforms" [_thread_blocked, id=26824, stack(0x00000011bcd00000,0x00000011bce00000)]
  0x00000183a26e89c0 JavaThread "jar transforms Thread 2" [_thread_blocked, id=24164, stack(0x00000011bce00000,0x00000011bcf00000)]
  0x00000183a26e71b0 JavaThread "jar transforms Thread 3" [_thread_blocked, id=1148, stack(0x00000011bcf00000,0x00000011bd000000)]
  0x00000183a26e8e90 JavaThread "jar transforms Thread 4" [_thread_blocked, id=21092, stack(0x00000011bd000000,0x00000011bd100000)]
  0x00000183a26e8020 JavaThread "jar transforms Thread 5" [_thread_blocked, id=27216, stack(0x00000011bd100000,0x00000011bd200000)]
  0x00000183a47870d0 JavaThread "jar transforms Thread 6" [_thread_blocked, id=22896, stack(0x00000011bd200000,0x00000011bd300000)]
  0x00000183a478af60 JavaThread "jar transforms Thread 7" [_thread_blocked, id=10532, stack(0x00000011bd300000,0x00000011bd400000)]
  0x00000183a478c770 JavaThread "jar transforms Thread 8" [_thread_blocked, id=25932, stack(0x00000011bd400000,0x00000011bd500000)]
  0x00000183a4789c20 JavaThread "Cache worker for checksums cache (C:\Users\User\Documents\PROJECTS\resuablelogin\.gradle\8.0\checksums)" [_thread_blocked, id=17324, stack(0x00000011bd500000,0x00000011bd600000)]
  0x00000183a4787a70 JavaThread "Cache worker for cache directory md-rule (C:\Users\User\.gradle\caches\8.0\md-rule)" [_thread_blocked, id=17496, stack(0x00000011bd600000,0x00000011bd700000)]
  0x00000183a478b900 JavaThread "Cache worker for file content cache (C:\Users\User\.gradle\caches\8.0\fileContent)" [_thread_blocked, id=18588, stack(0x00000011bd700000,0x00000011bd800000)]
  0x00000183a47888e0 JavaThread "Cache worker for file hash cache (C:\Users\User\Documents\PROJECTS\resuablelogin\.gradle\8.0\fileHashes)" [_thread_blocked, id=19740, stack(0x00000011bd800000,0x00000011bd900000)]
  0x00000183a478a0f0 JavaThread "Cache worker for cache directory md-supplier (C:\Users\User\.gradle\caches\8.0\md-supplier)" [_thread_blocked, id=19908, stack(0x00000011bd900000,0x00000011bda00000)]
  0x00000183a4788db0 JavaThread "Cache worker for execution history cache (C:\Users\User\.gradle\caches\8.0\executionHistory)" [_thread_blocked, id=25524, stack(0x00000011bda00000,0x00000011bdb00000)]
  0x00000183a478c2a0 JavaThread "Cache worker for dependencies-accessors (C:\Users\User\Documents\PROJECTS\resuablelogin\.gradle\8.0\dependencies-accessors)" [_thread_blocked, id=14780, stack(0x00000011bdb00000,0x00000011bdc00000)]
  0x00000183a4788410 JavaThread "Cache worker for Build Output Cleanup Cache (C:\Users\User\Documents\PROJECTS\resuablelogin\.gradle\buildOutputCleanup)" [_thread_blocked, id=22652, stack(0x00000011bdc00000,0x00000011bdd00000)]
  0x00000183a478e450 JavaThread "Unconstrained build operations" [_thread_blocked, id=14528, stack(0x00000011bdd00000,0x00000011bde00000)]
  0x00000183a478bdd0 JavaThread "Unconstrained build operations Thread 2" [_thread_blocked, id=24876, stack(0x00000011bde00000,0x00000011bdf00000)]
  0x00000183a478b430 JavaThread "Unconstrained build operations Thread 3" [_thread_blocked, id=27536, stack(0x00000011bdf00000,0x00000011be000000)]
  0x00000183a478d110 JavaThread "Unconstrained build operations Thread 4" [_thread_blocked, id=11584, stack(0x00000011be000000,0x00000011be100000)]
  0x00000183a478dab0 JavaThread "Unconstrained build operations Thread 5" [_thread_blocked, id=27460, stack(0x00000011be100000,0x00000011be200000)]
  0x00000183a478e920 JavaThread "Unconstrained build operations Thread 6" [_thread_blocked, id=14808, stack(0x00000011be200000,0x00000011be300000)]
  0x00000183a478d5e0 JavaThread "Unconstrained build operations Thread 7" [_thread_blocked, id=25180, stack(0x00000011be300000,0x00000011be400000)]
  0x00000183a47875a0 JavaThread "Unconstrained build operations Thread 8" [_thread_blocked, id=25608, stack(0x00000011be400000,0x00000011be500000)]
  0x00000183a4787f40 JavaThread "Unconstrained build operations Thread 9" [_thread_blocked, id=4512, stack(0x00000011be500000,0x00000011be600000)]
  0x00000183a3ff78b0 JavaThread "Unconstrained build operations Thread 10" [_thread_blocked, id=9688, stack(0x00000011be600000,0x00000011be700000)]
  0x00000183a3ff3550 JavaThread "Unconstrained build operations Thread 11" [_thread_blocked, id=20584, stack(0x00000011be700000,0x00000011be800000)]
  0x00000183a3ff3ef0 JavaThread "Unconstrained build operations Thread 12" [_thread_blocked, id=4300, stack(0x00000011be800000,0x00000011be900000)]
  0x00000183a3ff0ed0 JavaThread "Unconstrained build operations Thread 13" [_thread_blocked, id=5288, stack(0x00000011be900000,0x00000011bea00000)]
  0x00000183a3ff43c0 JavaThread "Unconstrained build operations Thread 14" [_thread_blocked, id=14192, stack(0x00000011bea00000,0x00000011beb00000)]
  0x00000183a3ff13a0 JavaThread "Unconstrained build operations Thread 15" [_thread_blocked, id=26140, stack(0x00000011beb00000,0x00000011bec00000)]
  0x00000183a3ff4890 JavaThread "Unconstrained build operations Thread 16" [_thread_blocked, id=14540, stack(0x00000011bec00000,0x00000011bed00000)]
  0x00000183a3ff1870 JavaThread "Unconstrained build operations Thread 17" [_thread_blocked, id=19264, stack(0x00000011bed00000,0x00000011bee00000)]
  0x00000183a3ff73e0 JavaThread "Unconstrained build operations Thread 18" [_thread_blocked, id=2960, stack(0x00000011bee00000,0x00000011bef00000)]
  0x00000183a3ff5bd0 JavaThread "Unconstrained build operations Thread 19" [_thread_blocked, id=19072, stack(0x00000011bef00000,0x00000011bf000000)]
  0x00000183a3ff3080 JavaThread "Unconstrained build operations Thread 20" [_thread_blocked, id=27044, stack(0x00000011bf000000,0x00000011bf100000)]
  0x00000183a3ff2210 JavaThread "Unconstrained build operations Thread 21" [_thread_blocked, id=24792, stack(0x00000011bf100000,0x00000011bf200000)]
  0x00000183a3ff1d40 JavaThread "Unconstrained build operations Thread 22" [_thread_blocked, id=26216, stack(0x00000011bf200000,0x00000011bf300000)]
  0x00000183a3ff26e0 JavaThread "Unconstrained build operations Thread 23" [_thread_blocked, id=320, stack(0x00000011bf300000,0x00000011bf400000)]
  0x00000183a3ff60a0 JavaThread "Unconstrained build operations Thread 24" [_thread_blocked, id=13116, stack(0x00000011bf400000,0x00000011bf500000)]
  0x00000183a3ff2bb0 JavaThread "Unconstrained build operations Thread 25" [_thread_blocked, id=23480, stack(0x00000011bf500000,0x00000011bf600000)]
  0x00000183a3ff3a20 JavaThread "Unconstrained build operations Thread 26" [_thread_blocked, id=20284, stack(0x00000011bf600000,0x00000011bf700000)]
  0x00000183a3ff4d60 JavaThread "Unconstrained build operations Thread 27" [_thread_blocked, id=25820, stack(0x00000011bf700000,0x00000011bf800000)]
  0x00000183a3ff5230 JavaThread "Unconstrained build operations Thread 28" [_thread_blocked, id=6652, stack(0x00000011bf800000,0x00000011bf900000)]
  0x00000183a3ff6570 JavaThread "Unconstrained build operations Thread 29" [_thread_blocked, id=1524, stack(0x00000011bf900000,0x00000011bfa00000)]
  0x00000183a3ff5700 JavaThread "Unconstrained build operations Thread 30" [_thread_blocked, id=2664, stack(0x00000011bfa00000,0x00000011bfb00000)]
  0x00000183a3ff6a40 JavaThread "Unconstrained build operations Thread 31" [_thread_blocked, id=22588, stack(0x00000011bfb00000,0x00000011bfc00000)]
  0x00000183a3ff6f10 JavaThread "Unconstrained build operations Thread 32" [_thread_blocked, id=25040, stack(0x00000011bfc00000,0x00000011bfd00000)]
  0x00000183a3ff0060 JavaThread "Unconstrained build operations Thread 33" [_thread_blocked, id=16644, stack(0x00000011bfd00000,0x00000011bfe00000)]
  0x00000183a3ff0530 JavaThread "Unconstrained build operations Thread 34" [_thread_blocked, id=26704, stack(0x00000011bfe00000,0x00000011bff00000)]
  0x00000183a3ff0a00 JavaThread "Unconstrained build operations Thread 35" [_thread_blocked, id=21984, stack(0x00000011bff00000,0x00000011c0000000)]
  0x00000183a8cd36e0 JavaThread "Unconstrained build operations Thread 36" [_thread_blocked, id=9908, stack(0x00000011c0000000,0x00000011c0100000)]
  0x00000183a8cd0b90 JavaThread "Unconstrained build operations Thread 37" [_thread_blocked, id=17720, stack(0x00000011c0100000,0x00000011c0200000)]
  0x00000183a8ccd6a0 JavaThread "Unconstrained build operations Thread 38" [_thread_blocked, id=7944, stack(0x00000011c0200000,0x00000011c0300000)]
  0x00000183a8ccf850 JavaThread "Unconstrained build operations Thread 39" [_thread_blocked, id=18188, stack(0x00000011c0300000,0x00000011c0400000)]
  0x00000183a8cd1a00 JavaThread "Unconstrained build operations Thread 40" [_thread_blocked, id=25420, stack(0x00000011c0400000,0x00000011c0500000)]
  0x00000183a8cd4080 JavaThread "Unconstrained build operations Thread 41" [_thread_blocked, id=23852, stack(0x00000011c0500000,0x00000011c0600000)]
  0x00000183a8cceeb0 JavaThread "Unconstrained build operations Thread 42" [_thread_blocked, id=26760, stack(0x00000011c0600000,0x00000011c0700000)]
  0x00000183a8cd23a0 JavaThread "Unconstrained build operations Thread 43" [_thread_blocked, id=12860, stack(0x00000011c0700000,0x00000011c0800000)]
  0x00000183a8cd1530 JavaThread "Unconstrained build operations Thread 44" [_thread_blocked, id=24444, stack(0x00000011c0800000,0x00000011c0900000)]
  0x00000183a8ccdb70 JavaThread "Unconstrained build operations Thread 45" [_thread_blocked, id=12460, stack(0x00000011c0900000,0x00000011c0a00000)]
  0x00000183a8cd4550 JavaThread "Unconstrained build operations Thread 46" [_thread_blocked, id=26204, stack(0x00000011c0a00000,0x00000011c0b00000)]
  0x00000183a8cd4a20 JavaThread "Unconstrained build operations Thread 47" [_thread_blocked, id=26904, stack(0x00000011c0b00000,0x00000011c0c00000)]
  0x00000183a8cd1060 JavaThread "Unconstrained build operations Thread 48" [_thread_blocked, id=14532, stack(0x00000011c0c00000,0x00000011c0d00000)]
  0x00000183a8cd2870 JavaThread "Unconstrained build operations Thread 49" [_thread_blocked, id=26988, stack(0x00000011c0d00000,0x00000011c0e00000)]
  0x00000183a8cd4ef0 JavaThread "Unconstrained build operations Thread 50" [_thread_blocked, id=25332, stack(0x00000011c0e00000,0x00000011c0f00000)]
  0x00000183a8cd1ed0 JavaThread "Unconstrained build operations Thread 51" [_thread_blocked, id=26984, stack(0x00000011c0f00000,0x00000011c1000000)]
  0x00000183a8cd3bb0 JavaThread "Unconstrained build operations Thread 52" [_thread_blocked, id=27144, stack(0x00000011c1000000,0x00000011c1100000)]
  0x00000183a8cd01f0 JavaThread "Unconstrained build operations Thread 53" [_thread_blocked, id=22624, stack(0x00000011c1100000,0x00000011c1200000)]
  0x00000183a8cd06c0 JavaThread "Unconstrained build operations Thread 54" [_thread_blocked, id=21944, stack(0x00000011c1200000,0x00000011c1300000)]
  0x00000183a8cd2d40 JavaThread "Unconstrained build operations Thread 55" [_thread_blocked, id=22212, stack(0x00000011c1300000,0x00000011c1400000)]
  0x00000183a8cce510 JavaThread "Unconstrained build operations Thread 56" [_thread_blocked, id=27288, stack(0x00000011c1400000,0x00000011c1500000)]
  0x00000183a8cd3210 JavaThread "Unconstrained build operations Thread 57" [_thread_blocked, id=6628, stack(0x00000011c1500000,0x00000011c1600000)]
  0x00000183a8cce040 JavaThread "Unconstrained build operations Thread 58" [_thread_blocked, id=26360, stack(0x00000011c1600000,0x00000011c1700000)]
  0x00000183a8ccfd20 JavaThread "Unconstrained build operations Thread 59" [_thread_blocked, id=9672, stack(0x00000011c1700000,0x00000011c1800000)]
  0x00000183a8ccf380 JavaThread "Unconstrained build operations Thread 60" [_thread_blocked, id=27588, stack(0x00000011c1800000,0x00000011c1900000)]
  0x00000183a8cce9e0 JavaThread "Unconstrained build operations Thread 61" [_thread_blocked, id=26488, stack(0x00000011c1900000,0x00000011c1a00000)]
  0x00000183a1aba430 JavaThread "Unconstrained build operations Thread 62" [_thread_blocked, id=22452, stack(0x00000011c1a00000,0x00000011c1b00000)]
  0x00000183a1ab8280 JavaThread "Unconstrained build operations Thread 63" [_thread_blocked, id=25624, stack(0x00000011c1b00000,0x00000011c1c00000)]
  0x00000183a1abd450 JavaThread "Unconstrained build operations Thread 64" [_thread_blocked, id=940, stack(0x00000011c1c00000,0x00000011c1d00000)]
  0x00000183a1abadd0 JavaThread "Unconstrained build operations Thread 65" [_thread_blocked, id=25244, stack(0x00000011c1d00000,0x00000011c1e00000)]
  0x00000183a1abd920 JavaThread "Unconstrained build operations Thread 66" [_thread_blocked, id=15468, stack(0x00000011c1e00000,0x00000011c1f00000)]
  0x00000183a1abddf0 JavaThread "Unconstrained build operations Thread 67" [_thread_blocked, id=2172, stack(0x00000011c1f00000,0x00000011c2000000)]
  0x00000183a1abcab0 JavaThread "Unconstrained build operations Thread 68" [_thread_blocked, id=25060, stack(0x00000011c2000000,0x00000011c2100000)]
  0x00000183a1ab95c0 JavaThread "Unconstrained build operations Thread 69" [_thread_blocked, id=19832, stack(0x00000011c2100000,0x00000011c2200000)]
  0x00000183a1abf130 JavaThread "Unconstrained build operations Thread 70" [_thread_blocked, id=25620, stack(0x00000011c2200000,0x00000011c2300000)]
  0x00000183a1ab9f60 JavaThread "Unconstrained build operations Thread 71" [_thread_blocked, id=24764, stack(0x00000011c2300000,0x00000011c2400000)]
  0x00000183a1abcf80 JavaThread "Unconstrained build operations Thread 72" [_thread_blocked, id=24068, stack(0x00000011c2400000,0x00000011c2500000)]
  0x00000183a1aba900 JavaThread "Unconstrained build operations Thread 73" [_thread_blocked, id=14720, stack(0x00000011c2500000,0x00000011c2600000)]
  0x00000183a1abc5e0 JavaThread "Unconstrained build operations Thread 74" [_thread_blocked, id=26056, stack(0x00000011c2600000,0x00000011c2700000)]
  0x00000183a1ab7db0 JavaThread "Unconstrained build operations Thread 75" [_thread_blocked, id=13672, stack(0x00000011c2700000,0x00000011c2800000)]
  0x00000183a1abec60 JavaThread "Unconstrained build operations Thread 76" [_thread_blocked, id=6064, stack(0x00000011c2800000,0x00000011c2900000)]
  0x00000183a1abf600 JavaThread "Unconstrained build operations Thread 77" [_thread_blocked, id=23176, stack(0x00000011c2900000,0x00000011c2a00000)]
  0x00000183a1abb2a0 JavaThread "Unconstrained build operations Thread 78" [_thread_blocked, id=18148, stack(0x00000011c2a00000,0x00000011c2b00000)]
  0x00000183a1abe2c0 JavaThread "Unconstrained build operations Thread 79" [_thread_blocked, id=26384, stack(0x00000011c2b00000,0x00000011c2c00000)]
  0x00000183a1abe790 JavaThread "Unconstrained build operations Thread 80" [_thread_blocked, id=23192, stack(0x00000011c2c00000,0x00000011c2d00000)]

Other Threads:
=>0x00000183a0405370 VMThread "VM Thread" [stack: 0x00000011ba700000,0x00000011ba800000] [id=11756]
  0x0000018386630d20 WatcherThread [stack: 0x00000011bb300000,0x00000011bb400000] [id=24732]
  0x0000018386614520 GCTaskThread "GC Thread#0" [stack: 0x00000011ba200000,0x00000011ba300000] [id=16884]
  0x00000183a1ea90c0 GCTaskThread "GC Thread#1" [stack: 0x00000011bb600000,0x00000011bb700000] [id=12376]
  0x00000183a1c841d0 GCTaskThread "GC Thread#2" [stack: 0x00000011bb700000,0x00000011bb800000] [id=13852]
  0x00000183a1c84480 GCTaskThread "GC Thread#3" [stack: 0x00000011bb800000,0x00000011bb900000] [id=19996]
  0x00000183a1c84730 GCTaskThread "GC Thread#4" [stack: 0x00000011bb900000,0x00000011bba00000] [id=5916]
  0x00000183a1c85600 GCTaskThread "GC Thread#5" [stack: 0x00000011bba00000,0x00000011bbb00000] [id=26888]
  0x00000183a4268c20 GCTaskThread "GC Thread#6" [stack: 0x00000011bc300000,0x00000011bc400000] [id=25744]
  0x00000183a4269430 GCTaskThread "GC Thread#7" [stack: 0x00000011bc400000,0x00000011bc500000] [id=8692]
  0x0000018386625c00 ConcurrentGCThread "G1 Main Marker" [stack: 0x00000011ba300000,0x00000011ba400000] [id=8876]
  0x0000018386626610 ConcurrentGCThread "G1 Conc#0" [stack: 0x00000011ba400000,0x00000011ba500000] [id=17184]
  0x00000183a4269180 ConcurrentGCThread "G1 Conc#1" [stack: 0x00000011bc500000,0x00000011bc600000] [id=8096]
  0x000001838667db50 ConcurrentGCThread "G1 Refine#0" [stack: 0x00000011ba500000,0x00000011ba600000] [id=27596]
  0x000001838667e570 ConcurrentGCThread "G1 Service" [stack: 0x00000011ba600000,0x00000011ba700000] [id=23752]

Threads with active compile tasks:
C1 CompilerThread0    14248 6297       1       groovyjarjarantlr4.v4.runtime.atn.StarLoopEntryState::getStateType (3 bytes)

VM state: at safepoint (normal execution)

VM Mutex/Monitor currently owned by a thread:  ([mutex/lock_event])
[0x00000183865b3290] Threads_lock - owner thread: 0x00000183a0405370
[0x00000183865b3560] Heap_lock - owner thread: 0x0000018386625c00

Heap address: 0x0000000080000000, size: 2048 MB, Compressed Oops mode: 32-bit

CDS archive(s) not mapped
Compressed class space mapped at: 0x0000000100000000-0x0000000140000000, reserved size: 1073741824
Narrow klass base: 0x0000000000000000, Narrow klass shift: 3, Narrow klass range: 0x140000000

GC Precious Log:
 CPUs: 8 total, 8 available
 Memory: 16003M
 Large Page Support: Disabled
 NUMA Support: Disabled
 Compressed Oops: Enabled (32-bit)
 Heap Region Size: 1M
 Heap Min Capacity: 8M
 Heap Initial Capacity: 252M
 Heap Max Capacity: 2G
 Pre-touch: Disabled
 Parallel Workers: 8
 Concurrent Workers: 2
 Concurrent Refinement Workers: 8
 Periodic GC: Disabled

Heap:
 garbage-first heap   total 128000K, used 80466K [0x0000000080000000, 0x0000000100000000)
  region size 1024K, 6 young (6144K), 3 survivors (3072K)
 Metaspace       used 57170K, committed 57792K, reserved 1105920K
  class space    used 7738K, committed 8000K, reserved 1048576K

Heap Regions: E=young(eden), S=young(survivor), O=old, HS=humongous(starts), HC=humongous(continues), CS=collection set, F=free, OA=open archive, CA=closed archive, TAMS=top-at-mark-start (previous, next)
|   0|0x0000000080000000, 0x0000000080100000, 0x0000000080100000|100%|HS|  |TAMS 0x0000000080100000, 0x0000000080000000| Complete 
|   1|0x0000000080100000, 0x0000000080200000, 0x0000000080200000|100%|HC|  |TAMS 0x0000000080200000, 0x0000000080100000| Complete 
|   2|0x0000000080200000, 0x0000000080300000, 0x0000000080300000|100%|HC|  |TAMS 0x0000000080300000, 0x0000000080200000| Complete 
|   3|0x0000000080300000, 0x0000000080400000, 0x0000000080400000|100%|HC|  |TAMS 0x0000000080400000, 0x0000000080300000| Complete 
|   4|0x0000000080400000, 0x0000000080500000, 0x0000000080500000|100%| O|  |TAMS 0x0000000080500000, 0x0000000080400000| Untracked 
|   5|0x0000000080500000, 0x0000000080600000, 0x0000000080600000|100%| O|  |TAMS 0x0000000080600000, 0x0000000080500000| Updating 
|   6|0x0000000080600000, 0x0000000080700000, 0x0000000080700000|100%| O|  |TAMS 0x0000000080700000, 0x0000000080600000| Untracked 
|   7|0x0000000080700000, 0x0000000080800000, 0x0000000080800000|100%| O|  |TAMS 0x0000000080800000, 0x0000000080700000| Untracked 
|   8|0x0000000080800000, 0x0000000080900000, 0x0000000080900000|100%| O|  |TAMS 0x0000000080900000, 0x0000000080800000| Updating 
|   9|0x0000000080900000, 0x0000000080a00000, 0x0000000080a00000|100%| O|  |TAMS 0x0000000080a00000, 0x0000000080900000| Untracked 
|  10|0x0000000080a00000, 0x0000000080b00000, 0x0000000080b00000|100%| O|  |TAMS 0x0000000080b00000, 0x0000000080a00000| Untracked 
|  11|0x0000000080b00000, 0x0000000080b00000, 0x0000000080c00000|  0%| F|  |TAMS 0x0000000080b00000, 0x0000000080b00000| Untracked 
|  12|0x0000000080c00000, 0x0000000080d00000, 0x0000000080d00000|100%| O|  |TAMS 0x0000000080d00000, 0x0000000080c00000| Untracked 
|  13|0x0000000080d00000, 0x0000000080e00000, 0x0000000080e00000|100%| O|  |TAMS 0x0000000080e00000, 0x0000000080d00000| Untracked 
|  14|0x0000000080e00000, 0x0000000080f00000, 0x0000000080f00000|100%| O|  |TAMS 0x0000000080f00000, 0x0000000080e00000| Updating 
|  15|0x0000000080f00000, 0x0000000081000000, 0x0000000081000000|100%| O|  |TAMS 0x0000000081000000, 0x0000000080f00000| Untracked 
|  16|0x0000000081000000, 0x0000000081100000, 0x0000000081100000|100%| O|  |TAMS 0x0000000081100000, 0x0000000081000000| Untracked 
|  17|0x0000000081100000, 0x0000000081200000, 0x0000000081200000|100%| O|  |TAMS 0x0000000081200000, 0x0000000081100000| Untracked 
|  18|0x0000000081200000, 0x0000000081300000, 0x0000000081300000|100%| O|  |TAMS 0x0000000081300000, 0x0000000081200000| Untracked 
|  19|0x0000000081300000, 0x0000000081400000, 0x0000000081400000|100%|HS|  |TAMS 0x0000000081400000, 0x0000000081300000| Complete 
|  20|0x0000000081400000, 0x0000000081500000, 0x0000000081500000|100%|HC|  |TAMS 0x0000000081500000, 0x0000000081400000| Complete 
|  21|0x0000000081500000, 0x0000000081600000, 0x0000000081600000|100%|HS|  |TAMS 0x0000000081600000, 0x0000000081500000| Complete 
|  22|0x0000000081600000, 0x0000000081700000, 0x0000000081700000|100%|HC|  |TAMS 0x0000000081700000, 0x0000000081600000| Complete 
|  23|0x0000000081700000, 0x0000000081800000, 0x0000000081800000|100%|HC|  |TAMS 0x0000000081800000, 0x0000000081700000| Complete 
|  24|0x0000000081800000, 0x0000000081900000, 0x0000000081900000|100%| O|  |TAMS 0x0000000081900000, 0x0000000081800000| Untracked 
|  25|0x0000000081900000, 0x0000000081a00000, 0x0000000081a00000|100%| O|  |TAMS 0x0000000081a00000, 0x0000000081900000| Untracked 
|  26|0x0000000081a00000, 0x0000000081b00000, 0x0000000081b00000|100%| O|  |TAMS 0x0000000081b00000, 0x0000000081a00000| Untracked 
|  27|0x0000000081b00000, 0x0000000081c00000, 0x0000000081c00000|100%|HS|  |TAMS 0x0000000081c00000, 0x0000000081b00000| Complete 
|  28|0x0000000081c00000, 0x0000000081d00000, 0x0000000081d00000|100%|HC|  |TAMS 0x0000000081d00000, 0x0000000081c00000| Complete 
|  29|0x0000000081d00000, 0x0000000081e00000, 0x0000000081e00000|100%|HC|  |TAMS 0x0000000081e00000, 0x0000000081d00000| Complete 
|  30|0x0000000081e00000, 0x0000000081f00000, 0x0000000081f00000|100%| O|  |TAMS 0x0000000081f00000, 0x0000000081e00000| Untracked 
|  31|0x0000000081f00000, 0x0000000082000000, 0x0000000082000000|100%| O|  |TAMS 0x0000000082000000, 0x0000000081f00000| Updating 
|  32|0x0000000082000000, 0x0000000082100000, 0x0000000082100000|100%| O|  |TAMS 0x0000000082100000, 0x0000000082000000| Updating 
|  33|0x0000000082100000, 0x0000000082200000, 0x0000000082200000|100%| O|  |TAMS 0x0000000082200000, 0x0000000082100000| Updating 
|  34|0x0000000082200000, 0x0000000082300000, 0x0000000082300000|100%|HS|  |TAMS 0x0000000082300000, 0x0000000082200000| Complete 
|  35|0x0000000082300000, 0x0000000082400000, 0x0000000082400000|100%|HC|  |TAMS 0x0000000082400000, 0x0000000082300000| Complete 
|  36|0x0000000082400000, 0x0000000082500000, 0x0000000082500000|100%| O|  |TAMS 0x0000000082500000, 0x0000000082400000| Untracked 
|  37|0x0000000082500000, 0x0000000082600000, 0x0000000082600000|100%| O|  |TAMS 0x0000000082600000, 0x0000000082500000| Untracked 
|  38|0x0000000082600000, 0x0000000082700000, 0x0000000082700000|100%| O|  |TAMS 0x0000000082700000, 0x0000000082600000| Untracked 
|  39|0x0000000082700000, 0x0000000082800000, 0x0000000082800000|100%| O|  |TAMS 0x0000000082800000, 0x0000000082700000| Untracked 
|  40|0x0000000082800000, 0x0000000082900000, 0x0000000082900000|100%| O|  |TAMS 0x0000000082900000, 0x0000000082800000| Untracked 
|  41|0x0000000082900000, 0x0000000082a00000, 0x0000000082a00000|100%| O|  |TAMS 0x0000000082a00000, 0x0000000082900000| Untracked 
|  42|0x0000000082a00000, 0x0000000082b00000, 0x0000000082b00000|100%| O|  |TAMS 0x0000000082b00000, 0x0000000082a00000| Updating 
|  43|0x0000000082b00000, 0x0000000082c00000, 0x0000000082c00000|100%| O|  |TAMS 0x0000000082c00000, 0x0000000082b00000| Untracked 
|  44|0x0000000082c00000, 0x0000000082d00000, 0x0000000082d00000|100%| O|  |TAMS 0x0000000082d00000, 0x0000000082c00000| Untracked 
|  45|0x0000000082d00000, 0x0000000082e00000, 0x0000000082e00000|100%|HS|  |TAMS 0x0000000082e00000, 0x0000000082d00000| Complete 
|  46|0x0000000082e00000, 0x0000000082f00000, 0x0000000082f00000|100%|HC|  |TAMS 0x0000000082f00000, 0x0000000082e00000| Complete 
|  47|0x0000000082f00000, 0x0000000083000000, 0x0000000083000000|100%|HC|  |TAMS 0x0000000083000000, 0x0000000082f00000| Complete 
|  48|0x0000000083000000, 0x0000000083100000, 0x0000000083100000|100%|HC|  |TAMS 0x0000000083100000, 0x0000000083000000| Complete 
|  49|0x0000000083100000, 0x0000000083200000, 0x0000000083200000|100%|HC|  |TAMS 0x0000000083200000, 0x0000000083100000| Complete 
|  50|0x0000000083200000, 0x0000000083300000, 0x0000000083300000|100%|HC|  |TAMS 0x0000000083300000, 0x0000000083200000| Complete 
|  51|0x0000000083300000, 0x0000000083400000, 0x0000000083400000|100%|HC|  |TAMS 0x0000000083400000, 0x0000000083300000| Complete 
|  52|0x0000000083400000, 0x0000000083500000, 0x0000000083500000|100%|HC|  |TAMS 0x0000000083500000, 0x0000000083400000| Complete 
|  53|0x0000000083500000, 0x0000000083600000, 0x0000000083600000|100%|HC|  |TAMS 0x0000000083600000, 0x0000000083500000| Complete 
|  54|0x0000000083600000, 0x0000000083700000, 0x0000000083700000|100%|HC|  |TAMS 0x0000000083700000, 0x0000000083600000| Complete 
|  55|0x0000000083700000, 0x0000000083800000, 0x0000000083800000|100%|HC|  |TAMS 0x0000000083800000, 0x0000000083700000| Complete 
|  56|0x0000000083800000, 0x0000000083900000, 0x0000000083900000|100%|HC|  |TAMS 0x0000000083900000, 0x0000000083800000| Complete 
|  57|0x0000000083900000, 0x0000000083a00000, 0x0000000083a00000|100%|HS|  |TAMS 0x0000000083a00000, 0x0000000083900000| Complete 
|  58|0x0000000083a00000, 0x0000000083b00000, 0x0000000083b00000|100%|HC|  |TAMS 0x0000000083b00000, 0x0000000083a00000| Complete 
|  59|0x0000000083b00000, 0x0000000083c00000, 0x0000000083c00000|100%|HC|  |TAMS 0x0000000083c00000, 0x0000000083b00000| Complete 
|  60|0x0000000083c00000, 0x0000000083d00000, 0x0000000083d00000|100%|HS|  |TAMS 0x0000000083d00000, 0x0000000083c00000| Complete 
|  61|0x0000000083d00000, 0x0000000083e00000, 0x0000000083e00000|100%|HC|  |TAMS 0x0000000083e00000, 0x0000000083d00000| Complete 
|  62|0x0000000083e00000, 0x0000000083f00000, 0x0000000083f00000|100%|HC|  |TAMS 0x0000000083f00000, 0x0000000083e00000| Complete 
|  63|0x0000000083f00000, 0x0000000084000000, 0x0000000084000000|100%| O|  |TAMS 0x0000000084000000, 0x0000000083f00000| Untracked 
|  64|0x0000000084000000, 0x0000000084100000, 0x0000000084100000|100%| O|  |TAMS 0x0000000084100000, 0x0000000084000000| Untracked 
|  65|0x0000000084100000, 0x0000000084200000, 0x0000000084200000|100%| O|  |TAMS 0x0000000084200000, 0x0000000084100000| Untracked 
|  66|0x0000000084200000, 0x0000000084300000, 0x0000000084300000|100%| O|  |TAMS 0x0000000084300000, 0x0000000084200000| Untracked 
|  67|0x0000000084300000, 0x0000000084400000, 0x0000000084400000|100%| O|  |TAMS 0x0000000084400000, 0x0000000084300000| Updating 
|  68|0x0000000084400000, 0x0000000084500000, 0x0000000084500000|100%| O|  |TAMS 0x0000000084500000, 0x0000000084400000| Untracked 
|  69|0x0000000084500000, 0x0000000084600000, 0x0000000084600000|100%| O|  |TAMS 0x0000000084600000, 0x0000000084500000| Updating 
|  70|0x0000000084600000, 0x0000000084700000, 0x0000000084700000|100%| O|  |TAMS 0x0000000084700000, 0x0000000084600000| Updating 
|  71|0x0000000084700000, 0x0000000084800000, 0x0000000084800000|100%| O|  |TAMS 0x0000000084800000, 0x0000000084700000| Untracked 
|  72|0x0000000084800000, 0x0000000084900000, 0x0000000084900000|100%| O|  |TAMS 0x0000000084900000, 0x0000000084800000| Untracked 
|  73|0x0000000084900000, 0x0000000084a00000, 0x0000000084a00000|100%| O|  |TAMS 0x0000000084a00000, 0x0000000084900000| Untracked 
|  74|0x0000000084a00000, 0x0000000084abb000, 0x0000000084b00000| 73%| O|  |TAMS 0x0000000084abb000, 0x0000000084a00000| Updating 
|  75|0x0000000084b00000, 0x0000000084b00000, 0x0000000084c00000|  0%| F|  |TAMS 0x0000000084b00000, 0x0000000084b00000| Untracked 
|  76|0x0000000084c00000, 0x0000000084c00000, 0x0000000084d00000|  0%| F|  |TAMS 0x0000000084c00000, 0x0000000084c00000| Untracked 
|  77|0x0000000084d00000, 0x0000000084d00000, 0x0000000084e00000|  0%| F|  |TAMS 0x0000000084d00000, 0x0000000084d00000| Untracked 
|  78|0x0000000084e00000, 0x0000000084e00000, 0x0000000084f00000|  0%| F|  |TAMS 0x0000000084e00000, 0x0000000084e00000| Untracked 
|  79|0x0000000084f00000, 0x0000000084f00000, 0x0000000085000000|  0%| F|  |TAMS 0x0000000084f00000, 0x0000000084f00000| Untracked 
|  80|0x0000000085000000, 0x0000000085000000, 0x0000000085100000|  0%| F|  |TAMS 0x0000000085000000, 0x0000000085000000| Untracked 
|  81|0x0000000085100000, 0x0000000085100000, 0x0000000085200000|  0%| F|  |TAMS 0x0000000085100000, 0x0000000085100000| Untracked 
|  82|0x0000000085200000, 0x0000000085200000, 0x0000000085300000|  0%| F|  |TAMS 0x0000000085200000, 0x0000000085200000| Untracked 
|  83|0x0000000085300000, 0x0000000085300000, 0x0000000085400000|  0%| F|  |TAMS 0x0000000085300000, 0x0000000085300000| Untracked 
|  84|0x0000000085400000, 0x0000000085400000, 0x0000000085500000|  0%| F|  |TAMS 0x0000000085400000, 0x0000000085400000| Untracked 
|  85|0x0000000085500000, 0x0000000085500000, 0x0000000085600000|  0%| F|  |TAMS 0x0000000085500000, 0x0000000085500000| Untracked 
|  86|0x0000000085600000, 0x0000000085600000, 0x0000000085700000|  0%| F|  |TAMS 0x0000000085600000, 0x0000000085600000| Untracked 
|  87|0x0000000085700000, 0x0000000085700000, 0x0000000085800000|  0%| F|  |TAMS 0x0000000085700000, 0x0000000085700000| Untracked 
|  88|0x0000000085800000, 0x0000000085800000, 0x0000000085900000|  0%| F|  |TAMS 0x0000000085800000, 0x0000000085800000| Untracked 
|  89|0x0000000085900000, 0x0000000085900000, 0x0000000085a00000|  0%| F|  |TAMS 0x0000000085900000, 0x0000000085900000| Untracked 
|  90|0x0000000085a00000, 0x0000000085a00000, 0x0000000085b00000|  0%| F|  |TAMS 0x0000000085a00000, 0x0000000085a00000| Untracked 
|  91|0x0000000085b00000, 0x0000000085b00000, 0x0000000085c00000|  0%| F|  |TAMS 0x0000000085b00000, 0x0000000085b00000| Untracked 
|  92|0x0000000085c00000, 0x0000000085c00000, 0x0000000085d00000|  0%| F|  |TAMS 0x0000000085c00000, 0x0000000085c00000| Untracked 
|  93|0x0000000085d00000, 0x0000000085d00000, 0x0000000085e00000|  0%| F|  |TAMS 0x0000000085d00000, 0x0000000085d00000| Untracked 
|  94|0x0000000085e00000, 0x0000000085e00000, 0x0000000085f00000|  0%| F|  |TAMS 0x0000000085e00000, 0x0000000085e00000| Untracked 
|  95|0x0000000085f00000, 0x0000000085fd99e0, 0x0000000086000000| 85%| S|CS|TAMS 0x0000000085f00000, 0x0000000085f00000| Complete 
|  96|0x0000000086000000, 0x0000000086100000, 0x0000000086100000|100%| S|CS|TAMS 0x0000000086000000, 0x0000000086000000| Complete 
|  97|0x0000000086100000, 0x0000000086200000, 0x0000000086200000|100%| S|CS|TAMS 0x0000000086100000, 0x0000000086100000| Complete 
|  98|0x0000000086200000, 0x0000000086200000, 0x0000000086300000|  0%| F|  |TAMS 0x0000000086200000, 0x0000000086200000| Untracked 
|  99|0x0000000086300000, 0x0000000086300000, 0x0000000086400000|  0%| F|  |TAMS 0x0000000086300000, 0x0000000086300000| Untracked 
| 100|0x0000000086400000, 0x0000000086400000, 0x0000000086500000|  0%| F|  |TAMS 0x0000000086400000, 0x0000000086400000| Untracked 
| 101|0x0000000086500000, 0x0000000086500000, 0x0000000086600000|  0%| F|  |TAMS 0x0000000086500000, 0x0000000086500000| Untracked 
| 102|0x0000000086600000, 0x0000000086600000, 0x0000000086700000|  0%| F|  |TAMS 0x0000000086600000, 0x0000000086600000| Untracked 
| 103|0x0000000086700000, 0x0000000086700000, 0x0000000086800000|  0%| F|  |TAMS 0x0000000086700000, 0x0000000086700000| Untracked 
| 104|0x0000000086800000, 0x0000000086800000, 0x0000000086900000|  0%| F|  |TAMS 0x0000000086800000, 0x0000000086800000| Untracked 
| 105|0x0000000086900000, 0x0000000086900000, 0x0000000086a00000|  0%| F|  |TAMS 0x0000000086900000, 0x0000000086900000| Untracked 
| 106|0x0000000086a00000, 0x0000000086a00000, 0x0000000086b00000|  0%| F|  |TAMS 0x0000000086a00000, 0x0000000086a00000| Untracked 
| 107|0x0000000086b00000, 0x0000000086b00000, 0x0000000086c00000|  0%| F|  |TAMS 0x0000000086b00000, 0x0000000086b00000| Untracked 
| 108|0x0000000086c00000, 0x0000000086c00000, 0x0000000086d00000|  0%| F|  |TAMS 0x0000000086c00000, 0x0000000086c00000| Untracked 
| 109|0x0000000086d00000, 0x0000000086d00000, 0x0000000086e00000|  0%| F|  |TAMS 0x0000000086d00000, 0x0000000086d00000| Untracked 
| 110|0x0000000086e00000, 0x0000000086e00000, 0x0000000086f00000|  0%| F|  |TAMS 0x0000000086e00000, 0x0000000086e00000| Untracked 
| 111|0x0000000086f00000, 0x0000000086f00000, 0x0000000087000000|  0%| F|  |TAMS 0x0000000086f00000, 0x0000000086f00000| Untracked 
| 112|0x0000000087000000, 0x0000000087000000, 0x0000000087100000|  0%| F|  |TAMS 0x0000000087000000, 0x0000000087000000| Untracked 
| 113|0x0000000087100000, 0x0000000087100000, 0x0000000087200000|  0%| F|  |TAMS 0x0000000087100000, 0x0000000087100000| Untracked 
| 114|0x0000000087200000, 0x0000000087200000, 0x0000000087300000|  0%| F|  |TAMS 0x0000000087200000, 0x0000000087200000| Untracked 
| 115|0x0000000087300000, 0x0000000087300000, 0x0000000087400000|  0%| F|  |TAMS 0x0000000087300000, 0x0000000087300000| Untracked 
| 203|0x000000008cb00000, 0x000000008cb00000, 0x000000008cc00000|  0%| F|  |TAMS 0x000000008cb00000, 0x000000008cb00000| Untracked 
| 204|0x000000008cc00000, 0x000000008cc00000, 0x000000008cd00000|  0%| F|  |TAMS 0x000000008cc00000, 0x000000008cc00000| Untracked 
| 205|0x000000008cd00000, 0x000000008cd00000, 0x000000008ce00000|  0%| F|  |TAMS 0x000000008cd00000, 0x000000008cd00000| Untracked 
| 206|0x000000008ce00000, 0x000000008ce00000, 0x000000008cf00000|  0%| F|  |TAMS 0x000000008ce00000, 0x000000008ce00000| Untracked 
| 207|0x000000008cf00000, 0x000000008cf00000, 0x000000008d000000|  0%| F|  |TAMS 0x000000008cf00000, 0x000000008cf00000| Untracked 
| 208|0x000000008d000000, 0x000000008d000000, 0x000000008d100000|  0%| F|  |TAMS 0x000000008d000000, 0x000000008d000000| Untracked 
| 209|0x000000008d100000, 0x000000008d153550, 0x000000008d200000| 32%| E|  |TAMS 0x000000008d100000, 0x000000008d100000| Complete 
| 210|0x000000008d200000, 0x000000008d300000, 0x000000008d300000|100%| E|CS|TAMS 0x000000008d200000, 0x000000008d200000| Complete 
| 251|0x000000008fb00000, 0x000000008fc00000, 0x000000008fc00000|100%| E|CS|TAMS 0x000000008fb00000, 0x000000008fb00000| Complete 

Card table byte_map: [0x00000183991b0000,0x00000183995b0000] _byte_map_base: 0x0000018398db0000

Marking Bits (Prev, Next): (CMBitMap*) 0x0000018386614b70, (CMBitMap*) 0x0000018386614b30
 Prev Bits: [0x000001839b9b0000, 0x000001839d9b0000)
 Next Bits: [0x00000183999b0000, 0x000001839b9b0000)

Polling page: 0x00000183844e0000

Metaspace:

Usage:
  Non-class:     48.27 MB used.
      Class:      7.56 MB used.
       Both:     55.83 MB used.

Virtual space:
  Non-class space:       56.00 MB reserved,      48.62 MB ( 87%) committed,  7 nodes.
      Class space:        1.00 GB reserved,       7.81 MB ( <1%) committed,  1 nodes.
             Both:        1.05 GB reserved,      56.44 MB (  5%) committed. 

Chunk freelists:
   Non-Class:  2.48 MB
       Class:  80.00 KB
        Both:  2.56 MB

MaxMetaspaceSize: unlimited
CompressedClassSpaceSize: 1.00 GB
Initial GC threshold: 21.00 MB
Current GC threshold: 86.25 MB
CDS: off
MetaspaceReclaimPolicy: balanced
 - commit_granule_bytes: 65536.
 - commit_granule_words: 8192.
 - virtual_space_node_default_size: 1048576.
 - enlarge_chunks_in_place: 1.
 - new_chunks_are_fully_committed: 0.
 - uncommit_free_chunks: 1.
 - use_allocation_guard: 0.
 - handle_deallocations: 1.


Internal statistics:

num_allocs_failed_limit: 3.
num_arena_births: 576.
num_arena_deaths: 0.
num_vsnodes_births: 8.
num_vsnodes_deaths: 0.
num_space_committed: 903.
num_space_uncommitted: 0.
num_chunks_returned_to_freelist: 3.
num_chunks_taken_from_freelist: 2464.
num_chunk_merges: 3.
num_chunk_splits: 1630.
num_chunks_enlarged: 1105.
num_purges: 0.
num_inconsistent_stats: 0.

CodeHeap 'non-profiled nmethods': size=120000Kb used=2925Kb max_used=3329Kb free=117074Kb
 bounds [0x0000018391550000, 0x00000183918a0000, 0x0000018398a80000]
CodeHeap 'profiled nmethods': size=120000Kb used=10374Kb max_used=10578Kb free=109626Kb
 bounds [0x0000018389a80000, 0x000001838a4e0000, 0x0000018390fb0000]
CodeHeap 'non-nmethods': size=5760Kb used=2326Kb max_used=2447Kb free=3433Kb
 bounds [0x0000018390fb0000, 0x0000018391220000, 0x0000018391550000]
 total_blobs=6359 nmethods=5516 adapters=755
 compilation: enabled
              stopped_count=0, restarted_count=0
 full_count=0

Compilation events (20 events):
Event: 14.192 Thread 0x00000183a1099260 nmethod 6287 0x0000018389ab6590 code [0x0000018389ab6720, 0x0000018389ab6878]
Event: 14.192 Thread 0x00000183a1099260 6288       3       groovyjarjarantlr4.v4.runtime.dfa.EmptyEdgeMap::<init> (7 bytes)
Event: 14.192 Thread 0x00000183a1099260 nmethod 6288 0x0000018389ab6210 code [0x0000018389ab63a0, 0x0000018389ab64e8]
Event: 14.192 Thread 0x00000183a1099260 6289       3       groovyjarjarantlr4.v4.runtime.dfa.AbstractEdgeMap::<init> (37 bytes)
Event: 14.192 Thread 0x00000183a1099260 nmethod 6289 0x0000018389ab5e10 code [0x0000018389ab5fa0, 0x0000018389ab6118]
Event: 14.192 Thread 0x00000183a1099260 6290       3       groovyjarjarantlr4.v4.runtime.dfa.DFA::<init> (232 bytes)
Event: 14.194 Thread 0x00000183a1099260 nmethod 6290 0x0000018389ab3e10 code [0x0000018389ab4100, 0x0000018389ab5788]
Event: 14.194 Thread 0x00000183a1099260 6291       1       groovyjarjarantlr4.v4.runtime.atn.ATNState::setRuleIndex (6 bytes)
Event: 14.194 Thread 0x00000183a1099260 nmethod 6291 0x00000183915e8f90 code [0x00000183915e9120, 0x00000183915e91f8]
Event: 14.194 Thread 0x00000183a1099260 6292       1       groovyjarjarantlr4.v4.runtime.atn.AtomTransition::getSerializationType (2 bytes)
Event: 14.195 Thread 0x00000183a1099260 nmethod 6292 0x00000183915e8c90 code [0x00000183915e8e20, 0x00000183915e8ef8]
Event: 14.195 Thread 0x00000183a1099260 6293       1       groovyjarjarantlr4.v4.runtime.atn.BasicBlockStartState::getStateType (2 bytes)
Event: 14.195 Thread 0x00000183a1099260 nmethod 6293 0x00000183915e8810 code [0x00000183915e89a0, 0x00000183915e8a78]
Event: 14.195 Thread 0x00000183a1099260 6294       1       groovyjarjarantlr4.v4.runtime.atn.BlockEndState::getStateType (3 bytes)
Event: 14.195 Thread 0x00000183a1099260 nmethod 6294 0x00000183915e4690 code [0x00000183915e4820, 0x00000183915e48f8]
Event: 14.195 Thread 0x00000183a1099260 6295       3       groovyjarjarantlr4.v4.runtime.atn.ATNState::addOptimizedTransition (30 bytes)
Event: 14.195 Thread 0x00000183a1099260 nmethod 6295 0x0000018389ab3490 code [0x0000018389ab3680, 0x0000018389ab3c48]
Event: 14.196 Thread 0x00000183a1099260 6296       3       groovyjarjarantlr4.v4.runtime.misc.Interval::startsBeforeDisjoint (28 bytes)
Event: 14.196 Thread 0x00000183a1099260 nmethod 6296 0x0000018389ab3090 code [0x0000018389ab3220, 0x0000018389ab33d8]
Event: 14.198 Thread 0x00000183a1099260 6297       1       groovyjarjarantlr4.v4.runtime.atn.StarLoopEntryState::getStateType (3 bytes)

GC Heap History (20 events):
Event: 8.563 GC heap before
{Heap before GC invocations=12 (full 0):
 garbage-first heap   total 89088K, used 68594K [0x0000000080000000, 0x0000000100000000)
  region size 1024K, 20 young (20480K), 2 survivors (2048K)
 Metaspace       used 40293K, committed 40704K, reserved 1089536K
  class space    used 5434K, committed 5632K, reserved 1048576K
}
Event: 8.570 GC heap after
{Heap after GC invocations=13 (full 0):
 garbage-first heap   total 89088K, used 53796K [0x0000000080000000, 0x0000000100000000)
  region size 1024K, 3 young (3072K), 3 survivors (3072K)
 Metaspace       used 40293K, committed 40704K, reserved 1089536K
  class space    used 5434K, committed 5632K, reserved 1048576K
}
Event: 8.951 GC heap before
{Heap before GC invocations=14 (full 0):
 garbage-first heap   total 94208K, used 69156K [0x0000000080000000, 0x0000000100000000)
  region size 1024K, 19 young (19456K), 3 survivors (3072K)
 Metaspace       used 41700K, committed 42112K, reserved 1089536K
  class space    used 5577K, committed 5760K, reserved 1048576K
}
Event: 8.959 GC heap after
{Heap after GC invocations=15 (full 0):
 garbage-first heap   total 94208K, used 56317K [0x0000000080000000, 0x0000000100000000)
  region size 1024K, 3 young (3072K), 3 survivors (3072K)
 Metaspace       used 41700K, committed 42112K, reserved 1089536K
  class space    used 5577K, committed 5760K, reserved 1048576K
}
Event: 9.204 GC heap before
{Heap before GC invocations=15 (full 0):
 garbage-first heap   total 94208K, used 67581K [0x0000000080000000, 0x0000000100000000)
  region size 1024K, 16 young (16384K), 3 survivors (3072K)
 Metaspace       used 42168K, committed 42560K, reserved 1089536K
  class space    used 5623K, committed 5824K, reserved 1048576K
}
Event: 9.210 GC heap after
{Heap after GC invocations=16 (full 0):
 garbage-first heap   total 113664K, used 57037K [0x0000000080000000, 0x0000000100000000)
  region size 1024K, 2 young (2048K), 2 survivors (2048K)
 Metaspace       used 42168K, committed 42560K, reserved 1089536K
  class space    used 5623K, committed 5824K, reserved 1048576K
}
Event: 10.334 GC heap before
{Heap before GC invocations=17 (full 0):
 garbage-first heap   total 113664K, used 90829K [0x0000000080000000, 0x0000000100000000)
  region size 1024K, 33 young (33792K), 2 survivors (2048K)
 Metaspace       used 46619K, committed 47040K, reserved 1089536K
  class space    used 6192K, committed 6400K, reserved 1048576K
}
Event: 10.341 GC heap after
{Heap after GC invocations=18 (full 0):
 garbage-first heap   total 113664K, used 59588K [0x0000000080000000, 0x0000000100000000)
  region size 1024K, 5 young (5120K), 5 survivors (5120K)
 Metaspace       used 46619K, committed 47040K, reserved 1089536K
  class space    used 6192K, committed 6400K, reserved 1048576K
}
Event: 10.883 GC heap before
{Heap before GC invocations=19 (full 0):
 garbage-first heap   total 116736K, used 83140K [0x0000000080000000, 0x0000000100000000)
  region size 1024K, 24 young (24576K), 5 survivors (5120K)
 Metaspace       used 47958K, committed 48448K, reserved 1097728K
  class space    used 6357K, committed 6592K, reserved 1048576K
}
Event: 10.893 GC heap after
{Heap after GC invocations=20 (full 0):
 garbage-first heap   total 116736K, used 69193K [0x0000000080000000, 0x0000000100000000)
  region size 1024K, 4 young (4096K), 4 survivors (4096K)
 Metaspace       used 47958K, committed 48448K, reserved 1097728K
  class space    used 6357K, committed 6592K, reserved 1048576K
}
Event: 11.443 GC heap before
{Heap before GC invocations=21 (full 0):
 garbage-first heap   total 121856K, used 91721K [0x0000000080000000, 0x0000000100000000)
  region size 1024K, 25 young (25600K), 4 survivors (4096K)
 Metaspace       used 49787K, committed 50304K, reserved 1097728K
  class space    used 6535K, committed 6720K, reserved 1048576K
}
Event: 11.449 GC heap after
{Heap after GC invocations=22 (full 0):
 garbage-first heap   total 121856K, used 71651K [0x0000000080000000, 0x0000000100000000)
  region size 1024K, 3 young (3072K), 3 survivors (3072K)
 Metaspace       used 49787K, committed 50304K, reserved 1097728K
  class space    used 6535K, committed 6720K, reserved 1048576K
}
Event: 12.172 GC heap before
{Heap before GC invocations=22 (full 0):
 garbage-first heap   total 121856K, used 95203K [0x0000000080000000, 0x0000000100000000)
  region size 1024K, 26 young (26624K), 3 survivors (3072K)
 Metaspace       used 52334K, committed 52800K, reserved 1097728K
  class space    used 6985K, committed 7168K, reserved 1048576K
}
Event: 12.179 GC heap after
{Heap after GC invocations=23 (full 0):
 garbage-first heap   total 121856K, used 73509K [0x0000000080000000, 0x0000000100000000)
  region size 1024K, 2 young (2048K), 2 survivors (2048K)
 Metaspace       used 52334K, committed 52800K, reserved 1097728K
  class space    used 6985K, committed 7168K, reserved 1048576K
}
Event: 13.318 GC heap before
{Heap before GC invocations=24 (full 0):
 garbage-first heap   total 128000K, used 97061K [0x0000000080000000, 0x0000000100000000)
  region size 1024K, 25 young (25600K), 2 survivors (2048K)
 Metaspace       used 54472K, committed 55104K, reserved 1097728K
  class space    used 7274K, committed 7552K, reserved 1048576K
}
Event: 13.324 GC heap after
{Heap after GC invocations=25 (full 0):
 garbage-first heap   total 128000K, used 75690K [0x0000000080000000, 0x0000000100000000)
  region size 1024K, 4 young (4096K), 4 survivors (4096K)
 Metaspace       used 54472K, committed 55104K, reserved 1097728K
  class space    used 7274K, committed 7552K, reserved 1048576K
}
Event: 13.378 GC heap before
{Heap before GC invocations=25 (full 0):
 garbage-first heap   total 128000K, used 76714K [0x0000000080000000, 0x0000000100000000)
  region size 1024K, 6 young (6144K), 4 survivors (4096K)
 Metaspace       used 54558K, committed 55168K, reserved 1097728K
  class space    used 7292K, committed 7552K, reserved 1048576K
}
Event: 13.386 GC heap after
{Heap after GC invocations=26 (full 0):
 garbage-first heap   total 128000K, used 76417K [0x0000000080000000, 0x0000000100000000)
  region size 1024K, 1 young (1024K), 1 survivors (1024K)
 Metaspace       used 54558K, committed 55168K, reserved 1097728K
  class space    used 7292K, committed 7552K, reserved 1048576K
}
Event: 14.118 GC heap before
{Heap before GC invocations=26 (full 0):
 garbage-first heap   total 128000K, used 102017K [0x0000000080000000, 0x0000000100000000)
  region size 1024K, 27 young (27648K), 1 survivors (1024K)
 Metaspace       used 56843K, committed 57472K, reserved 1105920K
  class space    used 7643K, committed 7936K, reserved 1048576K
}
Event: 14.123 GC heap after
{Heap after GC invocations=27 (full 0):
 garbage-first heap   total 128000K, used 78418K [0x0000000080000000, 0x0000000100000000)
  region size 1024K, 3 young (3072K), 3 survivors (3072K)
 Metaspace       used 56843K, committed 57472K, reserved 1105920K
  class space    used 7643K, committed 7936K, reserved 1048576K
}

Dll operation events (2 events):
Event: 0.015 Loaded shared library C:\Program Files\Android\Android Studio1\jbr\bin\java.dll
Event: 0.753 Loaded shared library C:\Program Files\Android\Android Studio1\jbr\bin\verify.dll

Deoptimization events (20 events):
Event: 13.559 Thread 0x00000183a26e6810 DEOPT PACKING pc=0x000001838a084e43 sp=0x00000011bc9fe1b0
Event: 13.559 Thread 0x00000183a26e6810 DEOPT UNPACKING pc=0x0000018391007143 sp=0x00000011bc9fd638 mode 0
Event: 13.698 Thread 0x00000183a3737ce0 Uncommon trap: trap_request=0xffffff45 fr.pc=0x000001839158e1a4 relative=0x0000000000000664
Event: 13.698 Thread 0x00000183a3737ce0 Uncommon trap: reason=unstable_if action=reinterpret pc=0x000001839158e1a4 method=java.lang.AbstractStringBuilder.append(Ljava/lang/String;)Ljava/lang/AbstractStringBuilder; @ 1 c2
Event: 13.698 Thread 0x00000183a3737ce0 DEOPT PACKING pc=0x000001839158e1a4 sp=0x00000011bb5fe680
Event: 13.698 Thread 0x00000183a3737ce0 DEOPT UNPACKING pc=0x00000183910069a3 sp=0x00000011bb5fe600 mode 2
Event: 13.699 Thread 0x00000183a3737ce0 Uncommon trap: trap_request=0xffffff45 fr.pc=0x00000183915a57c4 relative=0x0000000000000684
Event: 13.699 Thread 0x00000183a3737ce0 Uncommon trap: reason=unstable_if action=reinterpret pc=0x00000183915a57c4 method=java.lang.AbstractStringBuilder.append(Ljava/lang/String;)Ljava/lang/AbstractStringBuilder; @ 1 c2
Event: 13.699 Thread 0x00000183a3737ce0 DEOPT PACKING pc=0x00000183915a57c4 sp=0x00000011bb5fe620
Event: 13.699 Thread 0x00000183a3737ce0 DEOPT UNPACKING pc=0x00000183910069a3 sp=0x00000011bb5fe608 mode 2
Event: 13.842 Thread 0x00000183a3785820 DEOPT PACKING pc=0x000001838a458dd1 sp=0x00000011bbff87d0
Event: 13.842 Thread 0x00000183a3785820 DEOPT UNPACKING pc=0x0000018391007143 sp=0x00000011bbff7cc8 mode 0
Event: 13.845 Thread 0x00000183a3785820 DEOPT PACKING pc=0x0000018389b0b113 sp=0x00000011bbff8850
Event: 13.845 Thread 0x00000183a3785820 DEOPT UNPACKING pc=0x0000018391007143 sp=0x00000011bbff7d88 mode 0
Event: 13.850 Thread 0x00000183a3785820 DEOPT PACKING pc=0x000001838a458dd1 sp=0x00000011bbff87d0
Event: 13.850 Thread 0x00000183a3785820 DEOPT UNPACKING pc=0x0000018391007143 sp=0x00000011bbff7cc8 mode 0
Event: 13.864 Thread 0x00000183a3785820 Uncommon trap: trap_request=0xffffffc6 fr.pc=0x00000183917a3b2c relative=0x0000000000003dcc
Event: 13.864 Thread 0x00000183a3785820 Uncommon trap: reason=bimorphic_or_optimized_type_check action=maybe_recompile pc=0x00000183917a3b2c method=java.util.AbstractCollection.addAll(Ljava/util/Collection;)Z @ 29 c2
Event: 13.864 Thread 0x00000183a3785820 DEOPT PACKING pc=0x00000183917a3b2c sp=0x00000011bbffac70
Event: 13.864 Thread 0x00000183a3785820 DEOPT UNPACKING pc=0x00000183910069a3 sp=0x00000011bbffac60 mode 2

Classes unloaded (0 events):
No events

Classes redefined (0 events):
No events

Internal exceptions (20 events):
Event: 12.146 Thread 0x00000183a3785820 Exception <a 'java/lang/ClassNotFoundException'{0x0000000085d4dea8}: org/gradle/plugin/use/internal/PluginRequestCollector$PluginDependencySpecImplBeanInfo> (0x0000000085d4dea8) 
thrown [s\src\hotspot\share\classfile\systemDictionary.cpp, line 256]
Event: 12.148 Thread 0x00000183a3785820 Exception <a 'java/lang/ClassNotFoundException'{0x0000000085d5fd30}: org/gradle/plugin/use/internal/PluginRequestCollector$PluginDependencySpecImplCustomizer> (0x0000000085d5fd30) 
thrown [s\src\hotspot\share\classfile\systemDictionary.cpp, line 256]
Event: 12.515 Thread 0x00000183a3785820 Exception <a 'java/lang/NoSuchMethodError'{0x000000008cb58128}: 'java.lang.Object java.lang.invoke.DirectMethodHandle$Holder.newInvokeSpecial(java.lang.Object, java.lang.Object, java.lang.Object, java.lang.Object, java.lang.Object, int)'> (0x000000008cb58128) 
thrown [s\src\hotspot\share\interpreter\linkResolver.cpp, line 771]
Event: 12.516 Thread 0x00000183a3785820 Exception <a 'java/lang/NoSuchMethodError'{0x000000008cb5d780}: 'java.lang.Object java.lang.invoke.DirectMethodHandle$Holder.invokeSpecial(java.lang.Object, java.lang.Object, java.lang.Object, java.lang.Object, java.lang.Object, java.lang.Object, int)'> (0x000000008cb5d780) 
thrown [s\src\hotspot\share\interpreter\linkResolver.cpp, line 771]
Event: 12.534 Thread 0x00000183a3785820 Exception <a 'java/lang/NoSuchMethodError'{0x000000008cbf7de0}: 'void java.lang.invoke.DirectMethodHandle$Holder.invokeStatic(java.lang.Object, java.lang.Object, java.lang.Object, int, java.lang.Object)'> (0x000000008cbf7de0) 
thrown [s\src\hotspot\share\interpreter\linkResolver.cpp, line 771]
Event: 12.580 Thread 0x00000183a3785820 Exception <a 'java/lang/NoSuchMethodError'{0x00000000873b41d8}: 'java.lang.Object java.lang.invoke.DelegatingMethodHandle$Holder.reinvoke_L(java.lang.Object, java.lang.Object, java.lang.Object, java.lang.Object, java.lang.Object, java.lang.Object, java.lang.Object, java.lang.Object, java.lang.Object, java.lang.Object, java.lang.Object, java.lang.Object, java.lang.Object, java.lang.Object, java.lang.Object, java.lang.Object, java.lang.Object, java.lang.Object, java.lang.Object, java.lang.Object, java.lang.O
Event: 12.582 Thread 0x00000183a3785820 Exception <a 'java/lang/NoSuchMethodError'{0x00000000873c01a0}: 'java.lang.Object java.lang.invoke.Invokers$Holder.invoker(java.lang.Object, java.lang.Object, java.lang.Object, java.lang.Object, java.lang.Object, java.lang.Object, java.lang.Object, java.lang.Object, java.lang.Object, java.lang.Object, java.lang.Object, java.lang.Object, java.lang.Object, java.lang.Object, java.lang.Object, java.lang.Object, java.lang.Object, java.lang.Object, java.lang.Object, java.lang.Object, java.lang.Object)'> (0x00000
Event: 12.582 Thread 0x00000183a3785820 Exception <a 'java/lang/NoSuchMethodError'{0x00000000873c73d0}: 'java.lang.Object java.lang.invoke.DelegatingMethodHandle$Holder.delegate(java.lang.Object, java.lang.Object, java.lang.Object, java.lang.Object, java.lang.Object, java.lang.Object, java.lang.Object, java.lang.Object, java.lang.Object, java.lang.Object, java.lang.Object, java.lang.Object, java.lang.Object, java.lang.Object, java.lang.Object, java.lang.Object, java.lang.Object, java.lang.Object, java.lang.Object, java.lang.Object, java.lang.Obj
Event: 12.595 Thread 0x00000183a3785820 Exception <a 'java/lang/NoSuchMethodError'{0x0000000087244da0}: 'java.lang.Object java.lang.invoke.DirectMethodHandle$Holder.invokeStatic(java.lang.Object, java.lang.Object, java.lang.Object, java.lang.Object, java.lang.Object, java.lang.Object, java.lang.Object, java.lang.Object, java.lang.Object, java.lang.Object, java.lang.Object, java.lang.Object, java.lang.Object, java.lang.Object, java.lang.Object, java.lang.Object, java.lang.Object)'> (0x0000000087244da0) 
thrown [s\src\hotspot\share\interpreter\lin
Event: 12.598 Thread 0x00000183a3785820 Exception <a 'java/lang/NoSuchMethodError'{0x000000008726cf48}: 'java.lang.Object java.lang.invoke.DirectMethodHandle$Holder.invokeStatic(java.lang.Object, java.lang.Object, java.lang.Object, java.lang.Object, java.lang.Object, java.lang.Object, java.lang.Object, java.lang.Object, java.lang.Object, java.lang.Object, java.lang.Object, java.lang.Object, java.lang.Object, java.lang.Object, java.lang.Object, java.lang.Object, java.lang.Object, java.lang.Object)'> (0x000000008726cf48) 
thrown [s\src\hotspot\sha
Event: 12.602 Thread 0x00000183a3785820 Exception <a 'java/lang/NoSuchMethodError'{0x0000000087295d38}: 'java.lang.Object java.lang.invoke.DirectMethodHandle$Holder.invokeStatic(java.lang.Object, java.lang.Object, java.lang.Object, java.lang.Object, java.lang.Object, java.lang.Object, java.lang.Object, java.lang.Object, java.lang.Object, java.lang.Object, java.lang.Object, java.lang.Object, java.lang.Object, java.lang.Object, java.lang.Object, java.lang.Object, java.lang.Object, java.lang.Object, java.lang.Object)'> (0x0000000087295d38) 
thrown 
Event: 12.607 Thread 0x00000183a3785820 Exception <a 'java/lang/NoSuchMethodError'{0x00000000872bfb90}: 'java.lang.Object java.lang.invoke.DirectMethodHandle$Holder.invokeStatic(java.lang.Object, java.lang.Object, java.lang.Object, java.lang.Object, java.lang.Object, java.lang.Object, java.lang.Object, java.lang.Object, java.lang.Object, java.lang.Object, java.lang.Object, java.lang.Object, java.lang.Object, java.lang.Object, java.lang.Object, java.lang.Object, java.lang.Object, java.lang.Object, java.lang.Object, java.lang.Object)'> (0x00000000
Event: 12.612 Thread 0x00000183a3785820 Exception <a 'java/lang/NoSuchMethodError'{0x00000000872eaa48}: 'java.lang.Object java.lang.invoke.DirectMethodHandle$Holder.invokeStatic(java.lang.Object, java.lang.Object, java.lang.Object, java.lang.Object, java.lang.Object, java.lang.Object, java.lang.Object, java.lang.Object, java.lang.Object, java.lang.Object, java.lang.Object, java.lang.Object, java.lang.Object, java.lang.Object, java.lang.Object, java.lang.Object, java.lang.Object, java.lang.Object, java.lang.Object, java.lang.Object, java.lang.Obj
Event: 12.616 Thread 0x00000183a3785820 Exception <a 'java/lang/NoSuchMethodError'{0x0000000087116aa0}: 'java.lang.Object java.lang.invoke.DirectMethodHandle$Holder.invokeStatic(java.lang.Object, java.lang.Object, java.lang.Object, java.lang.Object, java.lang.Object, java.lang.Object, java.lang.Object, java.lang.Object, java.lang.Object, java.lang.Object, java.lang.Object, java.lang.Object, java.lang.Object, java.lang.Object, java.lang.Object, java.lang.Object, java.lang.Object, java.lang.Object, java.lang.Object, java.lang.Object, java.lang.Obj
Event: 12.620 Thread 0x00000183a3785820 Exception <a 'java/lang/NoSuchMethodError'{0x0000000087143d90}: 'java.lang.Object java.lang.invoke.DirectMethodHandle$Holder.invokeStatic(java.lang.Object, java.lang.Object, java.lang.Object, java.lang.Object, java.lang.Object, java.lang.Object, java.lang.Object, java.lang.Object, java.lang.Object, java.lang.Object, java.lang.Object, java.lang.Object, java.lang.Object, java.lang.Object, java.lang.Object, java.lang.Object, java.lang.Object, java.lang.Object, java.lang.Object, java.lang.Object, java.lang.Obj
Event: 12.624 Thread 0x00000183a3785820 Exception <a 'java/lang/NoSuchMethodError'{0x0000000087172970}: 'java.lang.Object java.lang.invoke.DirectMethodHandle$Holder.invokeStatic(java.lang.Object, java.lang.Object, java.lang.Object, java.lang.Object, java.lang.Object, java.lang.Object, java.lang.Object, java.lang.Object, java.lang.Object, java.lang.Object, java.lang.Object, java.lang.Object, java.lang.Object, java.lang.Object, java.lang.Object, java.lang.Object, java.lang.Object, java.lang.Object, java.lang.Object, java.lang.Object, java.lang.Obj
Event: 13.329 Thread 0x00000183a3785820 Implicit null exception at 0x00000183916df6ef to 0x00000183916df94c
Event: 13.698 Thread 0x00000183a3737ce0 Implicit null exception at 0x000001839158db72 to 0x000001839158e18c
Event: 13.699 Thread 0x00000183a3737ce0 Implicit null exception at 0x00000183915a5172 to 0x00000183915a57ac
Event: 13.907 Thread 0x00000183a3785820 Exception <a 'java/lang/NoSuchMethodError'{0x0000000086a0c2c0}: 'void java.lang.invoke.DirectMethodHandle$Holder.invokeVirtual(java.lang.Object, java.lang.Object)'> (0x0000000086a0c2c0) 
thrown [s\src\hotspot\share\interpreter\linkResolver.cpp, line 771]

VM Operations (20 events):
Event: 12.892 Executing VM operation: HandshakeAllThreads done
Event: 12.912 Executing VM operation: HandshakeAllThreads
Event: 12.912 Executing VM operation: HandshakeAllThreads done
Event: 12.940 Executing VM operation: HandshakeAllThreads
Event: 12.940 Executing VM operation: HandshakeAllThreads done
Event: 13.059 Executing VM operation: ICBufferFull
Event: 13.059 Executing VM operation: ICBufferFull done
Event: 13.171 Executing VM operation: HandshakeAllThreads
Event: 13.171 Executing VM operation: HandshakeAllThreads done
Event: 13.318 Executing VM operation: G1CollectForAllocation
Event: 13.324 Executing VM operation: G1CollectForAllocation done
Event: 13.378 Executing VM operation: G1CollectForAllocation
Event: 13.386 Executing VM operation: G1CollectForAllocation done
Event: 13.710 Executing VM operation: HandshakeAllThreads
Event: 13.710 Executing VM operation: HandshakeAllThreads done
Event: 13.857 Executing VM operation: ICBufferFull
Event: 13.857 Executing VM operation: ICBufferFull done
Event: 14.118 Executing VM operation: G1CollectForAllocation
Event: 14.123 Executing VM operation: G1CollectForAllocation done
Event: 14.198 Executing VM operation: G1Concurrent

Events (20 events):
Event: 13.395 Thread 0x00000183a1abc5e0 Thread added: 0x00000183a1abc5e0
Event: 13.395 Thread 0x00000183a1ab7db0 Thread added: 0x00000183a1ab7db0
Event: 13.395 Thread 0x00000183a1abec60 Thread added: 0x00000183a1abec60
Event: 13.396 Thread 0x00000183a1abf600 Thread added: 0x00000183a1abf600
Event: 13.396 Thread 0x00000183a1abb2a0 Thread added: 0x00000183a1abb2a0
Event: 13.397 Thread 0x00000183a1abe2c0 Thread added: 0x00000183a1abe2c0
Event: 13.397 Thread 0x00000183a1abe790 Thread added: 0x00000183a1abe790
Event: 13.687 loading class java/util/concurrent/LinkedBlockingDeque$Itr
Event: 13.688 loading class java/util/concurrent/LinkedBlockingDeque$AbstractItr
Event: 13.688 loading class java/util/concurrent/LinkedBlockingDeque$AbstractItr done
Event: 13.688 loading class java/util/concurrent/LinkedBlockingDeque$Itr done
Event: 13.972 Thread 0x00000183a85b1a50 Thread exited: 0x00000183a85b1a50
Event: 14.023 loading class java/lang/Byte$ByteCache
Event: 14.023 loading class java/lang/Byte$ByteCache done
Event: 14.043 loading class java/util/EmptyStackException
Event: 14.043 loading class java/util/EmptyStackException done
Event: 14.052 loading class java/io/InvalidClassException
Event: 14.052 loading class java/io/InvalidClassException done
Event: 14.108 loading class java/util/concurrent/locks/ReentrantReadWriteLock$FairSync
Event: 14.109 loading class java/util/concurrent/locks/ReentrantReadWriteLock$FairSync done


Dynamic libraries:
0x00007ff67e3d0000 - 0x00007ff67e3da000 	C:\Program Files\Android\Android Studio1\jbr\bin\java.exe
0x00007ff921030000 - 0x00007ff921247000 	C:\WINDOWS\SYSTEM32\ntdll.dll
0x00007ff91ed80000 - 0x00007ff91ee44000 	C:\WINDOWS\System32\KERNEL32.DLL
0x00007ff91e3a0000 - 0x00007ff91e745000 	C:\WINDOWS\System32\KERNELBASE.dll
0x00007ff91ead0000 - 0x00007ff91ebe1000 	C:\WINDOWS\System32\ucrtbase.dll
0x00007ff8f7800000 - 0x00007ff8f7817000 	C:\Program Files\Android\Android Studio1\jbr\bin\jli.dll
0x00007ff8f61b0000 - 0x00007ff8f61cb000 	C:\Program Files\Android\Android Studio1\jbr\bin\VCRUNTIME140.dll
0x00007ff9207f0000 - 0x00007ff92099e000 	C:\WINDOWS\System32\USER32.dll
0x00007ff902650000 - 0x00007ff9028e3000 	C:\WINDOWS\WinSxS\amd64_microsoft.windows.common-controls_6595b64144ccf1df_6.0.22621.2506_none_270c5ae97388e100\COMCTL32.dll
0x00007ff91e750000 - 0x00007ff91e776000 	C:\WINDOWS\System32\win32u.dll
0x00007ff91f030000 - 0x00007ff91f0d7000 	C:\WINDOWS\System32\msvcrt.dll
0x00007ff91fc40000 - 0x00007ff91fc69000 	C:\WINDOWS\System32\GDI32.dll
0x00007ff91ec60000 - 0x00007ff91ed79000 	C:\WINDOWS\System32\gdi32full.dll
0x00007ff91ea30000 - 0x00007ff91eaca000 	C:\WINDOWS\System32\msvcp_win.dll
0x00007ff91f220000 - 0x00007ff91f251000 	C:\WINDOWS\System32\IMM32.DLL
0x00007ff903470000 - 0x00007ff90347c000 	C:\Program Files\Android\Android Studio1\jbr\bin\vcruntime140_1.dll
0x00007ff861770000 - 0x00007ff8617fd000 	C:\Program Files\Android\Android Studio1\jbr\bin\msvcp140.dll
0x00007ff8d5a90000 - 0x00007ff8d66fe000 	C:\Program Files\Android\Android Studio1\jbr\bin\server\jvm.dll
0x00007ff920390000 - 0x00007ff920441000 	C:\WINDOWS\System32\ADVAPI32.dll
0x00007ff91fb80000 - 0x00007ff91fc26000 	C:\WINDOWS\System32\sechost.dll
0x00007ff9206d0000 - 0x00007ff9207e7000 	C:\WINDOWS\System32\RPCRT4.dll
0x00007ff914f90000 - 0x00007ff914fc4000 	C:\WINDOWS\SYSTEM32\WINMM.dll
0x00007ff8d68c0000 - 0x00007ff8d68c9000 	C:\WINDOWS\SYSTEM32\WSOCK32.dll
0x00007ff914dc0000 - 0x00007ff914dca000 	C:\WINDOWS\SYSTEM32\VERSION.dll
0x00007ff91fb00000 - 0x00007ff91fb71000 	C:\WINDOWS\System32\WS2_32.dll
0x00007ff91d300000 - 0x00007ff91d318000 	C:\WINDOWS\SYSTEM32\kernel.appcore.dll
0x00007ff9056c0000 - 0x00007ff9056ca000 	C:\Program Files\Android\Android Studio1\jbr\bin\jimage.dll
0x00007ff918980000 - 0x00007ff918bb3000 	C:\WINDOWS\SYSTEM32\DBGHELP.DLL
0x00007ff9209a0000 - 0x00007ff920d29000 	C:\WINDOWS\System32\combase.dll
0x00007ff9200f0000 - 0x00007ff9201c7000 	C:\WINDOWS\System32\OLEAUT32.dll
0x00007ff8f6ac0000 - 0x00007ff8f6af2000 	C:\WINDOWS\SYSTEM32\dbgcore.DLL
0x00007ff91e9b0000 - 0x00007ff91ea2a000 	C:\WINDOWS\System32\bcryptPrimitives.dll
0x00007ff903410000 - 0x00007ff903435000 	C:\Program Files\Android\Android Studio1\jbr\bin\java.dll
0x00007ff9033f0000 - 0x00007ff903408000 	C:\Program Files\Android\Android Studio1\jbr\bin\zip.dll
0x00007ff91f260000 - 0x00007ff91fab9000 	C:\WINDOWS\System32\SHELL32.dll
0x00007ff91c270000 - 0x00007ff91cb64000 	C:\WINDOWS\SYSTEM32\windows.storage.dll
0x00007ff91c130000 - 0x00007ff91c26e000 	C:\WINDOWS\SYSTEM32\wintypes.dll
0x00007ff920450000 - 0x00007ff920543000 	C:\WINDOWS\System32\SHCORE.dll
0x00007ff91f1b0000 - 0x00007ff91f20e000 	C:\WINDOWS\System32\shlwapi.dll
0x00007ff91e2d0000 - 0x00007ff91e2f6000 	C:\WINDOWS\SYSTEM32\profapi.dll
0x00007ff8fca80000 - 0x00007ff8fca99000 	C:\Program Files\Android\Android Studio1\jbr\bin\net.dll
0x00007ff9146e0000 - 0x00007ff914817000 	C:\WINDOWS\SYSTEM32\WINHTTP.dll
0x00007ff91d7d0000 - 0x00007ff91d839000 	C:\WINDOWS\system32\mswsock.dll
0x00007ff8fbf60000 - 0x00007ff8fbf76000 	C:\Program Files\Android\Android Studio1\jbr\bin\nio.dll
0x00007ff903640000 - 0x00007ff903650000 	C:\Program Files\Android\Android Studio1\jbr\bin\verify.dll
0x00007ff8f5010000 - 0x00007ff8f5037000 	C:\Users\User\.gradle\native\68d5fa5c4cc2d200863cafc0d521ce42e7d3e7ee720ec0a83991735586a16f82\windows-amd64\native-platform.dll
0x00007ff867af0000 - 0x00007ff867c34000 	C:\Users\User\.gradle\native\e376f236ea51e6404a007f0833ffe2c6e607c4080706a723a18a27aeea778392\windows-amd64\native-platform-file-events.dll
0x00007ff8fbf50000 - 0x00007ff8fbf59000 	C:\Program Files\Android\Android Studio1\jbr\bin\management.dll
0x00007ff8f9740000 - 0x00007ff8f974b000 	C:\Program Files\Android\Android Studio1\jbr\bin\management_ext.dll
0x00007ff91f210000 - 0x00007ff91f218000 	C:\WINDOWS\System32\PSAPI.DLL
0x00007ff91dc10000 - 0x00007ff91dc2b000 	C:\WINDOWS\SYSTEM32\CRYPTSP.dll
0x00007ff91d2c0000 - 0x00007ff91d2f5000 	C:\WINDOWS\system32\rsaenh.dll
0x00007ff91d870000 - 0x00007ff91d89c000 	C:\WINDOWS\SYSTEM32\USERENV.dll
0x00007ff91dd50000 - 0x00007ff91dd78000 	C:\WINDOWS\SYSTEM32\bcrypt.dll
0x00007ff91dbf0000 - 0x00007ff91dbfc000 	C:\WINDOWS\SYSTEM32\CRYPTBASE.dll
0x00007ff91cdd0000 - 0x00007ff91cdfd000 	C:\WINDOWS\SYSTEM32\IPHLPAPI.DLL
0x00007ff91fad0000 - 0x00007ff91fad9000 	C:\WINDOWS\System32\NSI.dll
0x00007ff9144b0000 - 0x00007ff9144c9000 	C:\WINDOWS\SYSTEM32\dhcpcsvc6.DLL
0x00007ff914490000 - 0x00007ff9144af000 	C:\WINDOWS\SYSTEM32\dhcpcsvc.DLL
0x00007ff91ce40000 - 0x00007ff91cf39000 	C:\WINDOWS\SYSTEM32\DNSAPI.dll
0x00007ff8f9730000 - 0x00007ff8f9738000 	C:\WINDOWS\system32\wshunix.dll

dbghelp: loaded successfully - version: 4.0.5 - missing functions: none
symbol engine: initialized successfully - sym options: 0x614 - pdb path: .;C:\Program Files\Android\Android Studio1\jbr\bin;C:\WINDOWS\SYSTEM32;C:\WINDOWS\WinSxS\amd64_microsoft.windows.common-controls_6595b64144ccf1df_6.0.22621.2506_none_270c5ae97388e100;C:\Program Files\Android\Android Studio1\jbr\bin\server;C:\Users\User\.gradle\native\68d5fa5c4cc2d200863cafc0d521ce42e7d3e7ee720ec0a83991735586a16f82\windows-amd64;C:\Users\User\.gradle\native\e376f236ea51e6404a007f0833ffe2c6e607c4080706a723a18a27aeea778392\windows-amd64

VM Arguments:
jvm_args: --add-opens=java.base/java.util=ALL-UNNAMED --add-opens=java.base/java.lang=ALL-UNNAMED --add-opens=java.base/java.lang.invoke=ALL-UNNAMED --add-opens=java.prefs/java.util.prefs=ALL-UNNAMED --add-opens=java.base/java.nio.charset=ALL-UNNAMED --add-opens=java.base/java.net=ALL-UNNAMED --add-opens=java.base/java.util.concurrent.atomic=ALL-UNNAMED -Xmx2048m -Dfile.encoding=UTF-8 -Duser.country=US -Duser.language=en -Duser.variant 
java_command: org.gradle.launcher.daemon.bootstrap.GradleDaemon 8.0
java_class_path (initial): C:\Users\User\.gradle\wrapper\dists\gradle-8.0-bin\ca5e32bp14vu59qr306oxotwh\gradle-8.0\lib\gradle-launcher-8.0.jar
Launcher Type: SUN_STANDARD

[Global flags]
     intx CICompilerCount                          = 4                                         {product} {ergonomic}
     uint ConcGCThreads                            = 2                                         {product} {ergonomic}
     uint G1ConcRefinementThreads                  = 8                                         {product} {ergonomic}
   size_t G1HeapRegionSize                         = 1048576                                   {product} {ergonomic}
    uintx GCDrainStackTargetSize                   = 64                                        {product} {ergonomic}
   size_t InitialHeapSize                          = 264241152                                 {product} {ergonomic}
   size_t MarkStackSize                            = 4194304                                   {product} {ergonomic}
   size_t MaxHeapSize                              = 2147483648                                {product} {command line}
   size_t MaxNewSize                               = 1287651328                                {product} {ergonomic}
   size_t MinHeapDeltaBytes                        = 1048576                                   {product} {ergonomic}
   size_t MinHeapSize                              = 8388608                                   {product} {ergonomic}
    uintx NonNMethodCodeHeapSize                   = 5839372                                {pd product} {ergonomic}
    uintx NonProfiledCodeHeapSize                  = 122909434                              {pd product} {ergonomic}
    uintx ProfiledCodeHeapSize                     = 122909434                              {pd product} {ergonomic}
    uintx ReservedCodeCacheSize                    = 251658240                              {pd product} {ergonomic}
     bool SegmentedCodeCache                       = true                                      {product} {ergonomic}
   size_t SoftMaxHeapSize                          = 2147483648                             {manageable} {ergonomic}
     bool UseCompressedClassPointers               = true                           {product lp64_product} {ergonomic}
     bool UseCompressedOops                        = true                           {product lp64_product} {ergonomic}
     bool UseG1GC                                  = true                                      {product} {ergonomic}
     bool UseLargePagesIndividualAllocation        = false                                  {pd product} {ergonomic}

Logging:
Log output configuration:
 #0: stdout all=warning uptime,level,tags
 #1: stderr all=off uptime,level,tags

Environment Variables:
PATH=C:\Program Files (x86)\Common Files\Oracle\Java\javapath;C:\WINDOWS\system32;C:\WINDOWS;C:\WINDOWS\System32\Wbem;C:\WINDOWS\System32\WindowsPowerShell\v1.0\;C:\WINDOWS\System32\OpenSSH\;C:\Program Files\nodejs\;C:\ProgramData\chocolatey\bin;C:\xampp\php;C:\Program Files\Java\jre1.8.0_291\bin;C:\Program Files\Git\cmd;C:\php-8.1.6-Win32-vs16-x64;C:\Users\User\AppData\Local\Microsoft\WindowsApps;C:\Users\User\AppData\Local\Programs\Microsoft VS Code\bin;C:\Users\User\AppData\Roaming\npm;C:\Program Files\heroku\bin;C:\src\flutter\bin;C:\Program Files\JetBrains\PyCharm Community Edition 2021.2.2\bin;C:\Users\User\AppData\Local\Microsoft\WindowsApps;C:\Flutter\bin
USERNAME=User
OS=Windows_NT
PROCESSOR_IDENTIFIER=Intel64 Family 6 Model 142 Stepping 10, GenuineIntel
TMP=C:\Users\User\AppData\Local\Temp
TEMP=C:\Users\User\AppData\Local\Temp


JNI global refs:
JNI global refs: 26, weak refs: 1

JNI global refs memory usage: 843, weak refs: 841


---------------  S Y S T E M  ---------------

OS:
 Windows 11 , 64 bit Build 22621 (10.0.22621.2506)
OS uptime: 0 days 6:39 hours
Hyper-V role detected

CPU: total 8 (initial active 8) (4 cores per cpu, 2 threads per core) family 6 model 142 stepping 10 microcode 0xf4, cx8, cmov, fxsr, ht, mmx, 3dnowpref, sse, sse2, sse3, ssse3, sse4.1, sse4.2, popcnt, lzcnt, tsc, tscinvbit, avx, avx2, aes, erms, clmul, bmi1, bmi2, rtm, adx, fma, vzeroupper, clflush, clflushopt, hv

Memory: 4k page, system-wide physical 16003M (1865M free)
TotalPageFile size 38602M (AvailPageFile size 11M)
current process WorkingSet (physical memory assigned to process): 335M, peak: 335M
current process commit charge ("private bytes"): 374M, peak: 396M

vm_info: OpenJDK 64-Bit Server VM (17.0.6+0-b2043.56-10027231) for windows-amd64 JRE (17.0.6+0-b2043.56-10027231), built on Apr 28 2023 00:43:19 by "androidbuild" with MS VC++ 16.10 / 16.11 (VS2019)

END.
