#
# There is insufficient memory for the Java Runtime Environment to continue.
# Native memory allocation (mmap) failed to map 55574528 bytes for G1 virtual space
# Possible reasons:
#   The system is out of physical RAM or swap space
#   The process is running with CompressedOops enabled, and the Java Heap may be blocking the growth of the native heap
# Possible solutions:
#   Reduce memory load on the system
#   Increase physical memory or swap space
#   Check if swap backing store is full
#   Decrease Java heap size (-Xmx/-Xms)
#   Decrease number of Java threads
#   Decrease Java thread stack sizes (-Xss)
#   Set larger code cache with -XX:ReservedCodeCacheSize=
#   JVM is running with Unscaled Compressed Oops mode in which the Java heap is
#     placed in the first 4GB address space. The Java Heap base address is the
#     maximum limit for the native heap growth. Please use -XX:HeapBaseMinAddress
#     to set the Java Heap base and to place the Java Heap above 4GB virtual address.
# This output file may be truncated or incomplete.
#
#  Out of Memory Error (os_windows.cpp:3769), pid=19748, tid=27360
#
# JRE version: OpenJDK Runtime Environment (17.0.6) (build 17.0.6+0-b2043.56-10027231)
# Java VM: OpenJDK 64-Bit Server VM (17.0.6+0-b2043.56-10027231, mixed mode, tiered, compressed oops, compressed class ptrs, g1 gc, windows-amd64)
# No core dump will be written. Minidumps are not enabled by default on client versions of Windows
#

---------------  S U M M A R Y ------------

Command Line: --add-opens=java.base/java.util=ALL-UNNAMED --add-opens=java.base/java.lang=ALL-UNNAMED --add-opens=java.base/java.lang.invoke=ALL-UNNAMED --add-opens=java.prefs/java.util.prefs=ALL-UNNAMED --add-opens=java.base/java.nio.charset=ALL-UNNAMED --add-opens=java.base/java.net=ALL-UNNAMED --add-opens=java.base/java.util.concurrent.atomic=ALL-UNNAMED -Xmx2048m -Dfile.encoding=UTF-8 -Duser.country=US -Duser.language=en -Duser.variant org.gradle.launcher.daemon.bootstrap.GradleDaemon 8.0

Host: Intel(R) Core(TM) i5-8350U CPU @ 1.70GHz, 8 cores, 15G,  Windows 11 , 64 bit Build 22621 (10.0.22621.2506)
Time: Fri Nov 24 16:28:40 2023 W. Central Africa Standard Time elapsed time: 16.595227 seconds (0d 0h 0m 16s)

---------------  T H R E A D  ---------------

Current thread (0x0000022c5c79e130):  VMThread "VM Thread" [stack: 0x00000056c8400000,0x00000056c8500000] [id=27360]

Stack: [0x00000056c8400000,0x00000056c8500000]
Native frames: (J=compiled Java code, j=interpreted, Vv=VM code, C=native code)
V  [jvm.dll+0x683c9a]
V  [jvm.dll+0x8427a4]
V  [jvm.dll+0x843f9e]
V  [jvm.dll+0x844603]
V  [jvm.dll+0x249b75]
V  [jvm.dll+0x680b69]
V  [jvm.dll+0x67505a]
V  [jvm.dll+0x309acb]
V  [jvm.dll+0x310f86]
V  [jvm.dll+0x3608ee]
V  [jvm.dll+0x360b1f]
V  [jvm.dll+0x2dfbf8]
V  [jvm.dll+0x2ddec4]
V  [jvm.dll+0x2dd4cc]
V  [jvm.dll+0x322261]
V  [jvm.dll+0x848ccb]
V  [jvm.dll+0x849a04]
V  [jvm.dll+0x849f1d]
V  [jvm.dll+0x84a2f4]
V  [jvm.dll+0x84a3c0]
V  [jvm.dll+0x7f274a]
V  [jvm.dll+0x682ad5]
C  [ucrtbase.dll+0x29363]
C  [KERNEL32.DLL+0x1257d]
C  [ntdll.dll+0x5aa58]

VM_Operation (0x00000056c9df2090): G1TryInitiateConcMark, mode: safepoint, requested by thread 0x0000022c60241e00


---------------  P R O C E S S  ---------------

Threads class SMR info:
_java_thread_list=0x0000022c6079a740, length=126, elements={
0x0000022c409786d0, 0x0000022c5d031990, 0x0000022c5d032710, 0x0000022c5d07c4f0,
0x0000022c5d07d0a0, 0x0000022c5d07fb60, 0x0000022c5d080510, 0x0000022c5d081ec0,
0x0000022c5d08b8c0, 0x0000022c5d097a60, 0x0000022c5d1fe260, 0x0000022c5d204be0,
0x0000022c5f93c550, 0x0000022c5f959b00, 0x0000022c6042dac0, 0x0000022c5ea871e0,
0x0000022c5fea4570, 0x0000022c60acfe00, 0x0000022c60241e00, 0x0000022c5ecb56e0,
0x0000022c5ecb6080, 0x0000022c5ecb6550, 0x0000022c60180a50, 0x0000022c5ecb6a20,
0x0000022c5ecb7d60, 0x0000022c5ecb73c0, 0x0000022c5ecb6ef0, 0x0000022c5ecb5210,
0x0000022c5ecb5bb0, 0x0000022c5ecb7890, 0x0000022c5ecb8230, 0x0000022c5ecb8700,
0x0000022c5ecb4d40, 0x0000022c605a87f0, 0x0000022c605a6fe0, 0x0000022c605aa4d0,
0x0000022c605a74b0, 0x0000022c605a4960, 0x0000022c605aae70, 0x0000022c605a9b30,
0x0000022c605aa9a0, 0x0000022c605ab810, 0x0000022c605abce0, 0x0000022c605a6170,
0x0000022c605a5300, 0x0000022c605a57d0, 0x0000022c605a5ca0, 0x0000022c605a6640,
0x0000022c605a6b10, 0x0000022c605a7980, 0x0000022c605a7e50, 0x0000022c605a8320,
0x0000022c605a9190, 0x0000022c605aa000, 0x0000022c5fbdedc0, 0x0000022c5fbdf290,
0x0000022c5fbdf760, 0x0000022c5fbdda80, 0x0000022c5fbe2780, 0x0000022c5fbe0100,
0x0000022c5fbde8f0, 0x0000022c5fbe2c50, 0x0000022c5fbde420, 0x0000022c5fbe05d0,
0x0000022c5fbe3120, 0x0000022c5fbdc740, 0x0000022c5fbdfc30, 0x0000022c5fbe35f0,
0x0000022c5fbe0aa0, 0x0000022c5fbe0f70, 0x0000022c5fbe1440, 0x0000022c5fbe1910,
0x0000022c5fbe22b0, 0x0000022c5fbdd5b0, 0x0000022c5fbe3ac0, 0x0000022c5fbe1de0,
0x0000022c5fbdc270, 0x0000022c5fbdcc10, 0x0000022c5fbdd0e0, 0x0000022c5fbddf50,
0x0000022c611a9f50, 0x0000022c611ae2b0, 0x0000022c611ad910, 0x0000022c611b0460,
0x0000022c611b0e00, 0x0000022c611ab290, 0x0000022c611acaa0, 0x0000022c611b12d0,
0x0000022c611af120, 0x0000022c611b0930, 0x0000022c611ad440, 0x0000022c611aec50,
0x0000022c611adde0, 0x0000022c611b17a0, 0x0000022c611aa420, 0x0000022c611aff90,
0x0000022c611aa8f0, 0x0000022c611ae780, 0x0000022c611ac100, 0x0000022c611abc30,
0x0000022c611aadc0, 0x0000022c611ab760, 0x0000022c611ac5d0, 0x0000022c611acf70,
0x0000022c611af5f0, 0x0000022c611afac0, 0x0000022c63865ac0, 0x0000022c63864780,
0x0000022c63862aa0, 0x0000022c638672d0, 0x0000022c638625d0, 0x0000022c638642b0,
0x0000022c63862100, 0x0000022c63861290, 0x0000022c63861c30, 0x0000022c63864c50,
0x0000022c63866460, 0x0000022c638655f0, 0x0000022c63865f90, 0x0000022c6385ff50,
0x0000022c63866930, 0x0000022c63866e00, 0x0000022c63862f70, 0x0000022c638677a0,
0x0000022c5fc926a0, 0x0000022c638608f0
}

Java Threads: ( => current thread )
  0x0000022c409786d0 JavaThread "main" [_thread_blocked, id=23240, stack(0x00000056c7e00000,0x00000056c7f00000)]
  0x0000022c5d031990 JavaThread "Reference Handler" daemon [_thread_blocked, id=26336, stack(0x00000056c8500000,0x00000056c8600000)]
  0x0000022c5d032710 JavaThread "Finalizer" daemon [_thread_blocked, id=14508, stack(0x00000056c8600000,0x00000056c8700000)]
  0x0000022c5d07c4f0 JavaThread "Signal Dispatcher" daemon [_thread_blocked, id=20372, stack(0x00000056c8700000,0x00000056c8800000)]
  0x0000022c5d07d0a0 JavaThread "Attach Listener" daemon [_thread_blocked, id=25164, stack(0x00000056c8800000,0x00000056c8900000)]
  0x0000022c5d07fb60 JavaThread "Service Thread" daemon [_thread_blocked, id=26472, stack(0x00000056c8900000,0x00000056c8a00000)]
  0x0000022c5d080510 JavaThread "Monitor Deflation Thread" daemon [_thread_blocked, id=13328, stack(0x00000056c8a00000,0x00000056c8b00000)]
  0x0000022c5d081ec0 JavaThread "C2 CompilerThread0" daemon [_thread_blocked, id=25716, stack(0x00000056c8b00000,0x00000056c8c00000)]
  0x0000022c5d08b8c0 JavaThread "C1 CompilerThread0" daemon [_thread_blocked, id=23920, stack(0x00000056c8c00000,0x00000056c8d00000)]
  0x0000022c5d097a60 JavaThread "Sweeper thread" daemon [_thread_blocked, id=22772, stack(0x00000056c8d00000,0x00000056c8e00000)]
  0x0000022c5d1fe260 JavaThread "Common-Cleaner" daemon [_thread_blocked, id=3428, stack(0x00000056c8e00000,0x00000056c8f00000)]
  0x0000022c5d204be0 JavaThread "Notification Thread" daemon [_thread_blocked, id=27464, stack(0x00000056c8f00000,0x00000056c9000000)]
  0x0000022c5f93c550 JavaThread "Daemon health stats" [_thread_blocked, id=14228, stack(0x00000056c9800000,0x00000056c9900000)]
  0x0000022c5f959b00 JavaThread "Incoming local TCP Connector on port 57680" [_thread_in_native, id=1480, stack(0x00000056c9100000,0x00000056c9200000)]
  0x0000022c6042dac0 JavaThread "Daemon periodic checks" [_thread_blocked, id=20128, stack(0x00000056c9200000,0x00000056c9300000)]
  0x0000022c5ea871e0 JavaThread "Daemon" [_thread_blocked, id=9108, stack(0x00000056c9a00000,0x00000056c9b00000)]
  0x0000022c5fea4570 JavaThread "Handler for socket connection from /127.0.0.1:57680 to /127.0.0.1:57681" [_thread_in_native, id=24972, stack(0x00000056c9b00000,0x00000056c9c00000)]
  0x0000022c60acfe00 JavaThread "Cancel handler" [_thread_blocked, id=19216, stack(0x00000056c9c00000,0x00000056c9d00000)]
  0x0000022c60241e00 JavaThread "Daemon worker" [_thread_blocked, id=18736, stack(0x00000056c9d00000,0x00000056c9e00000)]
  0x0000022c5ecb56e0 JavaThread "Asynchronous log dispatcher for DefaultDaemonConnection: socket connection from /127.0.0.1:57680 to /127.0.0.1:57681" [_thread_blocked, id=26356, stack(0x00000056c9e00000,0x00000056c9f00000)]
  0x0000022c5ecb6080 JavaThread "Stdin handler" [_thread_blocked, id=25424, stack(0x00000056c9f00000,0x00000056ca000000)]
  0x0000022c5ecb6550 JavaThread "Daemon client event forwarder" [_thread_blocked, id=23076, stack(0x00000056ca000000,0x00000056ca100000)]
  0x0000022c60180a50 JavaThread "C2 CompilerThread1" daemon [_thread_blocked, id=24964, stack(0x00000056ca300000,0x00000056ca400000)]
  0x0000022c5ecb6a20 JavaThread "Cache worker for journal cache (C:\Users\User\.gradle\caches\journal-1)" [_thread_blocked, id=27084, stack(0x00000056ca400000,0x00000056ca500000)]
  0x0000022c5ecb7d60 JavaThread "File lock request listener" [_thread_in_native, id=26692, stack(0x00000056ca500000,0x00000056ca600000)]
  0x0000022c5ecb73c0 JavaThread "Cache worker for file hash cache (C:\Users\User\.gradle\caches\8.0\fileHashes)" [_thread_blocked, id=26712, stack(0x00000056ca600000,0x00000056ca700000)]
  0x0000022c5ecb6ef0 JavaThread "File watcher server" daemon [_thread_in_native, id=18044, stack(0x00000056ca800000,0x00000056ca900000)]
  0x0000022c5ecb5210 JavaThread "File watcher consumer" daemon [_thread_blocked, id=6440, stack(0x00000056ca900000,0x00000056caa00000)]
  0x0000022c5ecb5bb0 JavaThread "jar transforms" [_thread_blocked, id=24104, stack(0x00000056caa00000,0x00000056cab00000)]
  0x0000022c5ecb7890 JavaThread "jar transforms Thread 2" [_thread_blocked, id=27080, stack(0x00000056cab00000,0x00000056cac00000)]
  0x0000022c5ecb8230 JavaThread "jar transforms Thread 3" [_thread_blocked, id=25712, stack(0x00000056cac00000,0x00000056cad00000)]
  0x0000022c5ecb8700 JavaThread "jar transforms Thread 4" [_thread_blocked, id=27120, stack(0x00000056cad00000,0x00000056cae00000)]
  0x0000022c5ecb4d40 JavaThread "jar transforms Thread 5" [_thread_blocked, id=24540, stack(0x00000056cae00000,0x00000056caf00000)]
  0x0000022c605a87f0 JavaThread "jar transforms Thread 6" [_thread_blocked, id=18848, stack(0x00000056caf00000,0x00000056cb000000)]
  0x0000022c605a6fe0 JavaThread "jar transforms Thread 7" [_thread_blocked, id=22836, stack(0x00000056cb000000,0x00000056cb100000)]
  0x0000022c605aa4d0 JavaThread "jar transforms Thread 8" [_thread_blocked, id=3148, stack(0x00000056cb100000,0x00000056cb200000)]
  0x0000022c605a74b0 JavaThread "Cache worker for checksums cache (C:\Users\User\Documents\PROJECTS\resuablelogin\.gradle\8.0\checksums)" [_thread_blocked, id=25928, stack(0x00000056ca700000,0x00000056ca800000)]
  0x0000022c605a4960 JavaThread "Cache worker for cache directory md-rule (C:\Users\User\.gradle\caches\8.0\md-rule)" [_thread_blocked, id=24656, stack(0x00000056cb400000,0x00000056cb500000)]
  0x0000022c605aae70 JavaThread "Cache worker for file content cache (C:\Users\User\.gradle\caches\8.0\fileContent)" [_thread_blocked, id=25288, stack(0x00000056cb500000,0x00000056cb600000)]
  0x0000022c605a9b30 JavaThread "Cache worker for file hash cache (C:\Users\User\Documents\PROJECTS\resuablelogin\.gradle\8.0\fileHashes)" [_thread_blocked, id=19040, stack(0x00000056cb600000,0x00000056cb700000)]
  0x0000022c605aa9a0 JavaThread "Cache worker for cache directory md-supplier (C:\Users\User\.gradle\caches\8.0\md-supplier)" [_thread_blocked, id=23308, stack(0x00000056cb700000,0x00000056cb800000)]
  0x0000022c605ab810 JavaThread "Cache worker for execution history cache (C:\Users\User\.gradle\caches\8.0\executionHistory)" [_thread_blocked, id=25372, stack(0x00000056cb900000,0x00000056cba00000)]
  0x0000022c605abce0 JavaThread "Cache worker for dependencies-accessors (C:\Users\User\Documents\PROJECTS\resuablelogin\.gradle\8.0\dependencies-accessors)" [_thread_blocked, id=25944, stack(0x00000056cba00000,0x00000056cbb00000)]
  0x0000022c605a6170 JavaThread "Cache worker for Build Output Cleanup Cache (C:\Users\User\Documents\PROJECTS\resuablelogin\.gradle\buildOutputCleanup)" [_thread_blocked, id=22824, stack(0x00000056cb800000,0x00000056cb900000)]
  0x0000022c605a5300 JavaThread "Unconstrained build operations" [_thread_blocked, id=22172, stack(0x00000056cbc00000,0x00000056cbd00000)]
  0x0000022c605a57d0 JavaThread "Unconstrained build operations Thread 2" [_thread_blocked, id=16900, stack(0x00000056cbd00000,0x00000056cbe00000)]
  0x0000022c605a5ca0 JavaThread "Unconstrained build operations Thread 3" [_thread_blocked, id=25916, stack(0x00000056cbe00000,0x00000056cbf00000)]
  0x0000022c605a6640 JavaThread "Unconstrained build operations Thread 4" [_thread_blocked, id=13296, stack(0x00000056cbf00000,0x00000056cc000000)]
  0x0000022c605a6b10 JavaThread "Unconstrained build operations Thread 5" [_thread_blocked, id=15484, stack(0x00000056cc000000,0x00000056cc100000)]
  0x0000022c605a7980 JavaThread "Unconstrained build operations Thread 6" [_thread_blocked, id=26820, stack(0x00000056cc100000,0x00000056cc200000)]
  0x0000022c605a7e50 JavaThread "Unconstrained build operations Thread 7" [_thread_blocked, id=22468, stack(0x00000056cc200000,0x00000056cc300000)]
  0x0000022c605a8320 JavaThread "Unconstrained build operations Thread 8" [_thread_blocked, id=21804, stack(0x00000056cc300000,0x00000056cc400000)]
  0x0000022c605a9190 JavaThread "Unconstrained build operations Thread 9" [_thread_blocked, id=2812, stack(0x00000056cc400000,0x00000056cc500000)]
  0x0000022c605aa000 JavaThread "Unconstrained build operations Thread 10" [_thread_blocked, id=11128, stack(0x00000056cc500000,0x00000056cc600000)]
  0x0000022c5fbdedc0 JavaThread "Unconstrained build operations Thread 11" [_thread_blocked, id=25856, stack(0x00000056cc600000,0x00000056cc700000)]
  0x0000022c5fbdf290 JavaThread "Unconstrained build operations Thread 12" [_thread_blocked, id=9220, stack(0x00000056cc700000,0x00000056cc800000)]
  0x0000022c5fbdf760 JavaThread "Unconstrained build operations Thread 13" [_thread_blocked, id=11704, stack(0x00000056cc800000,0x00000056cc900000)]
  0x0000022c5fbdda80 JavaThread "Unconstrained build operations Thread 14" [_thread_blocked, id=22932, stack(0x00000056cc900000,0x00000056cca00000)]
  0x0000022c5fbe2780 JavaThread "Unconstrained build operations Thread 15" [_thread_blocked, id=26784, stack(0x00000056cca00000,0x00000056ccb00000)]
  0x0000022c5fbe0100 JavaThread "Unconstrained build operations Thread 16" [_thread_blocked, id=23328, stack(0x00000056ccb00000,0x00000056ccc00000)]
  0x0000022c5fbde8f0 JavaThread "Unconstrained build operations Thread 17" [_thread_blocked, id=26392, stack(0x00000056ccc00000,0x00000056ccd00000)]
  0x0000022c5fbe2c50 JavaThread "Unconstrained build operations Thread 18" [_thread_blocked, id=1184, stack(0x00000056ccd00000,0x00000056cce00000)]
  0x0000022c5fbde420 JavaThread "Unconstrained build operations Thread 19" [_thread_blocked, id=14788, stack(0x00000056cce00000,0x00000056ccf00000)]
  0x0000022c5fbe05d0 JavaThread "Unconstrained build operations Thread 20" [_thread_blocked, id=27160, stack(0x00000056ccf00000,0x00000056cd000000)]
  0x0000022c5fbe3120 JavaThread "Unconstrained build operations Thread 21" [_thread_blocked, id=25508, stack(0x00000056cd000000,0x00000056cd100000)]
  0x0000022c5fbdc740 JavaThread "Unconstrained build operations Thread 22" [_thread_blocked, id=26584, stack(0x00000056cd100000,0x00000056cd200000)]
  0x0000022c5fbdfc30 JavaThread "Unconstrained build operations Thread 23" [_thread_blocked, id=23420, stack(0x00000056cd200000,0x00000056cd300000)]
  0x0000022c5fbe35f0 JavaThread "Unconstrained build operations Thread 24" [_thread_blocked, id=27476, stack(0x00000056cd300000,0x00000056cd400000)]
  0x0000022c5fbe0aa0 JavaThread "Unconstrained build operations Thread 25" [_thread_blocked, id=14080, stack(0x00000056cd400000,0x00000056cd500000)]
  0x0000022c5fbe0f70 JavaThread "Unconstrained build operations Thread 26" [_thread_blocked, id=27096, stack(0x00000056cd500000,0x00000056cd600000)]
  0x0000022c5fbe1440 JavaThread "Unconstrained build operations Thread 27" [_thread_blocked, id=12616, stack(0x00000056cd600000,0x00000056cd700000)]
  0x0000022c5fbe1910 JavaThread "Unconstrained build operations Thread 28" [_thread_blocked, id=26316, stack(0x00000056cd700000,0x00000056cd800000)]
  0x0000022c5fbe22b0 JavaThread "Unconstrained build operations Thread 29" [_thread_blocked, id=26976, stack(0x00000056cd800000,0x00000056cd900000)]
  0x0000022c5fbdd5b0 JavaThread "Unconstrained build operations Thread 30" [_thread_blocked, id=15672, stack(0x00000056cd900000,0x00000056cda00000)]
  0x0000022c5fbe3ac0 JavaThread "Unconstrained build operations Thread 31" [_thread_blocked, id=20208, stack(0x00000056cda00000,0x00000056cdb00000)]
  0x0000022c5fbe1de0 JavaThread "Unconstrained build operations Thread 32" [_thread_blocked, id=7184, stack(0x00000056cdb00000,0x00000056cdc00000)]
  0x0000022c5fbdc270 JavaThread "Unconstrained build operations Thread 33" [_thread_blocked, id=23184, stack(0x00000056cdc00000,0x00000056cdd00000)]
  0x0000022c5fbdcc10 JavaThread "Unconstrained build operations Thread 34" [_thread_blocked, id=24628, stack(0x00000056cdd00000,0x00000056cde00000)]
  0x0000022c5fbdd0e0 JavaThread "Unconstrained build operations Thread 35" [_thread_blocked, id=24124, stack(0x00000056cde00000,0x00000056cdf00000)]
  0x0000022c5fbddf50 JavaThread "Unconstrained build operations Thread 36" [_thread_blocked, id=2580, stack(0x00000056cdf00000,0x00000056ce000000)]
  0x0000022c611a9f50 JavaThread "Unconstrained build operations Thread 37" [_thread_blocked, id=26512, stack(0x00000056ce000000,0x00000056ce100000)]
  0x0000022c611ae2b0 JavaThread "Unconstrained build operations Thread 38" [_thread_blocked, id=6988, stack(0x00000056ce100000,0x00000056ce200000)]
  0x0000022c611ad910 JavaThread "Unconstrained build operations Thread 39" [_thread_blocked, id=22848, stack(0x00000056ce200000,0x00000056ce300000)]
  0x0000022c611b0460 JavaThread "Unconstrained build operations Thread 40" [_thread_blocked, id=14420, stack(0x00000056ce300000,0x00000056ce400000)]
  0x0000022c611b0e00 JavaThread "Unconstrained build operations Thread 41" [_thread_blocked, id=26452, stack(0x00000056ce400000,0x00000056ce500000)]
  0x0000022c611ab290 JavaThread "Unconstrained build operations Thread 42" [_thread_blocked, id=24760, stack(0x00000056ce500000,0x00000056ce600000)]
  0x0000022c611acaa0 JavaThread "Unconstrained build operations Thread 43" [_thread_blocked, id=9868, stack(0x00000056ce600000,0x00000056ce700000)]
  0x0000022c611b12d0 JavaThread "Unconstrained build operations Thread 44" [_thread_blocked, id=20768, stack(0x00000056ce700000,0x00000056ce800000)]
  0x0000022c611af120 JavaThread "Unconstrained build operations Thread 45" [_thread_blocked, id=17288, stack(0x00000056ce800000,0x00000056ce900000)]
  0x0000022c611b0930 JavaThread "Unconstrained build operations Thread 46" [_thread_blocked, id=24376, stack(0x00000056ce900000,0x00000056cea00000)]
  0x0000022c611ad440 JavaThread "Unconstrained build operations Thread 47" [_thread_blocked, id=284, stack(0x00000056cea00000,0x00000056ceb00000)]
  0x0000022c611aec50 JavaThread "Unconstrained build operations Thread 48" [_thread_blocked, id=26312, stack(0x00000056ceb00000,0x00000056cec00000)]
  0x0000022c611adde0 JavaThread "Unconstrained build operations Thread 49" [_thread_blocked, id=20272, stack(0x00000056cec00000,0x00000056ced00000)]
  0x0000022c611b17a0 JavaThread "Unconstrained build operations Thread 50" [_thread_blocked, id=14576, stack(0x00000056ced00000,0x00000056cee00000)]
  0x0000022c611aa420 JavaThread "Unconstrained build operations Thread 51" [_thread_blocked, id=8384, stack(0x00000056cee00000,0x00000056cef00000)]
  0x0000022c611aff90 JavaThread "Unconstrained build operations Thread 52" [_thread_blocked, id=6448, stack(0x00000056cef00000,0x00000056cf000000)]
  0x0000022c611aa8f0 JavaThread "Unconstrained build operations Thread 53" [_thread_blocked, id=14348, stack(0x00000056cf000000,0x00000056cf100000)]
  0x0000022c611ae780 JavaThread "Unconstrained build operations Thread 54" [_thread_blocked, id=16884, stack(0x00000056cf100000,0x00000056cf200000)]
  0x0000022c611ac100 JavaThread "Unconstrained build operations Thread 55" [_thread_blocked, id=8876, stack(0x00000056cf200000,0x00000056cf300000)]
  0x0000022c611abc30 JavaThread "Unconstrained build operations Thread 56" [_thread_blocked, id=22904, stack(0x00000056cf300000,0x00000056cf400000)]
  0x0000022c611aadc0 JavaThread "Unconstrained build operations Thread 57" [_thread_blocked, id=27556, stack(0x00000056cf400000,0x00000056cf500000)]
  0x0000022c611ab760 JavaThread "Unconstrained build operations Thread 58" [_thread_blocked, id=16624, stack(0x00000056cf500000,0x00000056cf600000)]
  0x0000022c611ac5d0 JavaThread "Unconstrained build operations Thread 59" [_thread_blocked, id=26888, stack(0x00000056cf600000,0x00000056cf700000)]
  0x0000022c611acf70 JavaThread "Unconstrained build operations Thread 60" [_thread_blocked, id=5916, stack(0x00000056cf700000,0x00000056cf800000)]
  0x0000022c611af5f0 JavaThread "Unconstrained build operations Thread 61" [_thread_blocked, id=19996, stack(0x00000056cf800000,0x00000056cf900000)]
  0x0000022c611afac0 JavaThread "Unconstrained build operations Thread 62" [_thread_blocked, id=25124, stack(0x00000056cf900000,0x00000056cfa00000)]
  0x0000022c63865ac0 JavaThread "Unconstrained build operations Thread 63" [_thread_blocked, id=20904, stack(0x00000056cfa00000,0x00000056cfb00000)]
  0x0000022c63864780 JavaThread "Unconstrained build operations Thread 64" [_thread_blocked, id=23856, stack(0x00000056cfb00000,0x00000056cfc00000)]
  0x0000022c63862aa0 JavaThread "Unconstrained build operations Thread 65" [_thread_blocked, id=14780, stack(0x00000056cfc00000,0x00000056cfd00000)]
  0x0000022c638672d0 JavaThread "Unconstrained build operations Thread 66" [_thread_blocked, id=26416, stack(0x00000056cfd00000,0x00000056cfe00000)]
  0x0000022c638625d0 JavaThread "Unconstrained build operations Thread 67" [_thread_blocked, id=24640, stack(0x00000056cfe00000,0x00000056cff00000)]
  0x0000022c638642b0 JavaThread "Unconstrained build operations Thread 68" [_thread_blocked, id=3200, stack(0x00000056cff00000,0x00000056d0000000)]
  0x0000022c63862100 JavaThread "Unconstrained build operations Thread 69" [_thread_blocked, id=14528, stack(0x00000056d0000000,0x00000056d0100000)]
  0x0000022c63861290 JavaThread "Unconstrained build operations Thread 70" [_thread_blocked, id=7860, stack(0x00000056d0100000,0x00000056d0200000)]
  0x0000022c63861c30 JavaThread "Unconstrained build operations Thread 71" [_thread_blocked, id=22336, stack(0x00000056d0200000,0x00000056d0300000)]
  0x0000022c63864c50 JavaThread "Unconstrained build operations Thread 72" [_thread_blocked, id=27012, stack(0x00000056d0300000,0x00000056d0400000)]
  0x0000022c63866460 JavaThread "Unconstrained build operations Thread 73" [_thread_blocked, id=7428, stack(0x00000056d0400000,0x00000056d0500000)]
  0x0000022c638655f0 JavaThread "Unconstrained build operations Thread 74" [_thread_blocked, id=24508, stack(0x00000056d0500000,0x00000056d0600000)]
  0x0000022c63865f90 JavaThread "Unconstrained build operations Thread 75" [_thread_blocked, id=23004, stack(0x00000056d0600000,0x00000056d0700000)]
  0x0000022c6385ff50 JavaThread "Unconstrained build operations Thread 76" [_thread_blocked, id=25160, stack(0x00000056d0700000,0x00000056d0800000)]
  0x0000022c63866930 JavaThread "Unconstrained build operations Thread 77" [_thread_blocked, id=23140, stack(0x00000056d0800000,0x00000056d0900000)]
  0x0000022c63866e00 JavaThread "Unconstrained build operations Thread 78" [_thread_blocked, id=27324, stack(0x00000056d0900000,0x00000056d0a00000)]
  0x0000022c63862f70 JavaThread "Unconstrained build operations Thread 79" [_thread_blocked, id=18792, stack(0x00000056d0a00000,0x00000056d0b00000)]
  0x0000022c638677a0 JavaThread "Unconstrained build operations Thread 80" [_thread_blocked, id=16804, stack(0x00000056d0b00000,0x00000056d0c00000)]
  0x0000022c5fc926a0 JavaThread "C2 CompilerThread2" daemon [_thread_blocked, id=26424, stack(0x00000056cbb00000,0x00000056cbc00000)]
  0x0000022c638608f0 JavaThread "Memory manager" [_thread_blocked, id=6732, stack(0x00000056d0c00000,0x00000056d0d00000)]

Other Threads:
=>0x0000022c5c79e130 VMThread "VM Thread" [stack: 0x00000056c8400000,0x00000056c8500000] [id=27360]
  0x0000022c409f4eb0 WatcherThread [stack: 0x00000056c9000000,0x00000056c9100000] [id=26748]
  0x0000022c409d47a0 GCTaskThread "GC Thread#0" [stack: 0x00000056c7f00000,0x00000056c8000000] [id=27152]
  0x0000022c5db30fa0 GCTaskThread "GC Thread#1" [stack: 0x00000056c9300000,0x00000056c9400000] [id=26580]
  0x0000022c5e1a68e0 GCTaskThread "GC Thread#2" [stack: 0x00000056c9400000,0x00000056c9500000] [id=24216]
  0x0000022c5e4a6040 GCTaskThread "GC Thread#3" [stack: 0x00000056c9500000,0x00000056c9600000] [id=14732]
  0x0000022c5e4a62f0 GCTaskThread "GC Thread#4" [stack: 0x00000056c9600000,0x00000056c9700000] [id=24352]
  0x0000022c5dde2460 GCTaskThread "GC Thread#5" [stack: 0x00000056c9700000,0x00000056c9800000] [id=21124]
  0x0000022c6073d680 GCTaskThread "GC Thread#6" [stack: 0x00000056c9900000,0x00000056c9a00000] [id=10120]
  0x0000022c5f934cf0 GCTaskThread "GC Thread#7" [stack: 0x00000056ca100000,0x00000056ca200000] [id=704]
  0x0000022c409e56e0 ConcurrentGCThread "G1 Main Marker" [stack: 0x00000056c8000000,0x00000056c8100000] [id=27312]
  0x0000022c409e60f0 ConcurrentGCThread "G1 Conc#0" [stack: 0x00000056c8100000,0x00000056c8200000] [id=6200]
  0x0000022c5f9b0fe0 ConcurrentGCThread "G1 Conc#1" [stack: 0x00000056ca200000,0x00000056ca300000] [id=22188]
  0x0000022c40a3e070 ConcurrentGCThread "G1 Refine#0" [stack: 0x00000056c8200000,0x00000056c8300000] [id=13092]
  0x0000022c6320b3a0 ConcurrentGCThread "G1 Refine#1" [stack: 0x00000056cb200000,0x00000056cb300000] [id=14408]
  0x0000022c60668960 ConcurrentGCThread "G1 Refine#2" [stack: 0x00000056cb300000,0x00000056cb400000] [id=12712]
  0x0000022c40a3ea90 ConcurrentGCThread "G1 Service" [stack: 0x00000056c8300000,0x00000056c8400000] [id=1808]

Threads with active compile tasks:
C2 CompilerThread0    16645 6843       4       java.math.BigInteger::montReduce (99 bytes)
C2 CompilerThread1    16645 6752 % !   4       java.util.jar.Attributes::read @ 214 (494 bytes)
C2 CompilerThread2    16645 6836       4       java.util.ImmutableCollections$MapN::get (35 bytes)

VM state: at safepoint (normal execution)

VM Mutex/Monitor currently owned by a thread:  ([mutex/lock_event])
[0x0000022c40972e00] Threads_lock - owner thread: 0x0000022c5c79e130
[0x0000022c40972aa0] Heap_lock - owner thread: 0x0000022c60241e00

Heap address: 0x0000000080000000, size: 2048 MB, Compressed Oops mode: 32-bit

CDS archive(s) not mapped
Compressed class space mapped at: 0x0000000100000000-0x0000000140000000, reserved size: 1073741824
Narrow klass base: 0x0000000000000000, Narrow klass shift: 3, Narrow klass range: 0x140000000

GC Precious Log:
 CPUs: 8 total, 8 available
 Memory: 16003M
 Large Page Support: Disabled
 NUMA Support: Disabled
 Compressed Oops: Enabled (32-bit)
 Heap Region Size: 1M
 Heap Min Capacity: 8M
 Heap Initial Capacity: 252M
 Heap Max Capacity: 2G
 Pre-touch: Disabled
 Parallel Workers: 8
 Concurrent Workers: 2
 Concurrent Refinement Workers: 8
 Periodic GC: Disabled

Heap:
 garbage-first heap   total 162816K, used 101405K [0x0000000080000000, 0x0000000100000000)
  region size 1024K, 2 young (2048K), 2 survivors (2048K)
 Metaspace       used 66297K, committed 67008K, reserved 1114112K
  class space    used 8783K, committed 9088K, reserved 1048576K

Heap Regions: E=young(eden), S=young(survivor), O=old, HS=humongous(starts), HC=humongous(continues), CS=collection set, F=free, OA=open archive, CA=closed archive, TAMS=top-at-mark-start (previous, next)
|   0|0x0000000080000000, 0x0000000080100000, 0x0000000080100000|100%|HS|  |TAMS 0x0000000080100000, 0x0000000080100000| Complete 
|   1|0x0000000080100000, 0x0000000080200000, 0x0000000080200000|100%|HC|  |TAMS 0x0000000080200000, 0x0000000080200000| Complete 
|   2|0x0000000080200000, 0x0000000080300000, 0x0000000080300000|100%|HC|  |TAMS 0x0000000080300000, 0x0000000080300000| Complete 
|   3|0x0000000080300000, 0x0000000080400000, 0x0000000080400000|100%|HC|  |TAMS 0x0000000080400000, 0x0000000080400000| Complete 
|   4|0x0000000080400000, 0x0000000080500000, 0x0000000080500000|100%| O|  |TAMS 0x0000000080500000, 0x0000000080500000| Untracked 
|   5|0x0000000080500000, 0x0000000080600000, 0x0000000080600000|100%| O|  |TAMS 0x0000000080600000, 0x0000000080600000| Untracked 
|   6|0x0000000080600000, 0x0000000080700000, 0x0000000080700000|100%| O|  |TAMS 0x0000000080700000, 0x0000000080700000| Untracked 
|   7|0x0000000080700000, 0x0000000080800000, 0x0000000080800000|100%| O|  |TAMS 0x0000000080800000, 0x0000000080800000| Untracked 
|   8|0x0000000080800000, 0x0000000080900000, 0x0000000080900000|100%| O|  |TAMS 0x0000000080900000, 0x0000000080900000| Untracked 
|   9|0x0000000080900000, 0x0000000080a00000, 0x0000000080a00000|100%| O|  |TAMS 0x0000000080a00000, 0x0000000080a00000| Untracked 
|  10|0x0000000080a00000, 0x0000000080b00000, 0x0000000080b00000|100%| O|  |TAMS 0x0000000080b00000, 0x0000000080b00000| Untracked 
|  11|0x0000000080b00000, 0x0000000080b00000, 0x0000000080c00000|  0%| F|  |TAMS 0x0000000080b00000, 0x0000000080b00000| Untracked 
|  12|0x0000000080c00000, 0x0000000080d00000, 0x0000000080d00000|100%| O|  |TAMS 0x0000000080d00000, 0x0000000080d00000| Untracked 
|  13|0x0000000080d00000, 0x0000000080e00000, 0x0000000080e00000|100%| O|  |TAMS 0x0000000080e00000, 0x0000000080e00000| Untracked 
|  14|0x0000000080e00000, 0x0000000080f00000, 0x0000000080f00000|100%| O|  |TAMS 0x0000000080f00000, 0x0000000080f00000| Untracked 
|  15|0x0000000080f00000, 0x0000000081000000, 0x0000000081000000|100%| O|  |TAMS 0x0000000081000000, 0x0000000081000000| Untracked 
|  16|0x0000000081000000, 0x0000000081100000, 0x0000000081100000|100%| O|  |TAMS 0x0000000081100000, 0x0000000081100000| Untracked 
|  17|0x0000000081100000, 0x0000000081200000, 0x0000000081200000|100%| O|  |TAMS 0x0000000081200000, 0x0000000081200000| Untracked 
|  18|0x0000000081200000, 0x0000000081300000, 0x0000000081300000|100%| O|  |TAMS 0x0000000081300000, 0x0000000081300000| Untracked 
|  19|0x0000000081300000, 0x0000000081400000, 0x0000000081400000|100%|HS|  |TAMS 0x0000000081400000, 0x0000000081400000| Complete 
|  20|0x0000000081400000, 0x0000000081500000, 0x0000000081500000|100%|HC|  |TAMS 0x0000000081500000, 0x0000000081500000| Complete 
|  21|0x0000000081500000, 0x0000000081600000, 0x0000000081600000|100%|HS|  |TAMS 0x0000000081600000, 0x0000000081600000| Complete 
|  22|0x0000000081600000, 0x0000000081700000, 0x0000000081700000|100%|HC|  |TAMS 0x0000000081700000, 0x0000000081700000| Complete 
|  23|0x0000000081700000, 0x0000000081800000, 0x0000000081800000|100%|HC|  |TAMS 0x0000000081800000, 0x0000000081800000| Complete 
|  24|0x0000000081800000, 0x0000000081900000, 0x0000000081900000|100%| O|  |TAMS 0x0000000081900000, 0x0000000081900000| Untracked 
|  25|0x0000000081900000, 0x0000000081a00000, 0x0000000081a00000|100%| O|  |TAMS 0x0000000081a00000, 0x0000000081a00000| Untracked 
|  26|0x0000000081a00000, 0x0000000081b00000, 0x0000000081b00000|100%| O|  |TAMS 0x0000000081b00000, 0x0000000081b00000| Untracked 
|  27|0x0000000081b00000, 0x0000000081c00000, 0x0000000081c00000|100%|HS|  |TAMS 0x0000000081c00000, 0x0000000081c00000| Complete 
|  28|0x0000000081c00000, 0x0000000081d00000, 0x0000000081d00000|100%|HC|  |TAMS 0x0000000081d00000, 0x0000000081d00000| Complete 
|  29|0x0000000081d00000, 0x0000000081e00000, 0x0000000081e00000|100%|HC|  |TAMS 0x0000000081e00000, 0x0000000081e00000| Complete 
|  30|0x0000000081e00000, 0x0000000081f00000, 0x0000000081f00000|100%| O|  |TAMS 0x0000000081f00000, 0x0000000081f00000| Untracked 
|  31|0x0000000081f00000, 0x0000000082000000, 0x0000000082000000|100%| O|  |TAMS 0x0000000082000000, 0x0000000082000000| Untracked 
|  32|0x0000000082000000, 0x0000000082100000, 0x0000000082100000|100%| O|  |TAMS 0x0000000082100000, 0x0000000082100000| Untracked 
|  33|0x0000000082100000, 0x0000000082200000, 0x0000000082200000|100%|HS|  |TAMS 0x0000000082200000, 0x0000000082200000| Complete 
|  34|0x0000000082200000, 0x0000000082300000, 0x0000000082300000|100%|HC|  |TAMS 0x0000000082300000, 0x0000000082300000| Complete 
|  35|0x0000000082300000, 0x0000000082400000, 0x0000000082400000|100%| O|  |TAMS 0x0000000082400000, 0x0000000082400000| Untracked 
|  36|0x0000000082400000, 0x0000000082500000, 0x0000000082500000|100%| O|  |TAMS 0x0000000082500000, 0x0000000082500000| Untracked 
|  37|0x0000000082500000, 0x0000000082600000, 0x0000000082600000|100%| O|  |TAMS 0x0000000082600000, 0x0000000082600000| Untracked 
|  38|0x0000000082600000, 0x0000000082700000, 0x0000000082700000|100%| O|  |TAMS 0x0000000082700000, 0x0000000082700000| Untracked 
|  39|0x0000000082700000, 0x0000000082800000, 0x0000000082800000|100%| O|  |TAMS 0x0000000082800000, 0x0000000082800000| Untracked 
|  40|0x0000000082800000, 0x0000000082900000, 0x0000000082900000|100%| O|  |TAMS 0x0000000082900000, 0x0000000082900000| Untracked 
|  41|0x0000000082900000, 0x0000000082a00000, 0x0000000082a00000|100%| O|  |TAMS 0x0000000082a00000, 0x0000000082a00000| Untracked 
|  42|0x0000000082a00000, 0x0000000082b00000, 0x0000000082b00000|100%| O|  |TAMS 0x0000000082b00000, 0x0000000082b00000| Untracked 
|  43|0x0000000082b00000, 0x0000000082c00000, 0x0000000082c00000|100%| O|  |TAMS 0x0000000082c00000, 0x0000000082c00000| Untracked 
|  44|0x0000000082c00000, 0x0000000082d00000, 0x0000000082d00000|100%| O|  |TAMS 0x0000000082d00000, 0x0000000082d00000| Untracked 
|  45|0x0000000082d00000, 0x0000000082e00000, 0x0000000082e00000|100%|HS|  |TAMS 0x0000000082e00000, 0x0000000082e00000| Complete 
|  46|0x0000000082e00000, 0x0000000082f00000, 0x0000000082f00000|100%|HC|  |TAMS 0x0000000082f00000, 0x0000000082f00000| Complete 
|  47|0x0000000082f00000, 0x0000000083000000, 0x0000000083000000|100%|HC|  |TAMS 0x0000000083000000, 0x0000000083000000| Complete 
|  48|0x0000000083000000, 0x0000000083100000, 0x0000000083100000|100%|HC|  |TAMS 0x0000000083100000, 0x0000000083100000| Complete 
|  49|0x0000000083100000, 0x0000000083200000, 0x0000000083200000|100%|HC|  |TAMS 0x0000000083200000, 0x0000000083200000| Complete 
|  50|0x0000000083200000, 0x0000000083300000, 0x0000000083300000|100%|HC|  |TAMS 0x0000000083300000, 0x0000000083300000| Complete 
|  51|0x0000000083300000, 0x0000000083400000, 0x0000000083400000|100%|HC|  |TAMS 0x0000000083400000, 0x0000000083400000| Complete 
|  52|0x0000000083400000, 0x0000000083500000, 0x0000000083500000|100%|HC|  |TAMS 0x0000000083500000, 0x0000000083500000| Complete 
|  53|0x0000000083500000, 0x0000000083600000, 0x0000000083600000|100%|HC|  |TAMS 0x0000000083600000, 0x0000000083600000| Complete 
|  54|0x0000000083600000, 0x0000000083700000, 0x0000000083700000|100%|HC|  |TAMS 0x0000000083700000, 0x0000000083700000| Complete 
|  55|0x0000000083700000, 0x0000000083800000, 0x0000000083800000|100%|HC|  |TAMS 0x0000000083800000, 0x0000000083800000| Complete 
|  56|0x0000000083800000, 0x0000000083900000, 0x0000000083900000|100%|HC|  |TAMS 0x0000000083900000, 0x0000000083900000| Complete 
|  57|0x0000000083900000, 0x0000000083a00000, 0x0000000083a00000|100%| O|  |TAMS 0x0000000083a00000, 0x0000000083a00000| Untracked 
|  58|0x0000000083a00000, 0x0000000083b00000, 0x0000000083b00000|100%|HS|  |TAMS 0x0000000083b00000, 0x0000000083b00000| Complete 
|  59|0x0000000083b00000, 0x0000000083c00000, 0x0000000083c00000|100%|HC|  |TAMS 0x0000000083c00000, 0x0000000083c00000| Complete 
|  60|0x0000000083c00000, 0x0000000083d00000, 0x0000000083d00000|100%|HC|  |TAMS 0x0000000083d00000, 0x0000000083d00000| Complete 
|  61|0x0000000083d00000, 0x0000000083e00000, 0x0000000083e00000|100%|HS|  |TAMS 0x0000000083e00000, 0x0000000083e00000| Complete 
|  62|0x0000000083e00000, 0x0000000083f00000, 0x0000000083f00000|100%|HC|  |TAMS 0x0000000083f00000, 0x0000000083f00000| Complete 
|  63|0x0000000083f00000, 0x0000000084000000, 0x0000000084000000|100%|HC|  |TAMS 0x0000000084000000, 0x0000000084000000| Complete 
|  64|0x0000000084000000, 0x0000000084100000, 0x0000000084100000|100%| O|  |TAMS 0x0000000084100000, 0x0000000084100000| Untracked 
|  65|0x0000000084100000, 0x0000000084200000, 0x0000000084200000|100%| O|  |TAMS 0x0000000084200000, 0x0000000084200000| Untracked 
|  66|0x0000000084200000, 0x0000000084300000, 0x0000000084300000|100%| O|  |TAMS 0x0000000084300000, 0x0000000084300000| Untracked 
|  67|0x0000000084300000, 0x0000000084400000, 0x0000000084400000|100%| O|  |TAMS 0x0000000084400000, 0x0000000084400000| Untracked 
|  68|0x0000000084400000, 0x0000000084500000, 0x0000000084500000|100%| O|  |TAMS 0x0000000084500000, 0x0000000084500000| Untracked 
|  69|0x0000000084500000, 0x0000000084600000, 0x0000000084600000|100%| O|  |TAMS 0x0000000084600000, 0x0000000084600000| Untracked 
|  70|0x0000000084600000, 0x0000000084700000, 0x0000000084700000|100%| O|  |TAMS 0x0000000084700000, 0x0000000084700000| Untracked 
|  71|0x0000000084700000, 0x0000000084800000, 0x0000000084800000|100%| O|  |TAMS 0x0000000084800000, 0x0000000084800000| Untracked 
|  72|0x0000000084800000, 0x0000000084900000, 0x0000000084900000|100%| O|  |TAMS 0x0000000084900000, 0x0000000084900000| Untracked 
|  73|0x0000000084900000, 0x0000000084a00000, 0x0000000084a00000|100%|HS|  |TAMS 0x0000000084a00000, 0x0000000084a00000| Complete 
|  74|0x0000000084a00000, 0x0000000084b00000, 0x0000000084b00000|100%|HS|  |TAMS 0x0000000084b00000, 0x0000000084b00000| Complete 
|  75|0x0000000084b00000, 0x0000000084c00000, 0x0000000084c00000|100%|HC|  |TAMS 0x0000000084c00000, 0x0000000084c00000| Complete 
|  76|0x0000000084c00000, 0x0000000084d00000, 0x0000000084d00000|100%|HS|  |TAMS 0x0000000084d00000, 0x0000000084d00000| Complete 
|  77|0x0000000084d00000, 0x0000000084e00000, 0x0000000084e00000|100%|HS|  |TAMS 0x0000000084e00000, 0x0000000084e00000| Complete 
|  78|0x0000000084e00000, 0x0000000084f00000, 0x0000000084f00000|100%|HC|  |TAMS 0x0000000084f00000, 0x0000000084f00000| Complete 
|  79|0x0000000084f00000, 0x0000000085000000, 0x0000000085000000|100%|HC|  |TAMS 0x0000000085000000, 0x0000000085000000| Complete 
|  80|0x0000000085000000, 0x0000000085100000, 0x0000000085100000|100%|HC|  |TAMS 0x0000000085100000, 0x0000000085100000| Complete 
|  81|0x0000000085100000, 0x0000000085200000, 0x0000000085200000|100%| O|  |TAMS 0x0000000085200000, 0x0000000085200000| Untracked 
|  82|0x0000000085200000, 0x0000000085300000, 0x0000000085300000|100%| O|  |TAMS 0x0000000085300000, 0x0000000085300000| Untracked 
|  83|0x0000000085300000, 0x0000000085400000, 0x0000000085400000|100%| O|  |TAMS 0x0000000085400000, 0x0000000085400000| Untracked 
|  84|0x0000000085400000, 0x0000000085500000, 0x0000000085500000|100%| O|  |TAMS 0x0000000085500000, 0x0000000085500000| Untracked 
|  85|0x0000000085500000, 0x0000000085600000, 0x0000000085600000|100%| O|  |TAMS 0x0000000085500000, 0x0000000085600000| Untracked 
|  86|0x0000000085600000, 0x0000000085700000, 0x0000000085700000|100%| O|  |TAMS 0x0000000085700000, 0x0000000085700000| Untracked 
|  87|0x0000000085700000, 0x0000000085800000, 0x0000000085800000|100%| O|  |TAMS 0x0000000085800000, 0x0000000085800000| Untracked 
|  88|0x0000000085800000, 0x0000000085900000, 0x0000000085900000|100%| O|  |TAMS 0x0000000085900000, 0x0000000085900000| Untracked 
|  89|0x0000000085900000, 0x0000000085a00000, 0x0000000085a00000|100%| O|  |TAMS 0x0000000085931000, 0x0000000085a00000| Untracked 
|  90|0x0000000085a00000, 0x0000000085b00000, 0x0000000085b00000|100%| O|  |TAMS 0x0000000085a00000, 0x0000000085b00000| Untracked 
|  91|0x0000000085b00000, 0x0000000085c00000, 0x0000000085c00000|100%|HS|  |TAMS 0x0000000085b00000, 0x0000000085c00000| Complete 
|  92|0x0000000085c00000, 0x0000000085c00000, 0x0000000085d00000|  0%| F|  |TAMS 0x0000000085c00000, 0x0000000085c00000| Untracked 
|  93|0x0000000085d00000, 0x0000000085e00000, 0x0000000085e00000|100%|HS|  |TAMS 0x0000000085d00000, 0x0000000085e00000| Complete 
|  94|0x0000000085e00000, 0x0000000085f00000, 0x0000000085f00000|100%|HS|  |TAMS 0x0000000085e00000, 0x0000000085f00000| Complete 
|  95|0x0000000085f00000, 0x0000000086000000, 0x0000000086000000|100%| O|  |TAMS 0x0000000085f00000, 0x0000000086000000| Untracked 
|  96|0x0000000086000000, 0x0000000086100000, 0x0000000086100000|100%| O|  |TAMS 0x0000000086000000, 0x0000000086100000| Untracked 
|  97|0x0000000086100000, 0x0000000086200000, 0x0000000086200000|100%| O|  |TAMS 0x0000000086100000, 0x0000000086200000| Untracked 
|  98|0x0000000086200000, 0x0000000086300000, 0x0000000086300000|100%| O|  |TAMS 0x0000000086200000, 0x0000000086300000| Untracked 
|  99|0x0000000086300000, 0x000000008633c000, 0x0000000086400000| 23%| O|  |TAMS 0x0000000086300000, 0x000000008633c000| Untracked 
| 100|0x0000000086400000, 0x0000000086400000, 0x0000000086500000|  0%| F|  |TAMS 0x0000000086400000, 0x0000000086400000| Untracked 
| 101|0x0000000086500000, 0x0000000086500000, 0x0000000086600000|  0%| F|  |TAMS 0x0000000086500000, 0x0000000086500000| Untracked 
| 102|0x0000000086600000, 0x0000000086600000, 0x0000000086700000|  0%| F|  |TAMS 0x0000000086600000, 0x0000000086600000| Untracked 
| 103|0x0000000086700000, 0x0000000086700000, 0x0000000086800000|  0%| F|  |TAMS 0x0000000086700000, 0x0000000086700000| Untracked 
| 104|0x0000000086800000, 0x0000000086800000, 0x0000000086900000|  0%| F|  |TAMS 0x0000000086800000, 0x0000000086800000| Untracked 
| 105|0x0000000086900000, 0x0000000086900000, 0x0000000086a00000|  0%| F|  |TAMS 0x0000000086900000, 0x0000000086900000| Untracked 
| 106|0x0000000086a00000, 0x0000000086a00000, 0x0000000086b00000|  0%| F|  |TAMS 0x0000000086a00000, 0x0000000086a00000| Untracked 
| 107|0x0000000086b00000, 0x0000000086b00000, 0x0000000086c00000|  0%| F|  |TAMS 0x0000000086b00000, 0x0000000086b00000| Untracked 
| 108|0x0000000086c00000, 0x0000000086c00000, 0x0000000086d00000|  0%| F|  |TAMS 0x0000000086c00000, 0x0000000086c00000| Untracked 
| 109|0x0000000086d00000, 0x0000000086d00000, 0x0000000086e00000|  0%| F|  |TAMS 0x0000000086d00000, 0x0000000086d00000| Untracked 
| 110|0x0000000086e00000, 0x0000000086e00000, 0x0000000086f00000|  0%| F|  |TAMS 0x0000000086e00000, 0x0000000086e00000| Untracked 
| 111|0x0000000086f00000, 0x0000000086f00000, 0x0000000087000000|  0%| F|  |TAMS 0x0000000086f00000, 0x0000000086f00000| Untracked 
| 112|0x0000000087000000, 0x0000000087000000, 0x0000000087100000|  0%| F|  |TAMS 0x0000000087000000, 0x0000000087000000| Untracked 
| 113|0x0000000087100000, 0x0000000087100000, 0x0000000087200000|  0%| F|  |TAMS 0x0000000087100000, 0x0000000087100000| Untracked 
| 114|0x0000000087200000, 0x0000000087200000, 0x0000000087300000|  0%| F|  |TAMS 0x0000000087200000, 0x0000000087200000| Untracked 
| 115|0x0000000087300000, 0x0000000087300000, 0x0000000087400000|  0%| F|  |TAMS 0x0000000087300000, 0x0000000087300000| Untracked 
| 116|0x0000000087400000, 0x0000000087400000, 0x0000000087500000|  0%| F|  |TAMS 0x0000000087400000, 0x0000000087400000| Untracked 
| 117|0x0000000087500000, 0x0000000087500000, 0x0000000087600000|  0%| F|  |TAMS 0x0000000087500000, 0x0000000087500000| Untracked 
| 118|0x0000000087600000, 0x0000000087600000, 0x0000000087700000|  0%| F|  |TAMS 0x0000000087600000, 0x0000000087600000| Untracked 
| 119|0x0000000087700000, 0x0000000087700000, 0x0000000087800000|  0%| F|  |TAMS 0x0000000087700000, 0x0000000087700000| Untracked 
| 120|0x0000000087800000, 0x0000000087800000, 0x0000000087900000|  0%| F|  |TAMS 0x0000000087800000, 0x0000000087800000| Untracked 
| 121|0x0000000087900000, 0x0000000087900000, 0x0000000087a00000|  0%| F|  |TAMS 0x0000000087900000, 0x0000000087900000| Untracked 
| 122|0x0000000087a00000, 0x0000000087a00000, 0x0000000087b00000|  0%| F|  |TAMS 0x0000000087a00000, 0x0000000087a00000| Untracked 
| 123|0x0000000087b00000, 0x0000000087b00000, 0x0000000087c00000|  0%| F|  |TAMS 0x0000000087b00000, 0x0000000087b00000| Untracked 
| 124|0x0000000087c00000, 0x0000000087c00000, 0x0000000087d00000|  0%| F|  |TAMS 0x0000000087c00000, 0x0000000087c00000| Untracked 
| 125|0x0000000087d00000, 0x0000000087d00000, 0x0000000087e00000|  0%| F|  |TAMS 0x0000000087d00000, 0x0000000087d00000| Untracked 
| 126|0x0000000087e00000, 0x0000000087e00000, 0x0000000087f00000|  0%| F|  |TAMS 0x0000000087e00000, 0x0000000087e00000| Untracked 
| 127|0x0000000087f00000, 0x0000000087f00000, 0x0000000088000000|  0%| F|  |TAMS 0x0000000087f00000, 0x0000000087f00000| Untracked 
| 128|0x0000000088000000, 0x0000000088000000, 0x0000000088100000|  0%| F|  |TAMS 0x0000000088000000, 0x0000000088000000| Untracked 
| 129|0x0000000088100000, 0x0000000088100000, 0x0000000088200000|  0%| F|  |TAMS 0x0000000088100000, 0x0000000088100000| Untracked 
| 130|0x0000000088200000, 0x0000000088200000, 0x0000000088300000|  0%| F|  |TAMS 0x0000000088200000, 0x0000000088200000| Untracked 
| 131|0x0000000088300000, 0x0000000088300000, 0x0000000088400000|  0%| F|  |TAMS 0x0000000088300000, 0x0000000088300000| Untracked 
| 132|0x0000000088400000, 0x0000000088400000, 0x0000000088500000|  0%| F|  |TAMS 0x0000000088400000, 0x0000000088400000| Untracked 
| 133|0x0000000088500000, 0x0000000088500000, 0x0000000088600000|  0%| F|  |TAMS 0x0000000088500000, 0x0000000088500000| Untracked 
| 134|0x0000000088600000, 0x0000000088600000, 0x0000000088700000|  0%| F|  |TAMS 0x0000000088600000, 0x0000000088600000| Untracked 
| 135|0x0000000088700000, 0x0000000088700000, 0x0000000088800000|  0%| F|  |TAMS 0x0000000088700000, 0x0000000088700000| Untracked 
| 136|0x0000000088800000, 0x0000000088800000, 0x0000000088900000|  0%| F|  |TAMS 0x0000000088800000, 0x0000000088800000| Untracked 
| 137|0x0000000088900000, 0x0000000088900000, 0x0000000088a00000|  0%| F|  |TAMS 0x0000000088900000, 0x0000000088900000| Untracked 
| 138|0x0000000088a00000, 0x0000000088a00000, 0x0000000088b00000|  0%| F|  |TAMS 0x0000000088a00000, 0x0000000088a00000| Untracked 
| 139|0x0000000088b00000, 0x0000000088b00000, 0x0000000088c00000|  0%| F|  |TAMS 0x0000000088b00000, 0x0000000088b00000| Untracked 
| 140|0x0000000088c00000, 0x0000000088c00000, 0x0000000088d00000|  0%| F|  |TAMS 0x0000000088c00000, 0x0000000088c00000| Untracked 
| 141|0x0000000088d00000, 0x0000000088d00000, 0x0000000088e00000|  0%| F|  |TAMS 0x0000000088d00000, 0x0000000088d00000| Untracked 
| 142|0x0000000088e00000, 0x0000000088e00000, 0x0000000088f00000|  0%| F|  |TAMS 0x0000000088e00000, 0x0000000088e00000| Untracked 
| 143|0x0000000088f00000, 0x0000000088f00000, 0x0000000089000000|  0%| F|  |TAMS 0x0000000088f00000, 0x0000000088f00000| Untracked 
| 144|0x0000000089000000, 0x0000000089000000, 0x0000000089100000|  0%| F|  |TAMS 0x0000000089000000, 0x0000000089000000| Untracked 
| 145|0x0000000089100000, 0x0000000089100000, 0x0000000089200000|  0%| F|  |TAMS 0x0000000089100000, 0x0000000089100000| Untracked 
| 146|0x0000000089200000, 0x0000000089200000, 0x0000000089300000|  0%| F|  |TAMS 0x0000000089200000, 0x0000000089200000| Untracked 
| 147|0x0000000089300000, 0x0000000089300000, 0x0000000089400000|  0%| F|  |TAMS 0x0000000089300000, 0x0000000089300000| Untracked 
| 148|0x0000000089400000, 0x0000000089400000, 0x0000000089500000|  0%| F|  |TAMS 0x0000000089400000, 0x0000000089400000| Untracked 
| 149|0x0000000089500000, 0x0000000089500000, 0x0000000089600000|  0%| F|  |TAMS 0x0000000089500000, 0x0000000089500000| Untracked 
| 203|0x000000008cb00000, 0x000000008cb00000, 0x000000008cc00000|  0%| F|  |TAMS 0x000000008cb00000, 0x000000008cb00000| Untracked 
| 204|0x000000008cc00000, 0x000000008cc00000, 0x000000008cd00000|  0%| F|  |TAMS 0x000000008cc00000, 0x000000008cc00000| Untracked 
| 205|0x000000008cd00000, 0x000000008cdcb540, 0x000000008ce00000| 79%| S|CS|TAMS 0x000000008cd00000, 0x000000008cd00000| Complete 
| 206|0x000000008ce00000, 0x000000008cf00000, 0x000000008cf00000|100%| S|CS|TAMS 0x000000008ce00000, 0x000000008ce00000| Complete 
| 207|0x000000008cf00000, 0x000000008cf00000, 0x000000008d000000|  0%| F|  |TAMS 0x000000008cf00000, 0x000000008cf00000| Untracked 
| 208|0x000000008d000000, 0x000000008d000000, 0x000000008d100000|  0%| F|  |TAMS 0x000000008d000000, 0x000000008d000000| Untracked 
| 209|0x000000008d100000, 0x000000008d100000, 0x000000008d200000|  0%| F|  |TAMS 0x000000008d100000, 0x000000008d100000| Untracked 
| 210|0x000000008d200000, 0x000000008d200000, 0x000000008d300000|  0%| F|  |TAMS 0x000000008d200000, 0x000000008d200000| Untracked 
| 251|0x000000008fb00000, 0x000000008fb00000, 0x000000008fc00000|  0%| F|  |TAMS 0x000000008fb00000, 0x000000008fb00000| Untracked 

Card table byte_map: [0x0000022c55490000,0x0000022c55890000] _byte_map_base: 0x0000022c55090000

Marking Bits (Prev, Next): (CMBitMap*) 0x0000022c409d4df0, (CMBitMap*) 0x0000022c409d4db0
 Prev Bits: [0x0000022c57c90000, 0x0000022c59c90000)
 Next Bits: [0x0000022c55c90000, 0x0000022c57c90000)

Polling page: 0x0000022c455f0000

Metaspace:

Usage:
  Non-class:     56.17 MB used.
      Class:      8.58 MB used.
       Both:     64.74 MB used.

Virtual space:
  Non-class space:       64.00 MB reserved,      56.56 MB ( 88%) committed,  8 nodes.
      Class space:        1.00 GB reserved,       8.88 MB ( <1%) committed,  1 nodes.
             Both:        1.06 GB reserved,      65.44 MB (  6%) committed. 

Chunk freelists:
   Non-Class:  3.00 MB
       Class:  3.09 MB
        Both:  6.09 MB

MaxMetaspaceSize: unlimited
CompressedClassSpaceSize: 1.00 GB
Initial GC threshold: 21.00 MB
Current GC threshold: 101.69 MB
CDS: off
MetaspaceReclaimPolicy: balanced
 - commit_granule_bytes: 65536.
 - commit_granule_words: 8192.
 - virtual_space_node_default_size: 1048576.
 - enlarge_chunks_in_place: 1.
 - new_chunks_are_fully_committed: 0.
 - uncommit_free_chunks: 1.
 - use_allocation_guard: 0.
 - handle_deallocations: 1.


Internal statistics:

num_allocs_failed_limit: 3.
num_arena_births: 680.
num_arena_deaths: 0.
num_vsnodes_births: 9.
num_vsnodes_deaths: 0.
num_space_committed: 1047.
num_space_uncommitted: 0.
num_chunks_returned_to_freelist: 3.
num_chunks_taken_from_freelist: 2858.
num_chunk_merges: 3.
num_chunk_splits: 1898.
num_chunks_enlarged: 1287.
num_purges: 0.
num_inconsistent_stats: 0.

CodeHeap 'non-profiled nmethods': size=120000Kb used=3346Kb max_used=3499Kb free=116653Kb
 bounds [0x0000022c4d0e0000, 0x0000022c4d450000, 0x0000022c54610000]
CodeHeap 'profiled nmethods': size=120000Kb used=11519Kb max_used=11519Kb free=108480Kb
 bounds [0x0000022c45610000, 0x0000022c46160000, 0x0000022c4cb40000]
CodeHeap 'non-nmethods': size=5760Kb used=2348Kb max_used=2421Kb free=3411Kb
 bounds [0x0000022c4cb40000, 0x0000022c4cdb0000, 0x0000022c4d0e0000]
 total_blobs=6895 nmethods=6020 adapters=787
 compilation: enabled
              stopped_count=0, restarted_count=0
 full_count=0

Compilation events (20 events):
Event: 16.565 Thread 0x0000022c5fc926a0 6836       4       java.util.ImmutableCollections$MapN::get (35 bytes)
Event: 16.566 Thread 0x0000022c5d08b8c0 nmethod 6840 0x0000022c45c3dc10 code [0x0000022c45c3de60, 0x0000022c45c3e588]
Event: 16.566 Thread 0x0000022c5d08b8c0 6841       3       sun.security.util.DerValue::getOID (76 bytes)
Event: 16.567 Thread 0x0000022c5d08b8c0 nmethod 6841 0x0000022c45c3cf90 code [0x0000022c45c3d1e0, 0x0000022c45c3d938]
Event: 16.567 Thread 0x0000022c5d08b8c0 6845       3       java.math.BigInteger::primitiveLeftShift (37 bytes)
Event: 16.568 Thread 0x0000022c5d08b8c0 nmethod 6845 0x0000022c45c3c810 code [0x0000022c45c3c9e0, 0x0000022c45c3cdb8]
Event: 16.568 Thread 0x0000022c5d08b8c0 6842       3       sun.security.util.ObjectIdentifier::<init> (39 bytes)
Event: 16.568 Thread 0x0000022c5d08b8c0 nmethod 6842 0x0000022c456f3010 code [0x0000022c456f31c0, 0x0000022c456f3478]
Event: 16.574 Thread 0x0000022c5d08b8c0 6847       3       java.math.MutableBigInteger::add (346 bytes)
Event: 16.576 Thread 0x0000022c5d08b8c0 nmethod 6847 0x0000022c45e3c610 code [0x0000022c45e3c820, 0x0000022c45e3d248]
Event: 16.578 Thread 0x0000022c5d08b8c0 6850       3       java.math.BigInteger::multiplyToLen (20 bytes)
Event: 16.579 Thread 0x0000022c5d08b8c0 nmethod 6850 0x0000022c45e3b910 code [0x0000022c45e3bb40, 0x0000022c45e3c288]
Event: 16.579 Thread 0x0000022c5d08b8c0 6851       3       java.math.BigInteger::montgomeryMultiply (54 bytes)
Event: 16.580 Thread 0x0000022c5d08b8c0 nmethod 6851 0x0000022c45e3b110 code [0x0000022c45e3b300, 0x0000022c45e3b718]
Event: 16.580 Thread 0x0000022c5d08b8c0 6852       3       java.math.BigInteger::implMontgomeryMultiply (22 bytes)
Event: 16.580 Thread 0x0000022c5d08b8c0 nmethod 6852 0x0000022c45c3c390 code [0x0000022c45c3c540, 0x0000022c45c3c6b8]
Event: 16.582 Thread 0x0000022c5d08b8c0 6853       3       sun.security.util.ObjectIdentifier::hashCode (8 bytes)
Event: 16.582 Thread 0x0000022c5d08b8c0 nmethod 6853 0x0000022c45e3ad90 code [0x0000022c45e3af20, 0x0000022c45e3b068]
Event: 16.583 Thread 0x0000022c5d081ec0 nmethod 6835 0x0000022c4d26e090 code [0x0000022c4d26e240, 0x0000022c4d26e988]
Event: 16.583 Thread 0x0000022c5d081ec0 6843       4       java.math.BigInteger::montReduce (99 bytes)

GC Heap History (20 events):
Event: 11.584 GC heap after
{Heap after GC invocations=21 (full 0):
 garbage-first heap   total 114688K, used 68371K [0x0000000080000000, 0x0000000100000000)
  region size 1024K, 4 young (4096K), 4 survivors (4096K)
 Metaspace       used 47939K, committed 48384K, reserved 1097728K
  class space    used 6348K, committed 6528K, reserved 1048576K
}
Event: 12.155 GC heap before
{Heap before GC invocations=22 (full 0):
 garbage-first heap   total 121856K, used 90899K [0x0000000080000000, 0x0000000100000000)
  region size 1024K, 25 young (25600K), 4 survivors (4096K)
 Metaspace       used 49724K, committed 50240K, reserved 1097728K
  class space    used 6514K, committed 6720K, reserved 1048576K
}
Event: 12.163 GC heap after
{Heap after GC invocations=23 (full 0):
 garbage-first heap   total 121856K, used 70341K [0x0000000080000000, 0x0000000100000000)
  region size 1024K, 3 young (3072K), 3 survivors (3072K)
 Metaspace       used 49724K, committed 50240K, reserved 1097728K
  class space    used 6514K, committed 6720K, reserved 1048576K
}
Event: 12.949 GC heap before
{Heap before GC invocations=23 (full 0):
 garbage-first heap   total 121856K, used 94917K [0x0000000080000000, 0x0000000100000000)
  region size 1024K, 27 young (27648K), 3 survivors (3072K)
 Metaspace       used 52433K, committed 52928K, reserved 1097728K
  class space    used 6990K, committed 7168K, reserved 1048576K
}
Event: 12.957 GC heap after
{Heap after GC invocations=24 (full 0):
 garbage-first heap   total 121856K, used 72257K [0x0000000080000000, 0x0000000100000000)
  region size 1024K, 2 young (2048K), 2 survivors (2048K)
 Metaspace       used 52433K, committed 52928K, reserved 1097728K
  class space    used 6990K, committed 7168K, reserved 1048576K
}
Event: 13.811 GC heap before
{Heap before GC invocations=25 (full 0):
 garbage-first heap   total 128000K, used 95809K [0x0000000080000000, 0x0000000100000000)
  region size 1024K, 25 young (25600K), 2 survivors (2048K)
 Metaspace       used 54490K, committed 55040K, reserved 1097728K
  class space    used 7271K, committed 7488K, reserved 1048576K
}
Event: 13.820 GC heap after
{Heap after GC invocations=26 (full 0):
 garbage-first heap   total 128000K, used 74478K [0x0000000080000000, 0x0000000100000000)
  region size 1024K, 4 young (4096K), 4 survivors (4096K)
 Metaspace       used 54490K, committed 55040K, reserved 1097728K
  class space    used 7271K, committed 7488K, reserved 1048576K
}
Event: 14.251 GC heap before
{Heap before GC invocations=26 (full 0):
 garbage-first heap   total 128000K, used 92910K [0x0000000080000000, 0x0000000100000000)
  region size 1024K, 24 young (24576K), 4 survivors (4096K)
 Metaspace       used 54812K, committed 55424K, reserved 1097728K
  class space    used 7301K, committed 7552K, reserved 1048576K
}
Event: 14.258 GC heap after
{Heap after GC invocations=27 (full 0):
 garbage-first heap   total 128000K, used 76377K [0x0000000080000000, 0x0000000100000000)
  region size 1024K, 3 young (3072K), 3 survivors (3072K)
 Metaspace       used 54812K, committed 55424K, reserved 1097728K
  class space    used 7301K, committed 7552K, reserved 1048576K
}
Event: 14.419 GC heap before
{Heap before GC invocations=28 (full 0):
 garbage-first heap   total 143360K, used 92761K [0x0000000080000000, 0x0000000100000000)
  region size 1024K, 12 young (12288K), 3 survivors (3072K)
 Metaspace       used 55178K, committed 55808K, reserved 1097728K
  class space    used 7363K, committed 7616K, reserved 1048576K
}
Event: 14.425 GC heap after
{Heap after GC invocations=29 (full 0):
 garbage-first heap   total 143360K, used 89780K [0x0000000080000000, 0x0000000100000000)
  region size 1024K, 4 young (4096K), 4 survivors (4096K)
 Metaspace       used 55178K, committed 55808K, reserved 1097728K
  class space    used 7363K, committed 7616K, reserved 1048576K
}
Event: 14.844 GC heap before
{Heap before GC invocations=30 (full 0):
 garbage-first heap   total 162816K, used 108212K [0x0000000080000000, 0x0000000100000000)
  region size 1024K, 22 young (22528K), 4 survivors (4096K)
 Metaspace       used 57277K, committed 57856K, reserved 1105920K
  class space    used 7648K, committed 7872K, reserved 1048576K
}
Event: 14.849 GC heap after
{Heap after GC invocations=31 (full 0):
 garbage-first heap   total 162816K, used 92178K [0x0000000080000000, 0x0000000100000000)
  region size 1024K, 3 young (3072K), 3 survivors (3072K)
 Metaspace       used 57277K, committed 57856K, reserved 1105920K
  class space    used 7648K, committed 7872K, reserved 1048576K
}
Event: 15.465 GC heap before
{Heap before GC invocations=31 (full 0):
 garbage-first heap   total 162816K, used 116754K [0x0000000080000000, 0x0000000100000000)
  region size 1024K, 27 young (27648K), 3 survivors (3072K)
 Metaspace       used 61612K, committed 62208K, reserved 1105920K
  class space    used 8141K, committed 8384K, reserved 1048576K
}
Event: 15.470 GC heap after
{Heap after GC invocations=32 (full 0):
 garbage-first heap   total 162816K, used 93067K [0x0000000080000000, 0x0000000100000000)
  region size 1024K, 1 young (1024K), 1 survivors (1024K)
 Metaspace       used 61612K, committed 62208K, reserved 1105920K
  class space    used 8141K, committed 8384K, reserved 1048576K
}
Event: 16.504 GC heap before
{Heap before GC invocations=33 (full 0):
 garbage-first heap   total 162816K, used 120715K [0x0000000080000000, 0x0000000100000000)
  region size 1024K, 28 young (28672K), 1 survivors (1024K)
 Metaspace       used 66292K, committed 67008K, reserved 1114112K
  class space    used 8783K, committed 9088K, reserved 1048576K
}
Event: 16.511 GC heap after
{Heap after GC invocations=34 (full 0):
 garbage-first heap   total 162816K, used 97269K [0x0000000080000000, 0x0000000100000000)
  region size 1024K, 4 young (4096K), 4 survivors (4096K)
 Metaspace       used 66292K, committed 67008K, reserved 1114112K
  class space    used 8783K, committed 9088K, reserved 1048576K
}
Event: 16.537 GC heap before
{Heap before GC invocations=34 (full 0):
 garbage-first heap   total 162816K, used 103413K [0x0000000080000000, 0x0000000100000000)
  region size 1024K, 7 young (7168K), 4 survivors (4096K)
 Metaspace       used 66292K, committed 67008K, reserved 1114112K
  class space    used 8783K, committed 9088K, reserved 1048576K
}
Event: 16.547 GC heap after
{Heap after GC invocations=35 (full 0):
 garbage-first heap   total 162816K, used 100592K [0x0000000080000000, 0x0000000100000000)
  region size 1024K, 1 young (1024K), 1 survivors (1024K)
 Metaspace       used 66292K, committed 67008K, reserved 1114112K
  class space    used 8783K, committed 9088K, reserved 1048576K
}
Event: 16.589 GC heap before
{Heap before GC invocations=35 (full 0):
 garbage-first heap   total 162816K, used 103664K [0x0000000080000000, 0x0000000100000000)
  region size 1024K, 5 young (5120K), 1 survivors (1024K)
 Metaspace       used 66297K, committed 67008K, reserved 1114112K
  class space    used 8783K, committed 9088K, reserved 1048576K
}

Dll operation events (2 events):
Event: 0.031 Loaded shared library C:\Program Files\Android\Android Studio1\jbr\bin\java.dll
Event: 1.110 Loaded shared library C:\Program Files\Android\Android Studio1\jbr\bin\verify.dll

Deoptimization events (20 events):
Event: 16.577 Thread 0x0000022c60241e00 DEOPT PACKING pc=0x0000022c4570daff sp=0x00000056c9df1c50
Event: 16.577 Thread 0x0000022c60241e00 DEOPT UNPACKING pc=0x0000022c4cb97143 sp=0x00000056c9df10d0 mode 0
Event: 16.577 Thread 0x0000022c60241e00 DEOPT PACKING pc=0x0000022c4570e2e6 sp=0x00000056c9df1b40
Event: 16.577 Thread 0x0000022c60241e00 DEOPT UNPACKING pc=0x0000022c4cb97143 sp=0x00000056c9df0fc0 mode 0
Event: 16.577 Thread 0x0000022c60241e00 DEOPT PACKING pc=0x0000022c456b3338 sp=0x00000056c9df1c20
Event: 16.577 Thread 0x0000022c60241e00 DEOPT UNPACKING pc=0x0000022c4cb97143 sp=0x00000056c9df10a0 mode 0
Event: 16.577 Thread 0x0000022c60241e00 DEOPT PACKING pc=0x0000022c456b3338 sp=0x00000056c9df1c10
Event: 16.577 Thread 0x0000022c60241e00 DEOPT UNPACKING pc=0x0000022c4cb97143 sp=0x00000056c9df1090 mode 0
Event: 16.578 Thread 0x0000022c60241e00 DEOPT PACKING pc=0x0000022c456b3338 sp=0x00000056c9df1c20
Event: 16.578 Thread 0x0000022c60241e00 DEOPT UNPACKING pc=0x0000022c4cb97143 sp=0x00000056c9df10a0 mode 0
Event: 16.579 Thread 0x0000022c60241e00 DEOPT PACKING pc=0x0000022c456b3338 sp=0x00000056c9df1c20
Event: 16.579 Thread 0x0000022c60241e00 DEOPT UNPACKING pc=0x0000022c4cb97143 sp=0x00000056c9df10a0 mode 0
Event: 16.580 Thread 0x0000022c60241e00 DEOPT PACKING pc=0x0000022c4570daff sp=0x00000056c9df1c50
Event: 16.580 Thread 0x0000022c60241e00 DEOPT UNPACKING pc=0x0000022c4cb97143 sp=0x00000056c9df10d0 mode 0
Event: 16.580 Thread 0x0000022c60241e00 DEOPT PACKING pc=0x0000022c4570e2e6 sp=0x00000056c9df1b40
Event: 16.580 Thread 0x0000022c60241e00 DEOPT UNPACKING pc=0x0000022c4cb97143 sp=0x00000056c9df0fc0 mode 0
Event: 16.580 Thread 0x0000022c60241e00 DEOPT PACKING pc=0x0000022c456b3338 sp=0x00000056c9df1bd0
Event: 16.580 Thread 0x0000022c60241e00 DEOPT UNPACKING pc=0x0000022c4cb97143 sp=0x00000056c9df1028 mode 0
Event: 16.581 Thread 0x0000022c60241e00 DEOPT PACKING pc=0x0000022c456b3338 sp=0x00000056c9df1bd0
Event: 16.581 Thread 0x0000022c60241e00 DEOPT UNPACKING pc=0x0000022c4cb97143 sp=0x00000056c9df1028 mode 0

Classes unloaded (0 events):
No events

Classes redefined (0 events):
No events

Internal exceptions (20 events):
Event: 13.229 Thread 0x0000022c60241e00 Exception <a 'java/lang/NoSuchMethodError'{0x00000000873b08b8}: 'java.lang.Object java.lang.invoke.DirectMethodHandle$Holder.invokeStatic(java.lang.Object, java.lang.Object, java.lang.Object, java.lang.Object, java.lang.Object, java.lang.Object, java.lang.Object, java.lang.Object, java.lang.Object, java.lang.Object, java.lang.Object, java.lang.Object, java.lang.Object, java.lang.Object, java.lang.Object, java.lang.Object, java.lang.Object, java.lang.Object)'> (0x00000000873b08b8) 
thrown [s\src\hotspot\sha
Event: 13.234 Thread 0x0000022c60241e00 Exception <a 'java/lang/NoSuchMethodError'{0x00000000873d9488}: 'java.lang.Object java.lang.invoke.DirectMethodHandle$Holder.invokeStatic(java.lang.Object, java.lang.Object, java.lang.Object, java.lang.Object, java.lang.Object, java.lang.Object, java.lang.Object, java.lang.Object, java.lang.Object, java.lang.Object, java.lang.Object, java.lang.Object, java.lang.Object, java.lang.Object, java.lang.Object, java.lang.Object, java.lang.Object, java.lang.Object, java.lang.Object)'> (0x00000000873d9488) 
thrown 
Event: 13.239 Thread 0x0000022c60241e00 Exception <a 'java/lang/NoSuchMethodError'{0x00000000872039b8}: 'java.lang.Object java.lang.invoke.DirectMethodHandle$Holder.invokeStatic(java.lang.Object, java.lang.Object, java.lang.Object, java.lang.Object, java.lang.Object, java.lang.Object, java.lang.Object, java.lang.Object, java.lang.Object, java.lang.Object, java.lang.Object, java.lang.Object, java.lang.Object, java.lang.Object, java.lang.Object, java.lang.Object, java.lang.Object, java.lang.Object, java.lang.Object, java.lang.Object)'> (0x00000000
Event: 13.242 Thread 0x0000022c60241e00 Exception <a 'java/lang/NoSuchMethodError'{0x000000008722e870}: 'java.lang.Object java.lang.invoke.DirectMethodHandle$Holder.invokeStatic(java.lang.Object, java.lang.Object, java.lang.Object, java.lang.Object, java.lang.Object, java.lang.Object, java.lang.Object, java.lang.Object, java.lang.Object, java.lang.Object, java.lang.Object, java.lang.Object, java.lang.Object, java.lang.Object, java.lang.Object, java.lang.Object, java.lang.Object, java.lang.Object, java.lang.Object, java.lang.Object, java.lang.Obj
Event: 13.246 Thread 0x0000022c60241e00 Exception <a 'java/lang/NoSuchMethodError'{0x000000008725a0c8}: 'java.lang.Object java.lang.invoke.DirectMethodHandle$Holder.invokeStatic(java.lang.Object, java.lang.Object, java.lang.Object, java.lang.Object, java.lang.Object, java.lang.Object, java.lang.Object, java.lang.Object, java.lang.Object, java.lang.Object, java.lang.Object, java.lang.Object, java.lang.Object, java.lang.Object, java.lang.Object, java.lang.Object, java.lang.Object, java.lang.Object, java.lang.Object, java.lang.Object, java.lang.Obj
Event: 13.250 Thread 0x0000022c60241e00 Exception <a 'java/lang/NoSuchMethodError'{0x0000000087287608}: 'java.lang.Object java.lang.invoke.DirectMethodHandle$Holder.invokeStatic(java.lang.Object, java.lang.Object, java.lang.Object, java.lang.Object, java.lang.Object, java.lang.Object, java.lang.Object, java.lang.Object, java.lang.Object, java.lang.Object, java.lang.Object, java.lang.Object, java.lang.Object, java.lang.Object, java.lang.Object, java.lang.Object, java.lang.Object, java.lang.Object, java.lang.Object, java.lang.Object, java.lang.Obj
Event: 13.256 Thread 0x0000022c60241e00 Exception <a 'java/lang/NoSuchMethodError'{0x00000000872b61b0}: 'java.lang.Object java.lang.invoke.DirectMethodHandle$Holder.invokeStatic(java.lang.Object, java.lang.Object, java.lang.Object, java.lang.Object, java.lang.Object, java.lang.Object, java.lang.Object, java.lang.Object, java.lang.Object, java.lang.Object, java.lang.Object, java.lang.Object, java.lang.Object, java.lang.Object, java.lang.Object, java.lang.Object, java.lang.Object, java.lang.Object, java.lang.Object, java.lang.Object, java.lang.Obj
Event: 13.790 Thread 0x0000022c60241e00 Implicit null exception at 0x0000022c4d437fef to 0x0000022c4d438264
Event: 14.162 Thread 0x0000022c6042dac0 Implicit null exception at 0x0000022c4d11f972 to 0x0000022c4d11ff8c
Event: 14.163 Thread 0x0000022c6042dac0 Implicit null exception at 0x0000022c4d1340f2 to 0x0000022c4d13472c
Event: 14.243 Thread 0x0000022c60241e00 Exception <a 'java/lang/ClassNotFoundException'{0x0000000086935a78}: build_1hnf72aoudgttzjn6i4vj3rxtBeanInfo> (0x0000000086935a78) 
thrown [s\src\hotspot\share\classfile\systemDictionary.cpp, line 256]
Event: 14.244 Thread 0x0000022c60241e00 Exception <a 'java/lang/ClassNotFoundException'{0x000000008693c2f8}: build_1hnf72aoudgttzjn6i4vj3rxtCustomizer> (0x000000008693c2f8) 
thrown [s\src\hotspot\share\classfile\systemDictionary.cpp, line 256]
Event: 14.651 Thread 0x0000022c60241e00 Exception <a 'java/lang/NoSuchMethodError'{0x000000008939f350}: 'java.lang.Object java.lang.invoke.DirectMethodHandle$Holder.newInvokeSpecial(java.lang.Object, java.lang.Object, java.lang.Object, java.lang.Object, int)'> (0x000000008939f350) 
thrown [s\src\hotspot\share\interpreter\linkResolver.cpp, line 771]
Event: 14.652 Thread 0x0000022c60241e00 Exception <a 'java/lang/NoSuchMethodError'{0x00000000893a4798}: 'java.lang.Object java.lang.invoke.DirectMethodHandle$Holder.invokeSpecial(java.lang.Object, java.lang.Object, java.lang.Object, java.lang.Object, java.lang.Object, int)'> (0x00000000893a4798) 
thrown [s\src\hotspot\share\interpreter\linkResolver.cpp, line 771]
Event: 14.652 Thread 0x0000022c60241e00 Exception <a 'java/lang/NoSuchMethodError'{0x00000000893a9518}: 'java.lang.Object java.lang.invoke.Invokers$Holder.linkToTargetMethod(java.lang.Object, java.lang.Object, java.lang.Object, int, java.lang.Object)'> (0x00000000893a9518) 
thrown [s\src\hotspot\share\interpreter\linkResolver.cpp, line 771]
Event: 15.046 Thread 0x0000022c60241e00 Exception <a 'java/lang/NoSuchMethodError'{0x000000008cc4f438}: 'int java.lang.invoke.DirectMethodHandle$Holder.invokeInterface(java.lang.Object, java.lang.Object, java.lang.Object, java.lang.Object)'> (0x000000008cc4f438) 
thrown [s\src\hotspot\share\interpreter\linkResolver.cpp, line 771]
Event: 15.894 Thread 0x0000022c60241e00 Exception <a 'java/lang/IncompatibleClassChangeError'{0x00000000893f5438}: Found class java.lang.Object, but interface was expected> (0x00000000893f5438) 
thrown [s\src\hotspot\share\interpreter\linkResolver.cpp, line 838]
Event: 16.001 Thread 0x0000022c60241e00 Implicit null exception at 0x0000022c4d3c85e0 to 0x0000022c4d3c878c
Event: 16.001 Thread 0x0000022c60241e00 Implicit null exception at 0x0000022c4d3c4ae0 to 0x0000022c4d3c67b4
Event: 16.340 Thread 0x0000022c60241e00 Implicit null exception at 0x0000022c4d2e258c to 0x0000022c4d2e26c6

VM Operations (20 events):
Event: 14.545 Executing VM operation: G1Concurrent done
Event: 14.844 Executing VM operation: G1CollectForAllocation
Event: 14.849 Executing VM operation: G1CollectForAllocation done
Event: 15.029 Executing VM operation: HandshakeAllThreads
Event: 15.030 Executing VM operation: HandshakeAllThreads done
Event: 15.043 Executing VM operation: HandshakeAllThreads
Event: 15.043 Executing VM operation: HandshakeAllThreads done
Event: 15.465 Executing VM operation: G1CollectForAllocation
Event: 15.471 Executing VM operation: G1CollectForAllocation done
Event: 15.555 Executing VM operation: G1Concurrent
Event: 15.559 Executing VM operation: G1Concurrent done
Event: 15.604 Executing VM operation: G1Concurrent
Event: 15.604 Executing VM operation: G1Concurrent done
Event: 16.273 Executing VM operation: HandshakeAllThreads
Event: 16.273 Executing VM operation: HandshakeAllThreads done
Event: 16.503 Executing VM operation: G1CollectForAllocation
Event: 16.511 Executing VM operation: G1CollectForAllocation done
Event: 16.537 Executing VM operation: G1CollectForAllocation
Event: 16.547 Executing VM operation: G1CollectForAllocation done
Event: 16.589 Executing VM operation: G1TryInitiateConcMark

Events (20 events):
Event: 16.427 loading class java/security/cert/CertPathValidatorException$BasicReason
Event: 16.428 loading class java/security/cert/CertPathValidatorException$Reason
Event: 16.428 loading class java/security/cert/CertPathValidatorException$Reason done
Event: 16.428 loading class java/security/cert/CertPathValidatorException$BasicReason done
Event: 16.428 loading class java/security/SignatureException
Event: 16.429 loading class java/security/SignatureException done
Event: 16.440 loading class sun/security/rsa/RSASignature$SHA256withRSA
Event: 16.440 loading class sun/security/rsa/RSASignature$SHA256withRSA done
Event: 16.443 loading class sun/security/provider/DSA$SHA256withDSA
Event: 16.444 loading class sun/security/provider/DSA$SHA256withDSA done
Event: 16.477 loading class java/util/Base64
Event: 16.478 loading class java/util/Base64 done
Event: 16.478 loading class java/util/Base64$Decoder
Event: 16.478 loading class java/util/Base64$Decoder done
Event: 16.478 loading class java/util/Base64$Encoder
Event: 16.478 loading class java/util/Base64$Encoder done
Event: 16.480 loading class java/util/jar/JarVerifier$VerifierStream
Event: 16.481 loading class java/util/jar/JarVerifier$VerifierStream done
Event: 16.481 loading class sun/security/util/ManifestEntryVerifier$SunProviderHolder
Event: 16.481 loading class sun/security/util/ManifestEntryVerifier$SunProviderHolder done


Dynamic libraries:
0x00007ff67e3d0000 - 0x00007ff67e3da000 	C:\Program Files\Android\Android Studio1\jbr\bin\java.exe
0x00007ff921030000 - 0x00007ff921247000 	C:\WINDOWS\SYSTEM32\ntdll.dll
0x00007ff91ed80000 - 0x00007ff91ee44000 	C:\WINDOWS\System32\KERNEL32.DLL
0x00007ff91e3a0000 - 0x00007ff91e745000 	C:\WINDOWS\System32\KERNELBASE.dll
0x00007ff91ead0000 - 0x00007ff91ebe1000 	C:\WINDOWS\System32\ucrtbase.dll
0x00007ff8f7800000 - 0x00007ff8f7817000 	C:\Program Files\Android\Android Studio1\jbr\bin\jli.dll
0x00007ff9207f0000 - 0x00007ff92099e000 	C:\WINDOWS\System32\USER32.dll
0x00007ff91e750000 - 0x00007ff91e776000 	C:\WINDOWS\System32\win32u.dll
0x00007ff91fc40000 - 0x00007ff91fc69000 	C:\WINDOWS\System32\GDI32.dll
0x00007ff91ec60000 - 0x00007ff91ed79000 	C:\WINDOWS\System32\gdi32full.dll
0x00007ff91ea30000 - 0x00007ff91eaca000 	C:\WINDOWS\System32\msvcp_win.dll
0x00007ff8f61b0000 - 0x00007ff8f61cb000 	C:\Program Files\Android\Android Studio1\jbr\bin\VCRUNTIME140.dll
0x00007ff902650000 - 0x00007ff9028e3000 	C:\WINDOWS\WinSxS\amd64_microsoft.windows.common-controls_6595b64144ccf1df_6.0.22621.2506_none_270c5ae97388e100\COMCTL32.dll
0x00007ff91f030000 - 0x00007ff91f0d7000 	C:\WINDOWS\System32\msvcrt.dll
0x00007ff91f220000 - 0x00007ff91f251000 	C:\WINDOWS\System32\IMM32.DLL
0x00007ff903470000 - 0x00007ff90347c000 	C:\Program Files\Android\Android Studio1\jbr\bin\vcruntime140_1.dll
0x00007ff8d56e0000 - 0x00007ff8d576d000 	C:\Program Files\Android\Android Studio1\jbr\bin\msvcp140.dll
0x00007ff8d5a90000 - 0x00007ff8d66fe000 	C:\Program Files\Android\Android Studio1\jbr\bin\server\jvm.dll
0x00007ff920390000 - 0x00007ff920441000 	C:\WINDOWS\System32\ADVAPI32.dll
0x00007ff91fb80000 - 0x00007ff91fc26000 	C:\WINDOWS\System32\sechost.dll
0x00007ff9206d0000 - 0x00007ff9207e7000 	C:\WINDOWS\System32\RPCRT4.dll
0x00007ff8d68c0000 - 0x00007ff8d68c9000 	C:\WINDOWS\SYSTEM32\WSOCK32.dll
0x00007ff91fb00000 - 0x00007ff91fb71000 	C:\WINDOWS\System32\WS2_32.dll
0x00007ff914dc0000 - 0x00007ff914dca000 	C:\WINDOWS\SYSTEM32\VERSION.dll
0x00007ff914f90000 - 0x00007ff914fc4000 	C:\WINDOWS\SYSTEM32\WINMM.dll
0x00007ff91d300000 - 0x00007ff91d318000 	C:\WINDOWS\SYSTEM32\kernel.appcore.dll
0x00007ff9056c0000 - 0x00007ff9056ca000 	C:\Program Files\Android\Android Studio1\jbr\bin\jimage.dll
0x00007ff918980000 - 0x00007ff918bb3000 	C:\WINDOWS\SYSTEM32\DBGHELP.DLL
0x00007ff9209a0000 - 0x00007ff920d29000 	C:\WINDOWS\System32\combase.dll
0x00007ff9200f0000 - 0x00007ff9201c7000 	C:\WINDOWS\System32\OLEAUT32.dll
0x00007ff8f6ac0000 - 0x00007ff8f6af2000 	C:\WINDOWS\SYSTEM32\dbgcore.DLL
0x00007ff91e9b0000 - 0x00007ff91ea2a000 	C:\WINDOWS\System32\bcryptPrimitives.dll
0x00007ff903410000 - 0x00007ff903435000 	C:\Program Files\Android\Android Studio1\jbr\bin\java.dll
0x00007ff9033f0000 - 0x00007ff903408000 	C:\Program Files\Android\Android Studio1\jbr\bin\zip.dll
0x00007ff91f260000 - 0x00007ff91fab9000 	C:\WINDOWS\System32\SHELL32.dll
0x00007ff91c270000 - 0x00007ff91cb64000 	C:\WINDOWS\SYSTEM32\windows.storage.dll
0x00007ff91c130000 - 0x00007ff91c26e000 	C:\WINDOWS\SYSTEM32\wintypes.dll
0x00007ff920450000 - 0x00007ff920543000 	C:\WINDOWS\System32\SHCORE.dll
0x00007ff91f1b0000 - 0x00007ff91f20e000 	C:\WINDOWS\System32\shlwapi.dll
0x00007ff91e2d0000 - 0x00007ff91e2f6000 	C:\WINDOWS\SYSTEM32\profapi.dll
0x00007ff8fca80000 - 0x00007ff8fca99000 	C:\Program Files\Android\Android Studio1\jbr\bin\net.dll
0x00007ff9146e0000 - 0x00007ff914817000 	C:\WINDOWS\SYSTEM32\WINHTTP.dll
0x00007ff91d7d0000 - 0x00007ff91d839000 	C:\WINDOWS\system32\mswsock.dll
0x00007ff8fbf60000 - 0x00007ff8fbf76000 	C:\Program Files\Android\Android Studio1\jbr\bin\nio.dll
0x00007ff903640000 - 0x00007ff903650000 	C:\Program Files\Android\Android Studio1\jbr\bin\verify.dll
0x00007ff8f5010000 - 0x00007ff8f5037000 	C:\Users\User\.gradle\native\68d5fa5c4cc2d200863cafc0d521ce42e7d3e7ee720ec0a83991735586a16f82\windows-amd64\native-platform.dll
0x00007ff867af0000 - 0x00007ff867c34000 	C:\Users\User\.gradle\native\e376f236ea51e6404a007f0833ffe2c6e607c4080706a723a18a27aeea778392\windows-amd64\native-platform-file-events.dll
0x00007ff8fbf50000 - 0x00007ff8fbf59000 	C:\Program Files\Android\Android Studio1\jbr\bin\management.dll
0x00007ff8f9740000 - 0x00007ff8f974b000 	C:\Program Files\Android\Android Studio1\jbr\bin\management_ext.dll
0x00007ff91f210000 - 0x00007ff91f218000 	C:\WINDOWS\System32\PSAPI.DLL
0x00007ff91dc10000 - 0x00007ff91dc2b000 	C:\WINDOWS\SYSTEM32\CRYPTSP.dll
0x00007ff91d2c0000 - 0x00007ff91d2f5000 	C:\WINDOWS\system32\rsaenh.dll
0x00007ff91d870000 - 0x00007ff91d89c000 	C:\WINDOWS\SYSTEM32\USERENV.dll
0x00007ff91dd50000 - 0x00007ff91dd78000 	C:\WINDOWS\SYSTEM32\bcrypt.dll
0x00007ff91dbf0000 - 0x00007ff91dbfc000 	C:\WINDOWS\SYSTEM32\CRYPTBASE.dll
0x00007ff91cdd0000 - 0x00007ff91cdfd000 	C:\WINDOWS\SYSTEM32\IPHLPAPI.DLL
0x00007ff91fad0000 - 0x00007ff91fad9000 	C:\WINDOWS\System32\NSI.dll
0x00007ff9144b0000 - 0x00007ff9144c9000 	C:\WINDOWS\SYSTEM32\dhcpcsvc6.DLL
0x00007ff914490000 - 0x00007ff9144af000 	C:\WINDOWS\SYSTEM32\dhcpcsvc.DLL
0x00007ff91ce40000 - 0x00007ff91cf39000 	C:\WINDOWS\SYSTEM32\DNSAPI.dll
0x00007ff8f9730000 - 0x00007ff8f9738000 	C:\WINDOWS\system32\wshunix.dll

dbghelp: loaded successfully - version: 4.0.5 - missing functions: none
symbol engine: initialized successfully - sym options: 0x614 - pdb path: .;C:\Program Files\Android\Android Studio1\jbr\bin;C:\WINDOWS\SYSTEM32;C:\WINDOWS\WinSxS\amd64_microsoft.windows.common-controls_6595b64144ccf1df_6.0.22621.2506_none_270c5ae97388e100;C:\Program Files\Android\Android Studio1\jbr\bin\server;C:\Users\User\.gradle\native\68d5fa5c4cc2d200863cafc0d521ce42e7d3e7ee720ec0a83991735586a16f82\windows-amd64;C:\Users\User\.gradle\native\e376f236ea51e6404a007f0833ffe2c6e607c4080706a723a18a27aeea778392\windows-amd64

VM Arguments:
jvm_args: --add-opens=java.base/java.util=ALL-UNNAMED --add-opens=java.base/java.lang=ALL-UNNAMED --add-opens=java.base/java.lang.invoke=ALL-UNNAMED --add-opens=java.prefs/java.util.prefs=ALL-UNNAMED --add-opens=java.base/java.nio.charset=ALL-UNNAMED --add-opens=java.base/java.net=ALL-UNNAMED --add-opens=java.base/java.util.concurrent.atomic=ALL-UNNAMED -Xmx2048m -Dfile.encoding=UTF-8 -Duser.country=US -Duser.language=en -Duser.variant 
java_command: org.gradle.launcher.daemon.bootstrap.GradleDaemon 8.0
java_class_path (initial): C:\Users\User\.gradle\wrapper\dists\gradle-8.0-bin\ca5e32bp14vu59qr306oxotwh\gradle-8.0\lib\gradle-launcher-8.0.jar
Launcher Type: SUN_STANDARD

[Global flags]
     intx CICompilerCount                          = 4                                         {product} {ergonomic}
     uint ConcGCThreads                            = 2                                         {product} {ergonomic}
     uint G1ConcRefinementThreads                  = 8                                         {product} {ergonomic}
   size_t G1HeapRegionSize                         = 1048576                                   {product} {ergonomic}
    uintx GCDrainStackTargetSize                   = 64                                        {product} {ergonomic}
   size_t InitialHeapSize                          = 264241152                                 {product} {ergonomic}
   size_t MarkStackSize                            = 4194304                                   {product} {ergonomic}
   size_t MaxHeapSize                              = 2147483648                                {product} {command line}
   size_t MaxNewSize                               = 1287651328                                {product} {ergonomic}
   size_t MinHeapDeltaBytes                        = 1048576                                   {product} {ergonomic}
   size_t MinHeapSize                              = 8388608                                   {product} {ergonomic}
    uintx NonNMethodCodeHeapSize                   = 5839372                                {pd product} {ergonomic}
    uintx NonProfiledCodeHeapSize                  = 122909434                              {pd product} {ergonomic}
    uintx ProfiledCodeHeapSize                     = 122909434                              {pd product} {ergonomic}
    uintx ReservedCodeCacheSize                    = 251658240                              {pd product} {ergonomic}
     bool SegmentedCodeCache                       = true                                      {product} {ergonomic}
   size_t SoftMaxHeapSize                          = 2147483648                             {manageable} {ergonomic}
     bool UseCompressedClassPointers               = true                           {product lp64_product} {ergonomic}
     bool UseCompressedOops                        = true                           {product lp64_product} {ergonomic}
     bool UseG1GC                                  = true                                      {product} {ergonomic}
     bool UseLargePagesIndividualAllocation        = false                                  {pd product} {ergonomic}

Logging:
Log output configuration:
 #0: stdout all=warning uptime,level,tags
 #1: stderr all=off uptime,level,tags

Environment Variables:
PATH=C:\Program Files (x86)\Common Files\Oracle\Java\javapath;C:\WINDOWS\system32;C:\WINDOWS;C:\WINDOWS\System32\Wbem;C:\WINDOWS\System32\WindowsPowerShell\v1.0\;C:\WINDOWS\System32\OpenSSH\;C:\Program Files\nodejs\;C:\ProgramData\chocolatey\bin;C:\xampp\php;C:\Program Files\Java\jre1.8.0_291\bin;C:\Program Files\Git\cmd;C:\php-8.1.6-Win32-vs16-x64;C:\Users\User\AppData\Local\Microsoft\WindowsApps;C:\Users\User\AppData\Local\Programs\Microsoft VS Code\bin;C:\Users\User\AppData\Roaming\npm;C:\Program Files\heroku\bin;C:\src\flutter\bin;C:\Program Files\JetBrains\PyCharm Community Edition 2021.2.2\bin;C:\Users\User\AppData\Local\Microsoft\WindowsApps;C:\Flutter\bin
USERNAME=User
OS=Windows_NT
PROCESSOR_IDENTIFIER=Intel64 Family 6 Model 142 Stepping 10, GenuineIntel
TMP=C:\Users\User\AppData\Local\Temp
TEMP=C:\Users\User\AppData\Local\Temp


JNI global refs:
JNI global refs: 24, weak refs: 0

JNI global refs memory usage: 843, weak refs: 209


---------------  S Y S T E M  ---------------

OS:
 Windows 11 , 64 bit Build 22621 (10.0.22621.2506)
OS uptime: 0 days 6:41 hours
Hyper-V role detected

CPU: total 8 (initial active 8) (4 cores per cpu, 2 threads per core) family 6 model 142 stepping 10 microcode 0xf4, cx8, cmov, fxsr, ht, mmx, 3dnowpref, sse, sse2, sse3, ssse3, sse4.1, sse4.2, popcnt, lzcnt, tsc, tscinvbit, avx, avx2, aes, erms, clmul, bmi1, bmi2, rtm, adx, fma, vzeroupper, clflush, clflushopt, hv

Memory: 4k page, system-wide physical 16003M (1649M free)
TotalPageFile size 38602M (AvailPageFile size 26M)
current process WorkingSet (physical memory assigned to process): 352M, peak: 356M
current process commit charge ("private bytes"): 401M, peak: 454M

vm_info: OpenJDK 64-Bit Server VM (17.0.6+0-b2043.56-10027231) for windows-amd64 JRE (17.0.6+0-b2043.56-10027231), built on Apr 28 2023 00:43:19 by "androidbuild" with MS VC++ 16.10 / 16.11 (VS2019)

END.
