#
# There is insufficient memory for the Java Runtime Environment to continue.
# Native memory allocation (mmap) failed to map 70254592 bytes for G1 virtual space
# Possible reasons:
#   The system is out of physical RAM or swap space
#   The process is running with CompressedOops enabled, and the Java Heap may be blocking the growth of the native heap
# Possible solutions:
#   Reduce memory load on the system
#   Increase physical memory or swap space
#   Check if swap backing store is full
#   Decrease Java heap size (-Xmx/-Xms)
#   Decrease number of Java threads
#   Decrease Java thread stack sizes (-Xss)
#   Set larger code cache with -XX:ReservedCodeCacheSize=
#   JVM is running with Unscaled Compressed Oops mode in which the Java heap is
#     placed in the first 4GB address space. The Java Heap base address is the
#     maximum limit for the native heap growth. Please use -XX:HeapBaseMinAddress
#     to set the Java Heap base and to place the Java Heap above 4GB virtual address.
# This output file may be truncated or incomplete.
#
#  Out of Memory Error (os_windows.cpp:3769), pid=18828, tid=26392
#
# JRE version: OpenJDK Runtime Environment (17.0.6) (build 17.0.6+0-b2043.56-10027231)
# Java VM: OpenJDK 64-Bit Server VM (17.0.6+0-b2043.56-10027231, mixed mode, tiered, compressed oops, compressed class ptrs, g1 gc, windows-amd64)
# No core dump will be written. Minidumps are not enabled by default on client versions of Windows
#

---------------  S U M M A R Y ------------

Command Line: --add-opens=java.base/java.util=ALL-UNNAMED --add-opens=java.base/java.lang=ALL-UNNAMED --add-opens=java.base/java.lang.invoke=ALL-UNNAMED --add-opens=java.prefs/java.util.prefs=ALL-UNNAMED --add-opens=java.base/java.nio.charset=ALL-UNNAMED --add-opens=java.base/java.net=ALL-UNNAMED --add-opens=java.base/java.util.concurrent.atomic=ALL-UNNAMED -Xmx2048m -Dfile.encoding=UTF-8 -Duser.country=US -Duser.language=en -Duser.variant org.gradle.launcher.daemon.bootstrap.GradleDaemon 8.0

Host: Intel(R) Core(TM) i5-8350U CPU @ 1.70GHz, 8 cores, 15G,  Windows 11 , 64 bit Build 22621 (10.0.22621.2506)
Time: Fri Nov 24 16:27:08 2023 W. Central Africa Standard Time elapsed time: 16.181312 seconds (0d 0h 0m 16s)

---------------  T H R E A D  ---------------

Current thread (0x00000134ff630760):  VMThread "VM Thread" [stack: 0x00000027cf700000,0x00000027cf800000] [id=26392]

Stack: [0x00000027cf700000,0x00000027cf800000]
Native frames: (J=compiled Java code, j=interpreted, Vv=VM code, C=native code)
V  [jvm.dll+0x683c9a]
V  [jvm.dll+0x8427a4]
V  [jvm.dll+0x843f9e]
V  [jvm.dll+0x844603]
V  [jvm.dll+0x249b75]
V  [jvm.dll+0x680b69]
V  [jvm.dll+0x67505a]
V  [jvm.dll+0x309acb]
V  [jvm.dll+0x310f86]
V  [jvm.dll+0x3608ee]
V  [jvm.dll+0x360b1f]
V  [jvm.dll+0x2dfbf8]
V  [jvm.dll+0x2ddec4]
V  [jvm.dll+0x2dd4cc]
V  [jvm.dll+0x321f3b]
V  [jvm.dll+0x848ccb]
V  [jvm.dll+0x849a04]
V  [jvm.dll+0x849f1d]
V  [jvm.dll+0x84a2f4]
V  [jvm.dll+0x84a3c0]
V  [jvm.dll+0x7f274a]
V  [jvm.dll+0x682ad5]
C  [ucrtbase.dll+0x29363]
C  [KERNEL32.DLL+0x1257d]
C  [ntdll.dll+0x5aa58]

VM_Operation (0x00000027d10f3bd0): G1CollectForAllocation, mode: safepoint, requested by thread 0x0000013490e59900


---------------  P R O C E S S  ---------------

Threads class SMR info:
_java_thread_list=0x00000134932b2050, length=125, elements={
0x00000134f47e8c00, 0x000001348f8328d0, 0x000001348f833740, 0x000001348f8794e0,
0x000001348f87a350, 0x000001348f87de20, 0x000001348f87e7d0, 0x000001348f87f560,
0x000001348f884be0, 0x000001348f885d70, 0x000001348fa06260, 0x000001348fa06730,
0x0000013490e585c0, 0x0000013490e58f60, 0x0000013490e580f0, 0x0000013490e59430,
0x0000013490e56db0, 0x0000013490e5a770, 0x0000013490e59900, 0x0000013490e59dd0,
0x0000013490e58a90, 0x0000013490e57280, 0x0000013490e57750, 0x0000013490e5a2a0,
0x0000013490a4a990, 0x0000013490a46630, 0x0000013490a46160, 0x0000013490a49650,
0x0000013490a452f0, 0x0000013490a46fd0, 0x0000013490a487e0, 0x0000013490a48cb0,
0x0000013490a49180, 0x0000013490a47e40, 0x0000013490a49ff0, 0x0000013490a4c1a0,
0x0000013490a4ae60, 0x0000013490a46b00, 0x0000013490a49b20, 0x0000013490a45c90,
0x0000013490a47970, 0x0000013490a457c0, 0x0000013492770920, 0x0000013492772130,
0x00000134927747b0, 0x000001349276ff80, 0x000001349276d900, 0x000001349276f110,
0x0000013492772fa0, 0x000001349276ddd0, 0x000001349276e2a0, 0x0000013492772600,
0x0000013492772ad0, 0x000001349276e770, 0x00000134927712c0, 0x0000013492773470,
0x000001349276f5e0, 0x0000013492770df0, 0x0000013492773940, 0x000001349276fab0,
0x0000013492773e10, 0x00000134927742e0, 0x0000013492770450, 0x0000013492774c80,
0x0000013492775150, 0x0000013492771790, 0x000001349276ec40, 0x00000134950d45f0,
0x00000134950d7fb0, 0x00000134950d62d0, 0x00000134950d4f90, 0x00000134950d97c0,
0x00000134950d92f0, 0x00000134950d9c90, 0x00000134950d8e20, 0x00000134950d8480,
0x00000134950d5930, 0x00000134950d6c70, 0x00000134950d4ac0, 0x00000134950d7140,
0x00000134950d5460, 0x00000134950dab00, 0x00000134950d4120, 0x00000134950d5e00,
0x00000134950d67a0, 0x00000134950d7610, 0x00000134950d7ae0, 0x00000134950d8950,
0x00000134950da160, 0x00000134950d3c50, 0x00000134950da630, 0x00000134950dafd0,
0x00000134950db4a0, 0x00000134934d2490, 0x00000134934d37d0, 0x00000134934d3ca0,
0x00000134934d7660, 0x00000134934d9340, 0x00000134934d2960, 0x00000134934d4170,
0x00000134934d7190, 0x00000134934d6320, 0x00000134934d7b30, 0x00000134934d3300,
0x00000134934d9810, 0x00000134934d1fc0, 0x00000134934d4640, 0x00000134934d2e30,
0x00000134934d4b10, 0x00000134934d67f0, 0x00000134934d4fe0, 0x00000134934d54b0,
0x00000134934d5980, 0x00000134934d5e50, 0x00000134934d6cc0, 0x00000134934d8e70,
0x00000134934d8000, 0x00000134934d84d0, 0x00000134934d89a0, 0x00000134900cea90,
0x00000134900cac00, 0x00000134900cdc20, 0x00000134900cd280, 0x0000013490fa6fd0,
0x0000013490fa8410
}

Java Threads: ( => current thread )
  0x00000134f47e8c00 JavaThread "main" [_thread_blocked, id=21756, stack(0x00000027cf100000,0x00000027cf200000)]
  0x000001348f8328d0 JavaThread "Reference Handler" daemon [_thread_blocked, id=22036, stack(0x00000027cf800000,0x00000027cf900000)]
  0x000001348f833740 JavaThread "Finalizer" daemon [_thread_blocked, id=17244, stack(0x00000027cf900000,0x00000027cfa00000)]
  0x000001348f8794e0 JavaThread "Signal Dispatcher" daemon [_thread_blocked, id=22776, stack(0x00000027cfa00000,0x00000027cfb00000)]
  0x000001348f87a350 JavaThread "Attach Listener" daemon [_thread_blocked, id=22420, stack(0x00000027cfb00000,0x00000027cfc00000)]
  0x000001348f87de20 JavaThread "Service Thread" daemon [_thread_blocked, id=26716, stack(0x00000027cfc00000,0x00000027cfd00000)]
  0x000001348f87e7d0 JavaThread "Monitor Deflation Thread" daemon [_thread_blocked, id=26076, stack(0x00000027cfd00000,0x00000027cfe00000)]
  0x000001348f87f560 JavaThread "C2 CompilerThread0" daemon [_thread_in_native, id=26580, stack(0x00000027cfe00000,0x00000027cff00000)]
  0x000001348f884be0 JavaThread "C1 CompilerThread0" daemon [_thread_blocked, id=24216, stack(0x00000027cff00000,0x00000027d0000000)]
  0x000001348f885d70 JavaThread "Sweeper thread" daemon [_thread_blocked, id=14732, stack(0x00000027d0000000,0x00000027d0100000)]
  0x000001348fa06260 JavaThread "Common-Cleaner" daemon [_thread_blocked, id=24352, stack(0x00000027d0100000,0x00000027d0200000)]
  0x000001348fa06730 JavaThread "Notification Thread" daemon [_thread_blocked, id=21124, stack(0x00000027d0200000,0x00000027d0300000)]
  0x0000013490e585c0 JavaThread "Daemon health stats" [_thread_blocked, id=25460, stack(0x00000027d0b00000,0x00000027d0c00000)]
  0x0000013490e58f60 JavaThread "Incoming local TCP Connector on port 57647" [_thread_in_native, id=14228, stack(0x00000027d0400000,0x00000027d0500000)]
  0x0000013490e580f0 JavaThread "Daemon periodic checks" [_thread_blocked, id=21616, stack(0x00000027d0500000,0x00000027d0600000)]
  0x0000013490e59430 JavaThread "Daemon" [_thread_blocked, id=1480, stack(0x00000027d0d00000,0x00000027d0e00000)]
  0x0000013490e56db0 JavaThread "Handler for socket connection from /127.0.0.1:57647 to /127.0.0.1:57648" [_thread_in_native, id=20128, stack(0x00000027d0e00000,0x00000027d0f00000)]
  0x0000013490e5a770 JavaThread "Cancel handler" [_thread_blocked, id=21528, stack(0x00000027d0f00000,0x00000027d1000000)]
  0x0000013490e59900 JavaThread "Daemon worker" [_thread_blocked, id=9108, stack(0x00000027d1000000,0x00000027d1100000)]
  0x0000013490e59dd0 JavaThread "Asynchronous log dispatcher for DefaultDaemonConnection: socket connection from /127.0.0.1:57647 to /127.0.0.1:57648" [_thread_blocked, id=23076, stack(0x00000027d1100000,0x00000027d1200000)]
  0x0000013490e58a90 JavaThread "Stdin handler" [_thread_blocked, id=24972, stack(0x00000027d1200000,0x00000027d1300000)]
  0x0000013490e57280 JavaThread "Daemon client event forwarder" [_thread_blocked, id=19216, stack(0x00000027d1300000,0x00000027d1400000)]
  0x0000013490e57750 JavaThread "Cache worker for journal cache (C:\Users\User\.gradle\caches\journal-1)" [_thread_blocked, id=26356, stack(0x00000027d1700000,0x00000027d1800000)]
  0x0000013490e5a2a0 JavaThread "File lock request listener" [_thread_in_native, id=25424, stack(0x00000027d1800000,0x00000027d1900000)]
  0x0000013490a4a990 JavaThread "Cache worker for file hash cache (C:\Users\User\.gradle\caches\8.0\fileHashes)" [_thread_blocked, id=10120, stack(0x00000027d1900000,0x00000027d1a00000)]
  0x0000013490a46630 JavaThread "File watcher server" daemon [_thread_in_native, id=24964, stack(0x00000027d1b00000,0x00000027d1c00000)]
  0x0000013490a46160 JavaThread "File watcher consumer" daemon [_thread_blocked, id=27084, stack(0x00000027d1c00000,0x00000027d1d00000)]
  0x0000013490a49650 JavaThread "jar transforms" [_thread_blocked, id=26692, stack(0x00000027d1d00000,0x00000027d1e00000)]
  0x0000013490a452f0 JavaThread "jar transforms Thread 2" [_thread_blocked, id=26712, stack(0x00000027d1e00000,0x00000027d1f00000)]
  0x0000013490a46fd0 JavaThread "jar transforms Thread 3" [_thread_blocked, id=27572, stack(0x00000027d1f00000,0x00000027d2000000)]
  0x0000013490a487e0 JavaThread "jar transforms Thread 4" [_thread_blocked, id=10460, stack(0x00000027d2000000,0x00000027d2100000)]
  0x0000013490a48cb0 JavaThread "jar transforms Thread 5" [_thread_blocked, id=18044, stack(0x00000027d2100000,0x00000027d2200000)]
  0x0000013490a49180 JavaThread "jar transforms Thread 6" [_thread_blocked, id=6440, stack(0x00000027d2200000,0x00000027d2300000)]
  0x0000013490a47e40 JavaThread "jar transforms Thread 7" [_thread_blocked, id=24104, stack(0x00000027d2300000,0x00000027d2400000)]
  0x0000013490a49ff0 JavaThread "jar transforms Thread 8" [_thread_blocked, id=27080, stack(0x00000027d2400000,0x00000027d2500000)]
  0x0000013490a4c1a0 JavaThread "Cache worker for checksums cache (C:\Users\User\Documents\PROJECTS\resuablelogin\.gradle\8.0\checksums)" [_thread_blocked, id=25712, stack(0x00000027d2500000,0x00000027d2600000)]
  0x0000013490a4ae60 JavaThread "Cache worker for cache directory md-rule (C:\Users\User\.gradle\caches\8.0\md-rule)" [_thread_blocked, id=27120, stack(0x00000027d2600000,0x00000027d2700000)]
  0x0000013490a46b00 JavaThread "Cache worker for file content cache (C:\Users\User\.gradle\caches\8.0\fileContent)" [_thread_blocked, id=24540, stack(0x00000027d2700000,0x00000027d2800000)]
  0x0000013490a49b20 JavaThread "Cache worker for file hash cache (C:\Users\User\Documents\PROJECTS\resuablelogin\.gradle\8.0\fileHashes)" [_thread_blocked, id=18848, stack(0x00000027d2800000,0x00000027d2900000)]
  0x0000013490a45c90 JavaThread "Cache worker for cache directory md-supplier (C:\Users\User\.gradle\caches\8.0\md-supplier)" [_thread_blocked, id=22836, stack(0x00000027d2900000,0x00000027d2a00000)]
  0x0000013490a47970 JavaThread "Cache worker for execution history cache (C:\Users\User\.gradle\caches\8.0\executionHistory)" [_thread_blocked, id=3148, stack(0x00000027d2a00000,0x00000027d2b00000)]
  0x0000013490a457c0 JavaThread "Cache worker for dependencies-accessors (C:\Users\User\Documents\PROJECTS\resuablelogin\.gradle\8.0\dependencies-accessors)" [_thread_blocked, id=12712, stack(0x00000027d2b00000,0x00000027d2c00000)]
  0x0000013492770920 JavaThread "Cache worker for Build Output Cleanup Cache (C:\Users\User\Documents\PROJECTS\resuablelogin\.gradle\buildOutputCleanup)" [_thread_blocked, id=14408, stack(0x00000027d0c00000,0x00000027d0d00000)]
  0x0000013492772130 JavaThread "Unconstrained build operations" [_thread_blocked, id=25928, stack(0x00000027d2d00000,0x00000027d2e00000)]
  0x00000134927747b0 JavaThread "Unconstrained build operations Thread 2" [_thread_blocked, id=24656, stack(0x00000027d2e00000,0x00000027d2f00000)]
  0x000001349276ff80 JavaThread "Unconstrained build operations Thread 3" [_thread_blocked, id=25288, stack(0x00000027d2f00000,0x00000027d3000000)]
  0x000001349276d900 JavaThread "Unconstrained build operations Thread 4" [_thread_blocked, id=19040, stack(0x00000027d3000000,0x00000027d3100000)]
  0x000001349276f110 JavaThread "Unconstrained build operations Thread 5" [_thread_blocked, id=23308, stack(0x00000027d3100000,0x00000027d3200000)]
  0x0000013492772fa0 JavaThread "Unconstrained build operations Thread 6" [_thread_blocked, id=24396, stack(0x00000027d3200000,0x00000027d3300000)]
  0x000001349276ddd0 JavaThread "Unconstrained build operations Thread 7" [_thread_blocked, id=25372, stack(0x00000027d3300000,0x00000027d3400000)]
  0x000001349276e2a0 JavaThread "Unconstrained build operations Thread 8" [_thread_blocked, id=25516, stack(0x00000027d3400000,0x00000027d3500000)]
  0x0000013492772600 JavaThread "Unconstrained build operations Thread 9" [_thread_blocked, id=25696, stack(0x00000027d3500000,0x00000027d3600000)]
  0x0000013492772ad0 JavaThread "Unconstrained build operations Thread 10" [_thread_blocked, id=22224, stack(0x00000027d3600000,0x00000027d3700000)]
  0x000001349276e770 JavaThread "Unconstrained build operations Thread 11" [_thread_blocked, id=23504, stack(0x00000027d3700000,0x00000027d3800000)]
  0x00000134927712c0 JavaThread "Unconstrained build operations Thread 12" [_thread_blocked, id=27336, stack(0x00000027d3800000,0x00000027d3900000)]
  0x0000013492773470 JavaThread "Unconstrained build operations Thread 13" [_thread_blocked, id=26724, stack(0x00000027d3900000,0x00000027d3a00000)]
  0x000001349276f5e0 JavaThread "Unconstrained build operations Thread 14" [_thread_blocked, id=17480, stack(0x00000027d3a00000,0x00000027d3b00000)]
  0x0000013492770df0 JavaThread "Unconstrained build operations Thread 15" [_thread_blocked, id=3652, stack(0x00000027d3b00000,0x00000027d3c00000)]
  0x0000013492773940 JavaThread "Unconstrained build operations Thread 16" [_thread_blocked, id=6700, stack(0x00000027d3c00000,0x00000027d3d00000)]
  0x000001349276fab0 JavaThread "Unconstrained build operations Thread 17" [_thread_blocked, id=15420, stack(0x00000027d3d00000,0x00000027d3e00000)]
  0x0000013492773e10 JavaThread "Unconstrained build operations Thread 18" [_thread_blocked, id=23288, stack(0x00000027d3e00000,0x00000027d3f00000)]
  0x00000134927742e0 JavaThread "Unconstrained build operations Thread 19" [_thread_blocked, id=26980, stack(0x00000027d3f00000,0x00000027d4000000)]
  0x0000013492770450 JavaThread "Unconstrained build operations Thread 20" [_thread_blocked, id=26344, stack(0x00000027d4000000,0x00000027d4100000)]
  0x0000013492774c80 JavaThread "Unconstrained build operations Thread 21" [_thread_blocked, id=22948, stack(0x00000027d4100000,0x00000027d4200000)]
  0x0000013492775150 JavaThread "Unconstrained build operations Thread 22" [_thread_blocked, id=17644, stack(0x00000027d4200000,0x00000027d4300000)]
  0x0000013492771790 JavaThread "Unconstrained build operations Thread 23" [_thread_blocked, id=26292, stack(0x00000027d4300000,0x00000027d4400000)]
  0x000001349276ec40 JavaThread "Unconstrained build operations Thread 24" [_thread_blocked, id=15700, stack(0x00000027d4400000,0x00000027d4500000)]
  0x00000134950d45f0 JavaThread "Unconstrained build operations Thread 25" [_thread_blocked, id=21748, stack(0x00000027d4500000,0x00000027d4600000)]
  0x00000134950d7fb0 JavaThread "Unconstrained build operations Thread 26" [_thread_blocked, id=22860, stack(0x00000027d4600000,0x00000027d4700000)]
  0x00000134950d62d0 JavaThread "Unconstrained build operations Thread 27" [_thread_blocked, id=25980, stack(0x00000027d4700000,0x00000027d4800000)]
  0x00000134950d4f90 JavaThread "Unconstrained build operations Thread 28" [_thread_blocked, id=8964, stack(0x00000027d4800000,0x00000027d4900000)]
  0x00000134950d97c0 JavaThread "Unconstrained build operations Thread 29" [_thread_blocked, id=26080, stack(0x00000027d4900000,0x00000027d4a00000)]
  0x00000134950d92f0 JavaThread "Unconstrained build operations Thread 30" [_thread_blocked, id=14136, stack(0x00000027d4a00000,0x00000027d4b00000)]
  0x00000134950d9c90 JavaThread "Unconstrained build operations Thread 31" [_thread_blocked, id=25176, stack(0x00000027d4b00000,0x00000027d4c00000)]
  0x00000134950d8e20 JavaThread "Unconstrained build operations Thread 32" [_thread_blocked, id=24528, stack(0x00000027d4c00000,0x00000027d4d00000)]
  0x00000134950d8480 JavaThread "Unconstrained build operations Thread 33" [_thread_blocked, id=25704, stack(0x00000027d4d00000,0x00000027d4e00000)]
  0x00000134950d5930 JavaThread "Unconstrained build operations Thread 34" [_thread_blocked, id=14908, stack(0x00000027d4e00000,0x00000027d4f00000)]
  0x00000134950d6c70 JavaThread "Unconstrained build operations Thread 35" [_thread_blocked, id=21780, stack(0x00000027d4f00000,0x00000027d5000000)]
  0x00000134950d4ac0 JavaThread "Unconstrained build operations Thread 36" [_thread_blocked, id=24228, stack(0x00000027d5000000,0x00000027d5100000)]
  0x00000134950d7140 JavaThread "Unconstrained build operations Thread 37" [_thread_blocked, id=22464, stack(0x00000027d5100000,0x00000027d5200000)]
  0x00000134950d5460 JavaThread "Unconstrained build operations Thread 38" [_thread_blocked, id=8852, stack(0x00000027d5200000,0x00000027d5300000)]
  0x00000134950dab00 JavaThread "Unconstrained build operations Thread 39" [_thread_blocked, id=14324, stack(0x00000027d5300000,0x00000027d5400000)]
  0x00000134950d4120 JavaThread "Unconstrained build operations Thread 40" [_thread_blocked, id=12436, stack(0x00000027d5400000,0x00000027d5500000)]
  0x00000134950d5e00 JavaThread "Unconstrained build operations Thread 41" [_thread_blocked, id=17624, stack(0x00000027d5500000,0x00000027d5600000)]
  0x00000134950d67a0 JavaThread "Unconstrained build operations Thread 42" [_thread_blocked, id=23516, stack(0x00000027d5600000,0x00000027d5700000)]
  0x00000134950d7610 JavaThread "Unconstrained build operations Thread 43" [_thread_blocked, id=24756, stack(0x00000027d5700000,0x00000027d5800000)]
  0x00000134950d7ae0 JavaThread "Unconstrained build operations Thread 44" [_thread_blocked, id=22456, stack(0x00000027d5800000,0x00000027d5900000)]
  0x00000134950d8950 JavaThread "Unconstrained build operations Thread 45" [_thread_blocked, id=7356, stack(0x00000027d5900000,0x00000027d5a00000)]
  0x00000134950da160 JavaThread "Unconstrained build operations Thread 46" [_thread_blocked, id=13364, stack(0x00000027d5a00000,0x00000027d5b00000)]
  0x00000134950d3c50 JavaThread "Unconstrained build operations Thread 47" [_thread_blocked, id=23964, stack(0x00000027d5b00000,0x00000027d5c00000)]
  0x00000134950da630 JavaThread "Unconstrained build operations Thread 48" [_thread_blocked, id=25084, stack(0x00000027d5c00000,0x00000027d5d00000)]
  0x00000134950dafd0 JavaThread "Unconstrained build operations Thread 49" [_thread_blocked, id=14680, stack(0x00000027d5d00000,0x00000027d5e00000)]
  0x00000134950db4a0 JavaThread "Unconstrained build operations Thread 50" [_thread_blocked, id=22672, stack(0x00000027d5e00000,0x00000027d5f00000)]
  0x00000134934d2490 JavaThread "Unconstrained build operations Thread 51" [_thread_blocked, id=17820, stack(0x00000027d5f00000,0x00000027d6000000)]
  0x00000134934d37d0 JavaThread "Unconstrained build operations Thread 52" [_thread_blocked, id=27188, stack(0x00000027d6000000,0x00000027d6100000)]
  0x00000134934d3ca0 JavaThread "Unconstrained build operations Thread 53" [_thread_blocked, id=24052, stack(0x00000027d6100000,0x00000027d6200000)]
  0x00000134934d7660 JavaThread "Unconstrained build operations Thread 54" [_thread_blocked, id=24776, stack(0x00000027d6200000,0x00000027d6300000)]
  0x00000134934d9340 JavaThread "Unconstrained build operations Thread 55" [_thread_blocked, id=23476, stack(0x00000027d6300000,0x00000027d6400000)]
  0x00000134934d2960 JavaThread "Unconstrained build operations Thread 56" [_thread_blocked, id=24592, stack(0x00000027d6400000,0x00000027d6500000)]
  0x00000134934d4170 JavaThread "Unconstrained build operations Thread 57" [_thread_blocked, id=2456, stack(0x00000027d6500000,0x00000027d6600000)]
  0x00000134934d7190 JavaThread "Unconstrained build operations Thread 58" [_thread_blocked, id=19412, stack(0x00000027d6600000,0x00000027d6700000)]
  0x00000134934d6320 JavaThread "Unconstrained build operations Thread 59" [_thread_blocked, id=26156, stack(0x00000027d6700000,0x00000027d6800000)]
  0x00000134934d7b30 JavaThread "Unconstrained build operations Thread 60" [_thread_blocked, id=25520, stack(0x00000027d6800000,0x00000027d6900000)]
  0x00000134934d3300 JavaThread "Unconstrained build operations Thread 61" [_thread_blocked, id=25944, stack(0x00000027d6900000,0x00000027d6a00000)]
  0x00000134934d9810 JavaThread "Unconstrained build operations Thread 62" [_thread_blocked, id=12912, stack(0x00000027d6a00000,0x00000027d6b00000)]
  0x00000134934d1fc0 JavaThread "Unconstrained build operations Thread 63" [_thread_blocked, id=22824, stack(0x00000027d6b00000,0x00000027d6c00000)]
  0x00000134934d4640 JavaThread "Unconstrained build operations Thread 64" [_thread_blocked, id=14372, stack(0x00000027d6c00000,0x00000027d6d00000)]
  0x00000134934d2e30 JavaThread "Unconstrained build operations Thread 65" [_thread_blocked, id=27632, stack(0x00000027d6d00000,0x00000027d6e00000)]
  0x00000134934d4b10 JavaThread "Unconstrained build operations Thread 66" [_thread_blocked, id=16776, stack(0x00000027d6e00000,0x00000027d6f00000)]
  0x00000134934d67f0 JavaThread "Unconstrained build operations Thread 67" [_thread_blocked, id=22172, stack(0x00000027d6f00000,0x00000027d7000000)]
  0x00000134934d4fe0 JavaThread "Unconstrained build operations Thread 68" [_thread_blocked, id=16900, stack(0x00000027d7000000,0x00000027d7100000)]
  0x00000134934d54b0 JavaThread "Unconstrained build operations Thread 69" [_thread_blocked, id=25916, stack(0x00000027d7100000,0x00000027d7200000)]
  0x00000134934d5980 JavaThread "Unconstrained build operations Thread 70" [_thread_blocked, id=13296, stack(0x00000027d7200000,0x00000027d7300000)]
  0x00000134934d5e50 JavaThread "Unconstrained build operations Thread 71" [_thread_blocked, id=15484, stack(0x00000027d7300000,0x00000027d7400000)]
  0x00000134934d6cc0 JavaThread "Unconstrained build operations Thread 72" [_thread_blocked, id=26820, stack(0x00000027d7400000,0x00000027d7500000)]
  0x00000134934d8e70 JavaThread "Unconstrained build operations Thread 73" [_thread_blocked, id=22468, stack(0x00000027d7500000,0x00000027d7600000)]
  0x00000134934d8000 JavaThread "Unconstrained build operations Thread 74" [_thread_blocked, id=21804, stack(0x00000027d7600000,0x00000027d7700000)]
  0x00000134934d84d0 JavaThread "Unconstrained build operations Thread 75" [_thread_blocked, id=2812, stack(0x00000027d7700000,0x00000027d7800000)]
  0x00000134934d89a0 JavaThread "Unconstrained build operations Thread 76" [_thread_blocked, id=11128, stack(0x00000027d7800000,0x00000027d7900000)]
  0x00000134900cea90 JavaThread "Unconstrained build operations Thread 77" [_thread_blocked, id=25856, stack(0x00000027d7900000,0x00000027d7a00000)]
  0x00000134900cac00 JavaThread "Unconstrained build operations Thread 78" [_thread_blocked, id=9220, stack(0x00000027d7a00000,0x00000027d7b00000)]
  0x00000134900cdc20 JavaThread "Unconstrained build operations Thread 79" [_thread_blocked, id=11704, stack(0x00000027d7b00000,0x00000027d7c00000)]
  0x00000134900cd280 JavaThread "Unconstrained build operations Thread 80" [_thread_blocked, id=22932, stack(0x00000027d7c00000,0x00000027d7d00000)]
  0x0000013490fa6fd0 JavaThread "C2 CompilerThread1" daemon [_thread_in_native, id=26784, stack(0x00000027d1a00000,0x00000027d1b00000)]
  0x0000013490fa8410 JavaThread "C2 CompilerThread2" daemon [_thread_blocked, id=23328, stack(0x00000027d2c00000,0x00000027d2d00000)]

Other Threads:
=>0x00000134ff630760 VMThread "VM Thread" [stack: 0x00000027cf700000,0x00000027cf800000] [id=26392]
  0x000001348f9fff20 WatcherThread [stack: 0x00000027d0300000,0x00000027d0400000] [id=21196]
  0x00000134f4846b60 GCTaskThread "GC Thread#0" [stack: 0x00000027cf200000,0x00000027cf300000] [id=23920]
  0x0000013490bd09d0 GCTaskThread "GC Thread#1" [stack: 0x00000027d0600000,0x00000027d0700000] [id=26548]
  0x0000013490bd0c80 GCTaskThread "GC Thread#2" [stack: 0x00000027d0700000,0x00000027d0800000] [id=17292]
  0x0000013490bd0f30 GCTaskThread "GC Thread#3" [stack: 0x00000027d0800000,0x00000027d0900000] [id=20060]
  0x0000013490b87920 GCTaskThread "GC Thread#4" [stack: 0x00000027d0900000,0x00000027d0a00000] [id=23768]
  0x0000013490b87bd0 GCTaskThread "GC Thread#5" [stack: 0x00000027d0a00000,0x00000027d0b00000] [id=17596]
  0x0000013490e70ce0 GCTaskThread "GC Thread#6" [stack: 0x00000027d1400000,0x00000027d1500000] [id=18736]
  0x0000013490d326d0 GCTaskThread "GC Thread#7" [stack: 0x00000027d1500000,0x00000027d1600000] [id=27456]
  0x00000134f4857aa0 ConcurrentGCThread "G1 Main Marker" [stack: 0x00000027cf300000,0x00000027cf400000] [id=22772]
  0x00000134f48584b0 ConcurrentGCThread "G1 Conc#0" [stack: 0x00000027cf400000,0x00000027cf500000] [id=3428]
  0x0000013490c29860 ConcurrentGCThread "G1 Conc#1" [stack: 0x00000027d1600000,0x00000027d1700000] [id=7340]
  0x00000134f48ae5b0 ConcurrentGCThread "G1 Refine#0" [stack: 0x00000027cf500000,0x00000027cf600000] [id=27464]
  0x00000134ff4e2570 ConcurrentGCThread "G1 Service" [stack: 0x00000027cf600000,0x00000027cf700000] [id=26748]

Threads with active compile tasks:
C2 CompilerThread0    16221 7090   !   4       com.google.common.reflect.TypeVisitor::visit (244 bytes)
C2 CompilerThread1    16221 7187       4       org.objectweb.asm.Frame::execute (2318 bytes)
C2 CompilerThread2    16221 7211       4       java.lang.Class::getInterfaces (6 bytes)

VM state: at safepoint (normal execution)

VM Mutex/Monitor currently owned by a thread:  ([mutex/lock_event])
[0x00000134f47e4260] Threads_lock - owner thread: 0x00000134ff630760
[0x00000134f47e2880] Heap_lock - owner thread: 0x0000013490e59900

Heap address: 0x0000000080000000, size: 2048 MB, Compressed Oops mode: 32-bit

CDS archive(s) not mapped
Compressed class space mapped at: 0x0000000100000000-0x0000000140000000, reserved size: 1073741824
Narrow klass base: 0x0000000000000000, Narrow klass shift: 3, Narrow klass range: 0x140000000

GC Precious Log:
 CPUs: 8 total, 8 available
 Memory: 16003M
 Large Page Support: Disabled
 NUMA Support: Disabled
 Compressed Oops: Enabled (32-bit)
 Heap Region Size: 1M
 Heap Min Capacity: 8M
 Heap Initial Capacity: 252M
 Heap Max Capacity: 2G
 Pre-touch: Disabled
 Parallel Workers: 8
 Concurrent Workers: 2
 Concurrent Refinement Workers: 8
 Periodic GC: Disabled

Heap:
 garbage-first heap   total 145408K, used 96354K [0x0000000080000000, 0x0000000100000000)
  region size 1024K, 2 young (2048K), 2 survivors (2048K)
 Metaspace       used 67917K, committed 68544K, reserved 1114112K
  class space    used 9075K, committed 9344K, reserved 1048576K

Heap Regions: E=young(eden), S=young(survivor), O=old, HS=humongous(starts), HC=humongous(continues), CS=collection set, F=free, OA=open archive, CA=closed archive, TAMS=top-at-mark-start (previous, next)
|   0|0x0000000080000000, 0x0000000080100000, 0x0000000080100000|100%|HS|  |TAMS 0x0000000080100000, 0x0000000080100000| Complete 
|   1|0x0000000080100000, 0x0000000080200000, 0x0000000080200000|100%|HC|  |TAMS 0x0000000080200000, 0x0000000080200000| Complete 
|   2|0x0000000080200000, 0x0000000080300000, 0x0000000080300000|100%|HC|  |TAMS 0x0000000080300000, 0x0000000080300000| Complete 
|   3|0x0000000080300000, 0x0000000080400000, 0x0000000080400000|100%|HC|  |TAMS 0x0000000080400000, 0x0000000080400000| Complete 
|   4|0x0000000080400000, 0x0000000080500000, 0x0000000080500000|100%| O|  |TAMS 0x0000000080500000, 0x0000000080500000| Untracked 
|   5|0x0000000080500000, 0x0000000080600000, 0x0000000080600000|100%| O|  |TAMS 0x0000000080600000, 0x0000000080600000| Untracked 
|   6|0x0000000080600000, 0x0000000080700000, 0x0000000080700000|100%| O|  |TAMS 0x0000000080700000, 0x0000000080700000| Untracked 
|   7|0x0000000080700000, 0x0000000080800000, 0x0000000080800000|100%| O|  |TAMS 0x0000000080800000, 0x0000000080800000| Untracked 
|   8|0x0000000080800000, 0x0000000080900000, 0x0000000080900000|100%| O|  |TAMS 0x0000000080900000, 0x0000000080900000| Untracked 
|   9|0x0000000080900000, 0x0000000080a00000, 0x0000000080a00000|100%| O|  |TAMS 0x0000000080a00000, 0x0000000080a00000| Untracked 
|  10|0x0000000080a00000, 0x0000000080b00000, 0x0000000080b00000|100%| O|  |TAMS 0x0000000080b00000, 0x0000000080b00000| Untracked 
|  11|0x0000000080b00000, 0x0000000080c00000, 0x0000000080c00000|100%| O|  |TAMS 0x0000000080c00000, 0x0000000080c00000| Untracked 
|  12|0x0000000080c00000, 0x0000000080d00000, 0x0000000080d00000|100%| O|  |TAMS 0x0000000080d00000, 0x0000000080d00000| Untracked 
|  13|0x0000000080d00000, 0x0000000080e00000, 0x0000000080e00000|100%| O|  |TAMS 0x0000000080e00000, 0x0000000080e00000| Untracked 
|  14|0x0000000080e00000, 0x0000000080f00000, 0x0000000080f00000|100%| O|  |TAMS 0x0000000080f00000, 0x0000000080f00000| Untracked 
|  15|0x0000000080f00000, 0x0000000081000000, 0x0000000081000000|100%| O|  |TAMS 0x0000000081000000, 0x0000000081000000| Untracked 
|  16|0x0000000081000000, 0x0000000081100000, 0x0000000081100000|100%| O|  |TAMS 0x0000000081100000, 0x0000000081100000| Untracked 
|  17|0x0000000081100000, 0x0000000081200000, 0x0000000081200000|100%| O|  |TAMS 0x0000000081200000, 0x0000000081200000| Untracked 
|  18|0x0000000081200000, 0x0000000081300000, 0x0000000081300000|100%| O|  |TAMS 0x0000000081300000, 0x0000000081300000| Untracked 
|  19|0x0000000081300000, 0x0000000081400000, 0x0000000081400000|100%| O|  |TAMS 0x0000000081400000, 0x0000000081400000| Untracked 
|  20|0x0000000081400000, 0x0000000081500000, 0x0000000081500000|100%| O|  |TAMS 0x0000000081500000, 0x0000000081500000| Untracked 
|  21|0x0000000081500000, 0x0000000081600000, 0x0000000081600000|100%|HS|  |TAMS 0x0000000081600000, 0x0000000081600000| Complete 
|  22|0x0000000081600000, 0x0000000081700000, 0x0000000081700000|100%|HC|  |TAMS 0x0000000081700000, 0x0000000081700000| Complete 
|  23|0x0000000081700000, 0x0000000081800000, 0x0000000081800000|100%|HS|  |TAMS 0x0000000081800000, 0x0000000081800000| Complete 
|  24|0x0000000081800000, 0x0000000081900000, 0x0000000081900000|100%|HC|  |TAMS 0x0000000081900000, 0x0000000081900000| Complete 
|  25|0x0000000081900000, 0x0000000081a00000, 0x0000000081a00000|100%|HC|  |TAMS 0x0000000081a00000, 0x0000000081a00000| Complete 
|  26|0x0000000081a00000, 0x0000000081b00000, 0x0000000081b00000|100%|HS|  |TAMS 0x0000000081b00000, 0x0000000081b00000| Complete 
|  27|0x0000000081b00000, 0x0000000081c00000, 0x0000000081c00000|100%|HC|  |TAMS 0x0000000081c00000, 0x0000000081c00000| Complete 
|  28|0x0000000081c00000, 0x0000000081d00000, 0x0000000081d00000|100%|HC|  |TAMS 0x0000000081d00000, 0x0000000081d00000| Complete 
|  29|0x0000000081d00000, 0x0000000081e00000, 0x0000000081e00000|100%|HS|  |TAMS 0x0000000081e00000, 0x0000000081e00000| Complete 
|  30|0x0000000081e00000, 0x0000000081f00000, 0x0000000081f00000|100%|HC|  |TAMS 0x0000000081f00000, 0x0000000081f00000| Complete 
|  31|0x0000000081f00000, 0x0000000082000000, 0x0000000082000000|100%| O|  |TAMS 0x0000000082000000, 0x0000000082000000| Untracked 
|  32|0x0000000082000000, 0x0000000082100000, 0x0000000082100000|100%| O|  |TAMS 0x0000000082100000, 0x0000000082100000| Untracked 
|  33|0x0000000082100000, 0x0000000082200000, 0x0000000082200000|100%| O|  |TAMS 0x0000000082200000, 0x0000000082200000| Untracked 
|  34|0x0000000082200000, 0x0000000082300000, 0x0000000082300000|100%| O|  |TAMS 0x0000000082300000, 0x0000000082300000| Untracked 
|  35|0x0000000082300000, 0x0000000082400000, 0x0000000082400000|100%| O|  |TAMS 0x0000000082400000, 0x0000000082400000| Untracked 
|  36|0x0000000082400000, 0x0000000082500000, 0x0000000082500000|100%| O|  |TAMS 0x0000000082500000, 0x0000000082500000| Untracked 
|  37|0x0000000082500000, 0x0000000082600000, 0x0000000082600000|100%|HS|  |TAMS 0x0000000082600000, 0x0000000082600000| Complete 
|  38|0x0000000082600000, 0x0000000082700000, 0x0000000082700000|100%|HC|  |TAMS 0x0000000082700000, 0x0000000082700000| Complete 
|  39|0x0000000082700000, 0x0000000082800000, 0x0000000082800000|100%|HC|  |TAMS 0x0000000082800000, 0x0000000082800000| Complete 
|  40|0x0000000082800000, 0x0000000082900000, 0x0000000082900000|100%|HS|  |TAMS 0x0000000082900000, 0x0000000082900000| Complete 
|  41|0x0000000082900000, 0x0000000082a00000, 0x0000000082a00000|100%|HC|  |TAMS 0x0000000082a00000, 0x0000000082a00000| Complete 
|  42|0x0000000082a00000, 0x0000000082b00000, 0x0000000082b00000|100%|HC|  |TAMS 0x0000000082b00000, 0x0000000082b00000| Complete 
|  43|0x0000000082b00000, 0x0000000082c00000, 0x0000000082c00000|100%|HC|  |TAMS 0x0000000082c00000, 0x0000000082c00000| Complete 
|  44|0x0000000082c00000, 0x0000000082d00000, 0x0000000082d00000|100%|HC|  |TAMS 0x0000000082d00000, 0x0000000082d00000| Complete 
|  45|0x0000000082d00000, 0x0000000082e00000, 0x0000000082e00000|100%|HC|  |TAMS 0x0000000082e00000, 0x0000000082e00000| Complete 
|  46|0x0000000082e00000, 0x0000000082f00000, 0x0000000082f00000|100%|HC|  |TAMS 0x0000000082f00000, 0x0000000082f00000| Complete 
|  47|0x0000000082f00000, 0x0000000083000000, 0x0000000083000000|100%|HC|  |TAMS 0x0000000083000000, 0x0000000083000000| Complete 
|  48|0x0000000083000000, 0x0000000083100000, 0x0000000083100000|100%|HC|  |TAMS 0x0000000083100000, 0x0000000083100000| Complete 
|  49|0x0000000083100000, 0x0000000083200000, 0x0000000083200000|100%|HC|  |TAMS 0x0000000083200000, 0x0000000083200000| Complete 
|  50|0x0000000083200000, 0x0000000083300000, 0x0000000083300000|100%|HC|  |TAMS 0x0000000083300000, 0x0000000083300000| Complete 
|  51|0x0000000083300000, 0x0000000083400000, 0x0000000083400000|100%|HC|  |TAMS 0x0000000083400000, 0x0000000083400000| Complete 
|  52|0x0000000083400000, 0x0000000083400000, 0x0000000083500000|  0%| F|  |TAMS 0x0000000083400000, 0x0000000083400000| Untracked 
|  53|0x0000000083500000, 0x0000000083600000, 0x0000000083600000|100%|HS|  |TAMS 0x0000000083600000, 0x0000000083600000| Complete 
|  54|0x0000000083600000, 0x0000000083700000, 0x0000000083700000|100%|HC|  |TAMS 0x0000000083700000, 0x0000000083700000| Complete 
|  55|0x0000000083700000, 0x0000000083800000, 0x0000000083800000|100%|HC|  |TAMS 0x0000000083800000, 0x0000000083800000| Complete 
|  56|0x0000000083800000, 0x0000000083900000, 0x0000000083900000|100%| O|  |TAMS 0x0000000083900000, 0x0000000083900000| Untracked 
|  57|0x0000000083900000, 0x0000000083a00000, 0x0000000083a00000|100%| O|  |TAMS 0x0000000083a00000, 0x0000000083a00000| Untracked 
|  58|0x0000000083a00000, 0x0000000083b00000, 0x0000000083b00000|100%| O|  |TAMS 0x0000000083b00000, 0x0000000083b00000| Untracked 
|  59|0x0000000083b00000, 0x0000000083c00000, 0x0000000083c00000|100%| O|  |TAMS 0x0000000083c00000, 0x0000000083c00000| Untracked 
|  60|0x0000000083c00000, 0x0000000083d00000, 0x0000000083d00000|100%| O|  |TAMS 0x0000000083d00000, 0x0000000083d00000| Untracked 
|  61|0x0000000083d00000, 0x0000000083e00000, 0x0000000083e00000|100%| O|  |TAMS 0x0000000083e00000, 0x0000000083e00000| Untracked 
|  62|0x0000000083e00000, 0x0000000083f00000, 0x0000000083f00000|100%| O|  |TAMS 0x0000000083f00000, 0x0000000083f00000| Untracked 
|  63|0x0000000083f00000, 0x0000000084000000, 0x0000000084000000|100%| O|  |TAMS 0x0000000084000000, 0x0000000084000000| Untracked 
|  64|0x0000000084000000, 0x0000000084100000, 0x0000000084100000|100%| O|  |TAMS 0x0000000084100000, 0x0000000084100000| Untracked 
|  65|0x0000000084100000, 0x0000000084200000, 0x0000000084200000|100%| O|  |TAMS 0x0000000084200000, 0x0000000084200000| Untracked 
|  66|0x0000000084200000, 0x0000000084300000, 0x0000000084300000|100%| O|  |TAMS 0x0000000084300000, 0x0000000084300000| Untracked 
|  67|0x0000000084300000, 0x0000000084400000, 0x0000000084400000|100%| O|  |TAMS 0x0000000084400000, 0x0000000084400000| Untracked 
|  68|0x0000000084400000, 0x0000000084500000, 0x0000000084500000|100%| O|  |TAMS 0x0000000084500000, 0x0000000084500000| Untracked 
|  69|0x0000000084500000, 0x0000000084600000, 0x0000000084600000|100%| O|  |TAMS 0x0000000084600000, 0x0000000084600000| Untracked 
|  70|0x0000000084600000, 0x0000000084700000, 0x0000000084700000|100%| O|  |TAMS 0x0000000084700000, 0x0000000084700000| Untracked 
|  71|0x0000000084700000, 0x0000000084800000, 0x0000000084800000|100%| O|  |TAMS 0x0000000084800000, 0x0000000084800000| Untracked 
|  72|0x0000000084800000, 0x0000000084900000, 0x0000000084900000|100%| O|  |TAMS 0x0000000084900000, 0x0000000084900000| Untracked 
|  73|0x0000000084900000, 0x0000000084a00000, 0x0000000084a00000|100%| O|  |TAMS 0x0000000084a00000, 0x0000000084a00000| Untracked 
|  74|0x0000000084a00000, 0x0000000084b00000, 0x0000000084b00000|100%| O|  |TAMS 0x0000000084a14c00, 0x0000000084b00000| Untracked 
|  75|0x0000000084b00000, 0x0000000084c00000, 0x0000000084c00000|100%| O|  |TAMS 0x0000000084b00000, 0x0000000084c00000| Untracked 
|  76|0x0000000084c00000, 0x0000000084d00000, 0x0000000084d00000|100%| O|  |TAMS 0x0000000084c00000, 0x0000000084d00000| Untracked 
|  77|0x0000000084d00000, 0x0000000084e00000, 0x0000000084e00000|100%|HS|  |TAMS 0x0000000084d00000, 0x0000000084e00000| Complete 
|  78|0x0000000084e00000, 0x0000000084f00000, 0x0000000084f00000|100%|HS|  |TAMS 0x0000000084e00000, 0x0000000084f00000| Complete 
|  79|0x0000000084f00000, 0x0000000085000000, 0x0000000085000000|100%|HC|  |TAMS 0x0000000084f00000, 0x0000000085000000| Complete 
|  80|0x0000000085000000, 0x0000000085100000, 0x0000000085100000|100%|HS|  |TAMS 0x0000000085000000, 0x0000000085100000| Complete 
|  81|0x0000000085100000, 0x0000000085200000, 0x0000000085200000|100%|HS|  |TAMS 0x0000000085100000, 0x0000000085200000| Complete 
|  82|0x0000000085200000, 0x0000000085300000, 0x0000000085300000|100%|HC|  |TAMS 0x0000000085200000, 0x0000000085300000| Complete 
|  83|0x0000000085300000, 0x0000000085400000, 0x0000000085400000|100%|HC|  |TAMS 0x0000000085300000, 0x0000000085400000| Complete 
|  84|0x0000000085400000, 0x0000000085500000, 0x0000000085500000|100%|HC|  |TAMS 0x0000000085400000, 0x0000000085500000| Complete 
|  85|0x0000000085500000, 0x0000000085600000, 0x0000000085600000|100%| O|  |TAMS 0x0000000085500000, 0x0000000085600000| Untracked 
|  86|0x0000000085600000, 0x0000000085700000, 0x0000000085700000|100%| O|  |TAMS 0x0000000085600000, 0x0000000085700000| Untracked 
|  87|0x0000000085700000, 0x0000000085800000, 0x0000000085800000|100%| O|  |TAMS 0x0000000085700000, 0x0000000085800000| Untracked 
|  88|0x0000000085800000, 0x0000000085900000, 0x0000000085900000|100%| O|  |TAMS 0x0000000085800000, 0x0000000085900000| Untracked 
|  89|0x0000000085900000, 0x0000000085a00000, 0x0000000085a00000|100%| O|  |TAMS 0x0000000085900000, 0x0000000085a00000| Untracked 
|  90|0x0000000085a00000, 0x0000000085b00000, 0x0000000085b00000|100%| O|  |TAMS 0x0000000085a00000, 0x0000000085b00000| Untracked 
|  91|0x0000000085b00000, 0x0000000085c00000, 0x0000000085c00000|100%| O|  |TAMS 0x0000000085b00000, 0x0000000085c00000| Untracked 
|  92|0x0000000085c00000, 0x0000000085d00000, 0x0000000085d00000|100%| O|  |TAMS 0x0000000085c00000, 0x0000000085d00000| Untracked 
|  93|0x0000000085d00000, 0x0000000085e00000, 0x0000000085e00000|100%| O|  |TAMS 0x0000000085d00000, 0x0000000085e00000| Untracked 
|  94|0x0000000085e00000, 0x0000000085e00000, 0x0000000085f00000|  0%| F|  |TAMS 0x0000000085e00000, 0x0000000085e00000| Untracked 
|  95|0x0000000085f00000, 0x0000000085f00000, 0x0000000086000000|  0%| F|  |TAMS 0x0000000085f00000, 0x0000000085f00000| Untracked 
|  96|0x0000000086000000, 0x0000000086000000, 0x0000000086100000|  0%| F|  |TAMS 0x0000000086000000, 0x0000000086000000| Untracked 
|  97|0x0000000086100000, 0x0000000086100000, 0x0000000086200000|  0%| F|  |TAMS 0x0000000086100000, 0x0000000086100000| Untracked 
|  98|0x0000000086200000, 0x0000000086200000, 0x0000000086300000|  0%| F|  |TAMS 0x0000000086200000, 0x0000000086200000| Untracked 
|  99|0x0000000086300000, 0x0000000086300000, 0x0000000086400000|  0%| F|  |TAMS 0x0000000086300000, 0x0000000086300000| Untracked 
| 100|0x0000000086400000, 0x0000000086400000, 0x0000000086500000|  0%| F|  |TAMS 0x0000000086400000, 0x0000000086400000| Untracked 
| 101|0x0000000086500000, 0x0000000086500000, 0x0000000086600000|  0%| F|  |TAMS 0x0000000086500000, 0x0000000086500000| Untracked 
| 102|0x0000000086600000, 0x0000000086600000, 0x0000000086700000|  0%| F|  |TAMS 0x0000000086600000, 0x0000000086600000| Untracked 
| 103|0x0000000086700000, 0x0000000086700000, 0x0000000086800000|  0%| F|  |TAMS 0x0000000086700000, 0x0000000086700000| Untracked 
| 104|0x0000000086800000, 0x0000000086800000, 0x0000000086900000|  0%| F|  |TAMS 0x0000000086800000, 0x0000000086800000| Untracked 
| 105|0x0000000086900000, 0x0000000086900000, 0x0000000086a00000|  0%| F|  |TAMS 0x0000000086900000, 0x0000000086900000| Untracked 
| 106|0x0000000086a00000, 0x0000000086a00000, 0x0000000086b00000|  0%| F|  |TAMS 0x0000000086a00000, 0x0000000086a00000| Untracked 
| 107|0x0000000086b00000, 0x0000000086b00000, 0x0000000086c00000|  0%| F|  |TAMS 0x0000000086b00000, 0x0000000086b00000| Untracked 
| 108|0x0000000086c00000, 0x0000000086c00000, 0x0000000086d00000|  0%| F|  |TAMS 0x0000000086c00000, 0x0000000086c00000| Untracked 
| 109|0x0000000086d00000, 0x0000000086d00000, 0x0000000086e00000|  0%| F|  |TAMS 0x0000000086d00000, 0x0000000086d00000| Untracked 
| 110|0x0000000086e00000, 0x0000000086e00000, 0x0000000086f00000|  0%| F|  |TAMS 0x0000000086e00000, 0x0000000086e00000| Untracked 
| 111|0x0000000086f00000, 0x0000000086f00000, 0x0000000087000000|  0%| F|  |TAMS 0x0000000086f00000, 0x0000000086f00000| Untracked 
| 112|0x0000000087000000, 0x0000000087000000, 0x0000000087100000|  0%| F|  |TAMS 0x0000000087000000, 0x0000000087000000| Untracked 
| 113|0x0000000087100000, 0x0000000087100000, 0x0000000087200000|  0%| F|  |TAMS 0x0000000087100000, 0x0000000087100000| Untracked 
| 114|0x0000000087200000, 0x0000000087218830, 0x0000000087300000|  9%| S|CS|TAMS 0x0000000087200000, 0x0000000087200000| Complete 
| 115|0x0000000087300000, 0x0000000087400000, 0x0000000087400000|100%| S|CS|TAMS 0x0000000087300000, 0x0000000087300000| Complete 
| 116|0x0000000087400000, 0x0000000087400000, 0x0000000087500000|  0%| F|  |TAMS 0x0000000087400000, 0x0000000087400000| Untracked 
| 117|0x0000000087500000, 0x0000000087500000, 0x0000000087600000|  0%| F|  |TAMS 0x0000000087500000, 0x0000000087500000| Untracked 
| 118|0x0000000087600000, 0x0000000087600000, 0x0000000087700000|  0%| F|  |TAMS 0x0000000087600000, 0x0000000087600000| Untracked 
| 119|0x0000000087700000, 0x0000000087700000, 0x0000000087800000|  0%| F|  |TAMS 0x0000000087700000, 0x0000000087700000| Untracked 
| 120|0x0000000087800000, 0x0000000087800000, 0x0000000087900000|  0%| F|  |TAMS 0x0000000087800000, 0x0000000087800000| Untracked 
| 121|0x0000000087900000, 0x0000000087900000, 0x0000000087a00000|  0%| F|  |TAMS 0x0000000087900000, 0x0000000087900000| Untracked 
| 122|0x0000000087a00000, 0x0000000087a00000, 0x0000000087b00000|  0%| F|  |TAMS 0x0000000087a00000, 0x0000000087a00000| Untracked 
| 123|0x0000000087b00000, 0x0000000087b00000, 0x0000000087c00000|  0%| F|  |TAMS 0x0000000087b00000, 0x0000000087b00000| Untracked 
| 124|0x0000000087c00000, 0x0000000087c00000, 0x0000000087d00000|  0%| F|  |TAMS 0x0000000087c00000, 0x0000000087c00000| Untracked 
| 125|0x0000000087d00000, 0x0000000087d00000, 0x0000000087e00000|  0%| F|  |TAMS 0x0000000087d00000, 0x0000000087d00000| Untracked 
| 126|0x0000000087e00000, 0x0000000087e00000, 0x0000000087f00000|  0%| F|  |TAMS 0x0000000087e00000, 0x0000000087e00000| Untracked 
| 127|0x0000000087f00000, 0x0000000087f00000, 0x0000000088000000|  0%| F|  |TAMS 0x0000000087f00000, 0x0000000087f00000| Untracked 
| 128|0x0000000088000000, 0x0000000088000000, 0x0000000088100000|  0%| F|  |TAMS 0x0000000088000000, 0x0000000088000000| Untracked 
| 129|0x0000000088100000, 0x0000000088100000, 0x0000000088200000|  0%| F|  |TAMS 0x0000000088100000, 0x0000000088100000| Untracked 
| 130|0x0000000088200000, 0x0000000088200000, 0x0000000088300000|  0%| F|  |TAMS 0x0000000088200000, 0x0000000088200000| Untracked 
| 131|0x0000000088300000, 0x0000000088300000, 0x0000000088400000|  0%| F|  |TAMS 0x0000000088300000, 0x0000000088300000| Untracked 
| 132|0x0000000088400000, 0x0000000088400000, 0x0000000088500000|  0%| F|  |TAMS 0x0000000088400000, 0x0000000088400000| Untracked 
| 203|0x000000008cb00000, 0x000000008cb00000, 0x000000008cc00000|  0%| F|  |TAMS 0x000000008cb00000, 0x000000008cb00000| Untracked 
| 204|0x000000008cc00000, 0x000000008cc00000, 0x000000008cd00000|  0%| F|  |TAMS 0x000000008cc00000, 0x000000008cc00000| Untracked 
| 205|0x000000008cd00000, 0x000000008cd00000, 0x000000008ce00000|  0%| F|  |TAMS 0x000000008cd00000, 0x000000008cd00000| Untracked 
| 206|0x000000008ce00000, 0x000000008ce00000, 0x000000008cf00000|  0%| F|  |TAMS 0x000000008ce00000, 0x000000008ce00000| Untracked 
| 207|0x000000008cf00000, 0x000000008cf00000, 0x000000008d000000|  0%| F|  |TAMS 0x000000008cf00000, 0x000000008cf00000| Untracked 
| 208|0x000000008d000000, 0x000000008d000000, 0x000000008d100000|  0%| F|  |TAMS 0x000000008d000000, 0x000000008d000000| Untracked 
| 209|0x000000008d100000, 0x000000008d100000, 0x000000008d200000|  0%| F|  |TAMS 0x000000008d100000, 0x000000008d100000| Untracked 
| 210|0x000000008d200000, 0x000000008d200000, 0x000000008d300000|  0%| F|  |TAMS 0x000000008d200000, 0x000000008d200000| Untracked 
| 251|0x000000008fb00000, 0x000000008fb00000, 0x000000008fc00000|  0%| F|  |TAMS 0x000000008fb00000, 0x000000008fb00000| Untracked 

Card table byte_map: [0x00000134f83e0000,0x00000134f87e0000] _byte_map_base: 0x00000134f7fe0000

Marking Bits (Prev, Next): (CMBitMap*) 0x00000134f48471b0, (CMBitMap*) 0x00000134f4847170
 Prev Bits: [0x00000134fabe0000, 0x00000134fcbe0000)
 Next Bits: [0x00000134f8be0000, 0x00000134fabe0000)

Polling page: 0x00000134f27e0000

Metaspace:

Usage:
  Non-class:     57.46 MB used.
      Class:      8.86 MB used.
       Both:     66.33 MB used.

Virtual space:
  Non-class space:       64.00 MB reserved,      57.81 MB ( 90%) committed,  8 nodes.
      Class space:        1.00 GB reserved,       9.12 MB ( <1%) committed,  1 nodes.
             Both:        1.06 GB reserved,      66.94 MB (  6%) committed. 

Chunk freelists:
   Non-Class:  1.75 MB
       Class:  2.83 MB
        Both:  4.58 MB

MaxMetaspaceSize: unlimited
CompressedClassSpaceSize: 1.00 GB
Initial GC threshold: 21.00 MB
Current GC threshold: 98.56 MB
CDS: off
MetaspaceReclaimPolicy: balanced
 - commit_granule_bytes: 65536.
 - commit_granule_words: 8192.
 - virtual_space_node_default_size: 1048576.
 - enlarge_chunks_in_place: 1.
 - new_chunks_are_fully_committed: 0.
 - uncommit_free_chunks: 1.
 - use_allocation_guard: 0.
 - handle_deallocations: 1.


Internal statistics:

num_allocs_failed_limit: 3.
num_arena_births: 666.
num_arena_deaths: 0.
num_vsnodes_births: 9.
num_vsnodes_deaths: 0.
num_space_committed: 1071.
num_space_uncommitted: 0.
num_chunks_returned_to_freelist: 3.
num_chunks_taken_from_freelist: 2984.
num_chunk_merges: 3.
num_chunk_splits: 2008.
num_chunks_enlarged: 1393.
num_purges: 0.
num_inconsistent_stats: 0.

CodeHeap 'non-profiled nmethods': size=120000Kb used=3536Kb max_used=3637Kb free=116463Kb
 bounds [0x0000013487ad0000, 0x0000013487e60000, 0x000001348f000000]
CodeHeap 'profiled nmethods': size=120000Kb used=12318Kb max_used=12318Kb free=107681Kb
 bounds [0x0000013480000000, 0x0000013480c10000, 0x0000013487530000]
CodeHeap 'non-nmethods': size=5760Kb used=2350Kb max_used=2418Kb free=3409Kb
 bounds [0x0000013487530000, 0x00000134877b0000, 0x0000013487ad0000]
 total_blobs=7261 nmethods=6388 adapters=784
 compilation: enabled
              stopped_count=0, restarted_count=0
 full_count=0

Compilation events (20 events):
Event: 16.148 Thread 0x0000013490fa8410 7177       4       com.google.common.reflect.TypeResolver$TypeVariableKey::equalsTypeVariable (48 bytes)
Event: 16.149 Thread 0x000001348f884be0 nmethod 7232 0x0000013480c04190 code [0x0000013480c043a0, 0x0000013480c04908]
Event: 16.153 Thread 0x000001348f884be0 7233       3       java.lang.String::contains (19 bytes)
Event: 16.154 Thread 0x000001348f884be0 nmethod 7233 0x0000013480c04b10 code [0x0000013480c04cc0, 0x0000013480c04f18]
Event: 16.155 Thread 0x000001348f884be0 7234       1       org.gradle.api.internal.collections.AbstractIterationOrderRetainingElementSource::getInserted (5 bytes)
Event: 16.155 Thread 0x000001348f884be0 nmethod 7234 0x0000013487bff290 code [0x0000013487bff420, 0x0000013487bff4f8]
Event: 16.158 Thread 0x000001348f884be0 7235       3       java.lang.reflect.Constructor::getGenericParameterTypes (5 bytes)
Event: 16.160 Thread 0x000001348f884be0 nmethod 7235 0x0000013480c05010 code [0x0000013480c052a0, 0x0000013480c06238]
Event: 16.161 Thread 0x0000013490fa8410 nmethod 7177 0x0000013487bfe810 code [0x0000013487bfe9e0, 0x0000013487bfeed8]
Event: 16.161 Thread 0x0000013490fa8410 7192       4       org.objectweb.asm.Frame::pop (44 bytes)
Event: 16.162 Thread 0x0000013490fa8410 nmethod 7192 0x0000013487bfe510 code [0x0000013487bfe680, 0x0000013487bfe718]
Event: 16.162 Thread 0x0000013490fa8410 7175       4       java.lang.Class::isAnnotation (17 bytes)
Event: 16.163 Thread 0x0000013490fa8410 nmethod 7175 0x0000013487bfe210 code [0x0000013487bfe380, 0x0000013487bfe418]
Event: 16.164 Thread 0x0000013490fa8410 7230       4       java.util.ArrayDeque::removeFirst (19 bytes)
Event: 16.167 Thread 0x0000013490fa8410 nmethod 7230 0x0000013487bfde10 code [0x0000013487bfdf80, 0x0000013487bfe0b8]
Event: 16.167 Thread 0x0000013490fa8410 7211       4       java.lang.Class::getInterfaces (6 bytes)
Event: 16.170 Thread 0x000001348f884be0 7237       3       java.lang.Class::getDeclaredField (54 bytes)
Event: 16.172 Thread 0x000001348f884be0 nmethod 7237 0x0000013480c06690 code [0x0000013480c06940, 0x0000013480c07508]
Event: 16.172 Thread 0x000001348f884be0 7238       3       java.lang.Class::searchFields (43 bytes)
Event: 16.173 Thread 0x000001348f884be0 nmethod 7238 0x0000013480c07a10 code [0x0000013480c07bc0, 0x0000013480c07e68]

GC Heap History (20 events):
Event: 7.578 GC heap after
{Heap after GC invocations=12 (full 0):
 garbage-first heap   total 86016K, used 50482K [0x0000000080000000, 0x0000000100000000)
  region size 1024K, 2 young (2048K), 2 survivors (2048K)
 Metaspace       used 35275K, committed 35648K, reserved 1081344K
  class space    used 4910K, committed 5056K, reserved 1048576K
}
Event: 8.293 GC heap before
{Heap before GC invocations=12 (full 0):
 garbage-first heap   total 86016K, used 66866K [0x0000000080000000, 0x0000000100000000)
  region size 1024K, 19 young (19456K), 2 survivors (2048K)
 Metaspace       used 40464K, committed 40896K, reserved 1089536K
  class space    used 5484K, committed 5696K, reserved 1048576K
}
Event: 8.300 GC heap after
{Heap after GC invocations=13 (full 0):
 garbage-first heap   total 132096K, used 52917K [0x0000000080000000, 0x0000000100000000)
  region size 1024K, 3 young (3072K), 3 survivors (3072K)
 Metaspace       used 40464K, committed 40896K, reserved 1089536K
  class space    used 5484K, committed 5696K, reserved 1048576K
}
Event: 9.514 GC heap before
{Heap before GC invocations=14 (full 0):
 garbage-first heap   total 132096K, used 102069K [0x0000000080000000, 0x0000000100000000)
  region size 1024K, 49 young (50176K), 3 survivors (3072K)
 Metaspace       used 45281K, committed 45696K, reserved 1089536K
  class space    used 5998K, committed 6208K, reserved 1048576K
}
Event: 9.527 GC heap after
{Heap after GC invocations=15 (full 0):
 garbage-first heap   total 132096K, used 57816K [0x0000000080000000, 0x0000000100000000)
  region size 1024K, 7 young (7168K), 7 survivors (7168K)
 Metaspace       used 45281K, committed 45696K, reserved 1089536K
  class space    used 5998K, committed 6208K, reserved 1048576K
}
Event: 10.636 GC heap before
{Heap before GC invocations=15 (full 0):
 garbage-first heap   total 132096K, used 106968K [0x0000000080000000, 0x0000000100000000)
  region size 1024K, 49 young (50176K), 7 survivors (7168K)
 Metaspace       used 49190K, committed 49728K, reserved 1097728K
  class space    used 6433K, committed 6656K, reserved 1048576K
}
Event: 10.652 GC heap after
{Heap after GC invocations=16 (full 0):
 garbage-first heap   total 132096K, used 70080K [0x0000000080000000, 0x0000000100000000)
  region size 1024K, 6 young (6144K), 6 survivors (6144K)
 Metaspace       used 49190K, committed 49728K, reserved 1097728K
  class space    used 6433K, committed 6656K, reserved 1048576K
}
Event: 11.719 GC heap before
{Heap before GC invocations=16 (full 0):
 garbage-first heap   total 132096K, used 104896K [0x0000000080000000, 0x0000000100000000)
  region size 1024K, 40 young (40960K), 6 survivors (6144K)
 Metaspace       used 52525K, committed 53056K, reserved 1097728K
  class space    used 7015K, committed 7232K, reserved 1048576K
}
Event: 11.731 GC heap after
{Heap after GC invocations=17 (full 0):
 garbage-first heap   total 132096K, used 73200K [0x0000000080000000, 0x0000000100000000)
  region size 1024K, 4 young (4096K), 4 survivors (4096K)
 Metaspace       used 52525K, committed 53056K, reserved 1097728K
  class space    used 7015K, committed 7232K, reserved 1048576K
}
Event: 12.663 GC heap before
{Heap before GC invocations=18 (full 0):
 garbage-first heap   total 132096K, used 104944K [0x0000000080000000, 0x0000000100000000)
  region size 1024K, 35 young (35840K), 4 survivors (4096K)
 Metaspace       used 54558K, committed 55168K, reserved 1097728K
  class space    used 7287K, committed 7552K, reserved 1048576K
}
Event: 12.673 GC heap after
{Heap after GC invocations=19 (full 0):
 garbage-first heap   total 132096K, used 76420K [0x0000000080000000, 0x0000000100000000)
  region size 1024K, 4 young (4096K), 4 survivors (4096K)
 Metaspace       used 54558K, committed 55168K, reserved 1097728K
  class space    used 7287K, committed 7552K, reserved 1048576K
}
Event: 13.456 GC heap before
{Heap before GC invocations=19 (full 0):
 garbage-first heap   total 132096K, used 107140K [0x0000000080000000, 0x0000000100000000)
  region size 1024K, 34 young (34816K), 4 survivors (4096K)
 Metaspace       used 57721K, committed 58368K, reserved 1105920K
  class space    used 7796K, committed 8064K, reserved 1048576K
}
Event: 13.467 GC heap after
{Heap after GC invocations=20 (full 0):
 garbage-first heap   total 132096K, used 78674K [0x0000000080000000, 0x0000000100000000)
  region size 1024K, 3 young (3072K), 3 survivors (3072K)
 Metaspace       used 57721K, committed 58368K, reserved 1105920K
  class space    used 7796K, committed 8064K, reserved 1048576K
}
Event: 14.255 GC heap before
{Heap before GC invocations=21 (full 0):
 garbage-first heap   total 140288K, used 104274K [0x0000000080000000, 0x0000000100000000)
  region size 1024K, 30 young (30720K), 3 survivors (3072K)
 Metaspace       used 59901K, committed 60480K, reserved 1105920K
  class space    used 8038K, committed 8256K, reserved 1048576K
}
Event: 14.263 GC heap after
{Heap after GC invocations=22 (full 0):
 garbage-first heap   total 140288K, used 80448K [0x0000000080000000, 0x0000000100000000)
  region size 1024K, 2 young (2048K), 2 survivors (2048K)
 Metaspace       used 59901K, committed 60480K, reserved 1105920K
  class space    used 8038K, committed 8256K, reserved 1048576K
}
Event: 15.396 GC heap before
{Heap before GC invocations=23 (full 0):
 garbage-first heap   total 145408K, used 123456K [0x0000000080000000, 0x0000000100000000)
  region size 1024K, 36 young (36864K), 2 survivors (2048K)
 Metaspace       used 63536K, committed 64192K, reserved 1105920K
  class space    used 8555K, committed 8832K, reserved 1048576K
}
Event: 15.404 GC heap after
{Heap after GC invocations=24 (full 0):
 garbage-first heap   total 145408K, used 95716K [0x0000000080000000, 0x0000000100000000)
  region size 1024K, 5 young (5120K), 5 survivors (5120K)
 Metaspace       used 63536K, committed 64192K, reserved 1105920K
  class space    used 8555K, committed 8832K, reserved 1048576K
}
Event: 15.459 GC heap before
{Heap before GC invocations=24 (full 0):
 garbage-first heap   total 145408K, used 97764K [0x0000000080000000, 0x0000000100000000)
  region size 1024K, 7 young (7168K), 5 survivors (5120K)
 Metaspace       used 63972K, committed 64576K, reserved 1105920K
  class space    used 8581K, committed 8832K, reserved 1048576K
}
Event: 15.469 GC heap after
{Heap after GC invocations=25 (full 0):
 garbage-first heap   total 145408K, used 95636K [0x0000000080000000, 0x0000000100000000)
  region size 1024K, 1 young (1024K), 1 survivors (1024K)
 Metaspace       used 63972K, committed 64576K, reserved 1105920K
  class space    used 8581K, committed 8832K, reserved 1048576K
}
Event: 16.174 GC heap before
{Heap before GC invocations=25 (full 0):
 garbage-first heap   total 145408K, used 120212K [0x0000000080000000, 0x0000000100000000)
  region size 1024K, 26 young (26624K), 1 survivors (1024K)
 Metaspace       used 67917K, committed 68544K, reserved 1114112K
  class space    used 9075K, committed 9344K, reserved 1048576K
}

Dll operation events (2 events):
Event: 0.020 Loaded shared library C:\Program Files\Android\Android Studio1\jbr\bin\java.dll
Event: 1.098 Loaded shared library C:\Program Files\Android\Android Studio1\jbr\bin\verify.dll

Deoptimization events (20 events):
Event: 15.392 Thread 0x0000013490e59900 Uncommon trap: trap_request=0xffffffde fr.pc=0x0000013487c31f34 relative=0x0000000000000514
Event: 15.392 Thread 0x0000013490e59900 Uncommon trap: reason=class_check action=maybe_recompile pc=0x0000013487c31f34 method=org.gradle.internal.instantiation.generator.AbstractClassGenerator$InjectionAnnotationValidator.validateMethod(Ljava/lang/reflect/Method;Lorg/gradle/internal/reflect/Pro
Event: 15.392 Thread 0x0000013490e59900 DEOPT PACKING pc=0x0000013487c31f34 sp=0x00000027d10f6f30
Event: 15.392 Thread 0x0000013490e59900 DEOPT UNPACKING pc=0x00000134875869a3 sp=0x00000027d10f6f00 mode 2
Event: 16.005 Thread 0x0000013490e59900 Uncommon trap: trap_request=0xffffffde fr.pc=0x0000013487cc32bc relative=0x000000000000003c
Event: 16.005 Thread 0x0000013490e59900 Uncommon trap: reason=class_check action=maybe_recompile pc=0x0000013487cc32bc method=java.lang.StringConcatHelper.stringOf(Ljava/lang/Object;)Ljava/lang/String; @ 5 c2
Event: 16.005 Thread 0x0000013490e59900 DEOPT PACKING pc=0x0000013487cc32bc sp=0x00000027d10f78b0
Event: 16.005 Thread 0x0000013490e59900 DEOPT UNPACKING pc=0x00000134875869a3 sp=0x00000027d10f7840 mode 2
Event: 16.005 Thread 0x0000013490e59900 Uncommon trap: trap_request=0xffffffde fr.pc=0x0000013487cc32bc relative=0x000000000000003c
Event: 16.005 Thread 0x0000013490e59900 Uncommon trap: reason=class_check action=maybe_recompile pc=0x0000013487cc32bc method=java.lang.StringConcatHelper.stringOf(Ljava/lang/Object;)Ljava/lang/String; @ 5 c2
Event: 16.005 Thread 0x0000013490e59900 DEOPT PACKING pc=0x0000013487cc32bc sp=0x00000027d10f78b0
Event: 16.005 Thread 0x0000013490e59900 DEOPT UNPACKING pc=0x00000134875869a3 sp=0x00000027d10f7840 mode 2
Event: 16.005 Thread 0x0000013490e59900 Uncommon trap: trap_request=0xffffffde fr.pc=0x0000013487cc32bc relative=0x000000000000003c
Event: 16.005 Thread 0x0000013490e59900 Uncommon trap: reason=class_check action=maybe_recompile pc=0x0000013487cc32bc method=java.lang.StringConcatHelper.stringOf(Ljava/lang/Object;)Ljava/lang/String; @ 5 c2
Event: 16.005 Thread 0x0000013490e59900 DEOPT PACKING pc=0x0000013487cc32bc sp=0x00000027d10f78b0
Event: 16.005 Thread 0x0000013490e59900 DEOPT UNPACKING pc=0x00000134875869a3 sp=0x00000027d10f7840 mode 2
Event: 16.006 Thread 0x0000013490e59900 Uncommon trap: trap_request=0xffffffde fr.pc=0x0000013487cc32bc relative=0x000000000000003c
Event: 16.006 Thread 0x0000013490e59900 Uncommon trap: reason=class_check action=maybe_recompile pc=0x0000013487cc32bc method=java.lang.StringConcatHelper.stringOf(Ljava/lang/Object;)Ljava/lang/String; @ 5 c2
Event: 16.006 Thread 0x0000013490e59900 DEOPT PACKING pc=0x0000013487cc32bc sp=0x00000027d10f78b0
Event: 16.006 Thread 0x0000013490e59900 DEOPT UNPACKING pc=0x00000134875869a3 sp=0x00000027d10f7840 mode 2

Classes unloaded (0 events):
No events

Classes redefined (0 events):
No events

Internal exceptions (20 events):
Event: 11.989 Thread 0x0000013490e59900 Exception <a 'java/lang/NoSuchMethodError'{0x000000008cbd7f78}: 'java.lang.Object java.lang.invoke.DirectMethodHandle$Holder.invokeStatic(java.lang.Object, java.lang.Object, java.lang.Object, java.lang.Object, java.lang.Object, java.lang.Object, java.lang.Object, java.lang.Object, java.lang.Object, java.lang.Object, java.lang.Object, java.lang.Object, java.lang.Object, java.lang.Object, java.lang.Object, java.lang.Object, java.lang.Object)'> (0x000000008cbd7f78) 
thrown [s\src\hotspot\share\interpreter\lin
Event: 11.993 Thread 0x0000013490e59900 Exception <a 'java/lang/NoSuchMethodError'{0x0000000087700328}: 'java.lang.Object java.lang.invoke.DirectMethodHandle$Holder.invokeStatic(java.lang.Object, java.lang.Object, java.lang.Object, java.lang.Object, java.lang.Object, java.lang.Object, java.lang.Object, java.lang.Object, java.lang.Object, java.lang.Object, java.lang.Object, java.lang.Object, java.lang.Object, java.lang.Object, java.lang.Object, java.lang.Object, java.lang.Object, java.lang.Object)'> (0x0000000087700328) 
thrown [s\src\hotspot\sha
Event: 11.996 Thread 0x0000013490e59900 Exception <a 'java/lang/NoSuchMethodError'{0x00000000877291d8}: 'java.lang.Object java.lang.invoke.DirectMethodHandle$Holder.invokeStatic(java.lang.Object, java.lang.Object, java.lang.Object, java.lang.Object, java.lang.Object, java.lang.Object, java.lang.Object, java.lang.Object, java.lang.Object, java.lang.Object, java.lang.Object, java.lang.Object, java.lang.Object, java.lang.Object, java.lang.Object, java.lang.Object, java.lang.Object, java.lang.Object, java.lang.Object)'> (0x00000000877291d8) 
thrown 
Event: 11.999 Thread 0x0000013490e59900 Exception <a 'java/lang/NoSuchMethodError'{0x0000000087753068}: 'java.lang.Object java.lang.invoke.DirectMethodHandle$Holder.invokeStatic(java.lang.Object, java.lang.Object, java.lang.Object, java.lang.Object, java.lang.Object, java.lang.Object, java.lang.Object, java.lang.Object, java.lang.Object, java.lang.Object, java.lang.Object, java.lang.Object, java.lang.Object, java.lang.Object, java.lang.Object, java.lang.Object, java.lang.Object, java.lang.Object, java.lang.Object, java.lang.Object)'> (0x00000000
Event: 12.002 Thread 0x0000013490e59900 Exception <a 'java/lang/NoSuchMethodError'{0x000000008777df20}: 'java.lang.Object java.lang.invoke.DirectMethodHandle$Holder.invokeStatic(java.lang.Object, java.lang.Object, java.lang.Object, java.lang.Object, java.lang.Object, java.lang.Object, java.lang.Object, java.lang.Object, java.lang.Object, java.lang.Object, java.lang.Object, java.lang.Object, java.lang.Object, java.lang.Object, java.lang.Object, java.lang.Object, java.lang.Object, java.lang.Object, java.lang.Object, java.lang.Object, java.lang.Obj
Event: 12.005 Thread 0x0000013490e59900 Exception <a 'java/lang/NoSuchMethodError'{0x00000000877aab48}: 'java.lang.Object java.lang.invoke.DirectMethodHandle$Holder.invokeStatic(java.lang.Object, java.lang.Object, java.lang.Object, java.lang.Object, java.lang.Object, java.lang.Object, java.lang.Object, java.lang.Object, java.lang.Object, java.lang.Object, java.lang.Object, java.lang.Object, java.lang.Object, java.lang.Object, java.lang.Object, java.lang.Object, java.lang.Object, java.lang.Object, java.lang.Object, java.lang.Object, java.lang.Obj
Event: 12.008 Thread 0x0000013490e59900 Exception <a 'java/lang/NoSuchMethodError'{0x00000000877d7e38}: 'java.lang.Object java.lang.invoke.DirectMethodHandle$Holder.invokeStatic(java.lang.Object, java.lang.Object, java.lang.Object, java.lang.Object, java.lang.Object, java.lang.Object, java.lang.Object, java.lang.Object, java.lang.Object, java.lang.Object, java.lang.Object, java.lang.Object, java.lang.Object, java.lang.Object, java.lang.Object, java.lang.Object, java.lang.Object, java.lang.Object, java.lang.Object, java.lang.Object, java.lang.Obj
Event: 12.012 Thread 0x0000013490e59900 Exception <a 'java/lang/NoSuchMethodError'{0x0000000087607b10}: 'java.lang.Object java.lang.invoke.DirectMethodHandle$Holder.invokeStatic(java.lang.Object, java.lang.Object, java.lang.Object, java.lang.Object, java.lang.Object, java.lang.Object, java.lang.Object, java.lang.Object, java.lang.Object, java.lang.Object, java.lang.Object, java.lang.Object, java.lang.Object, java.lang.Object, java.lang.Object, java.lang.Object, java.lang.Object, java.lang.Object, java.lang.Object, java.lang.Object, java.lang.Obj
Event: 12.525 Thread 0x0000013490e59900 Implicit null exception at 0x0000013487e20b6f to 0x0000013487e20dcc
Event: 12.980 Thread 0x0000013490e59900 Exception <a 'java/lang/NoSuchMethodError'{0x000000008754f450}: 'void java.lang.invoke.DirectMethodHandle$Holder.invokeVirtual(java.lang.Object, java.lang.Object)'> (0x000000008754f450) 
thrown [s\src\hotspot\share\interpreter\linkResolver.cpp, line 771]
Event: 13.328 Thread 0x0000013490e59900 Implicit null exception at 0x0000013487b02753 to 0x0000013487b030dc
Event: 13.802 Thread 0x0000013490e59900 Exception <a 'java/lang/NoSuchMethodError'{0x000000008791e4a0}: 'void java.lang.invoke.DirectMethodHandle$Holder.invokeSpecialIFC(java.lang.Object, java.lang.Object, java.lang.Object)'> (0x000000008791e4a0) 
thrown [s\src\hotspot\share\interpreter\linkResolver.cpp, line 771]
Event: 13.885 Thread 0x0000013490e580f0 Implicit null exception at 0x0000013487b0f072 to 0x0000013487b0f6a8
Event: 13.886 Thread 0x0000013490e580f0 Implicit null exception at 0x0000013487b21a72 to 0x0000013487b22064
Event: 14.246 Thread 0x0000013490e59900 Exception <a 'java/lang/ClassNotFoundException'{0x0000000086e16f38}: build_1hnf72aoudgttzjn6i4vj3rxtBeanInfo> (0x0000000086e16f38) 
thrown [s\src\hotspot\share\classfile\systemDictionary.cpp, line 256]
Event: 14.247 Thread 0x0000013490e59900 Exception <a 'java/lang/ClassNotFoundException'{0x0000000086e1d770}: build_1hnf72aoudgttzjn6i4vj3rxtCustomizer> (0x0000000086e1d770) 
thrown [s\src\hotspot\share\classfile\systemDictionary.cpp, line 256]
Event: 14.953 Thread 0x0000013490e59900 Exception <a 'java/lang/NoSuchMethodError'{0x0000000087aaa8a0}: 'java.lang.Object java.lang.invoke.DirectMethodHandle$Holder.newInvokeSpecial(java.lang.Object, java.lang.Object, java.lang.Object, java.lang.Object, int)'> (0x0000000087aaa8a0) 
thrown [s\src\hotspot\share\interpreter\linkResolver.cpp, line 771]
Event: 14.954 Thread 0x0000013490e59900 Exception <a 'java/lang/NoSuchMethodError'{0x0000000087aafce8}: 'java.lang.Object java.lang.invoke.DirectMethodHandle$Holder.invokeSpecial(java.lang.Object, java.lang.Object, java.lang.Object, java.lang.Object, java.lang.Object, int)'> (0x0000000087aafce8) 
thrown [s\src\hotspot\share\interpreter\linkResolver.cpp, line 771]
Event: 14.955 Thread 0x0000013490e59900 Exception <a 'java/lang/NoSuchMethodError'{0x0000000087ab4a68}: 'java.lang.Object java.lang.invoke.Invokers$Holder.linkToTargetMethod(java.lang.Object, java.lang.Object, java.lang.Object, int, java.lang.Object)'> (0x0000000087ab4a68) 
thrown [s\src\hotspot\share\interpreter\linkResolver.cpp, line 771]
Event: 15.371 Thread 0x0000013490e59900 Exception <a 'java/lang/NoSuchMethodError'{0x0000000086a57bd8}: 'int java.lang.invoke.DirectMethodHandle$Holder.invokeInterface(java.lang.Object, java.lang.Object, java.lang.Object, java.lang.Object)'> (0x0000000086a57bd8) 
thrown [s\src\hotspot\share\interpreter\linkResolver.cpp, line 771]

VM Operations (20 events):
Event: 14.092 Executing VM operation: HandshakeAllThreads done
Event: 14.224 Executing VM operation: HandshakeAllThreads
Event: 14.224 Executing VM operation: HandshakeAllThreads done
Event: 14.225 Executing VM operation: HandshakeAllThreads
Event: 14.225 Executing VM operation: HandshakeAllThreads done
Event: 14.255 Executing VM operation: G1TryInitiateConcMark
Event: 14.264 Executing VM operation: G1TryInitiateConcMark done
Event: 14.361 Executing VM operation: G1Concurrent
Event: 14.368 Executing VM operation: G1Concurrent done
Event: 14.417 Executing VM operation: G1Concurrent
Event: 14.418 Executing VM operation: G1Concurrent done
Event: 15.353 Executing VM operation: HandshakeAllThreads
Event: 15.353 Executing VM operation: HandshakeAllThreads done
Event: 15.369 Executing VM operation: HandshakeAllThreads
Event: 15.369 Executing VM operation: HandshakeAllThreads done
Event: 15.395 Executing VM operation: G1CollectForAllocation
Event: 15.404 Executing VM operation: G1CollectForAllocation done
Event: 15.459 Executing VM operation: G1CollectForAllocation
Event: 15.469 Executing VM operation: G1CollectForAllocation done
Event: 16.174 Executing VM operation: G1CollectForAllocation

Events (20 events):
Event: 15.698 loading class java/time/format/DateTimeTextProvider done
Event: 15.698 loading class java/time/format/DateTimeTextProvider$1
Event: 15.698 loading class java/time/format/DateTimeTextProvider$1 done
Event: 15.698 loading class java/time/format/DateTimeFormatterBuilder$1
Event: 15.698 loading class java/time/format/DateTimeFormatterBuilder$1 done
Event: 15.698 loading class java/time/format/DateTimeFormatterBuilder$TextPrinterParser
Event: 15.698 loading class java/time/format/DateTimeFormatterBuilder$TextPrinterParser done
Event: 15.699 loading class java/util/concurrent/Executors$DefaultThreadFactory
Event: 15.700 loading class java/util/concurrent/Executors$DefaultThreadFactory done
Event: 15.758 Thread 0x0000013490fa8920 Thread exited: 0x0000013490fa8920
Event: 15.852 loading class java/util/IdentityHashMap$KeyIterator
Event: 15.852 loading class java/util/IdentityHashMap$IdentityHashMapIterator
Event: 15.852 loading class java/util/IdentityHashMap$IdentityHashMapIterator done
Event: 15.852 loading class java/util/IdentityHashMap$KeyIterator done
Event: 15.864 loading class jdk/internal/access/foreign/MemorySegmentProxy
Event: 15.864 loading class jdk/internal/access/foreign/MemorySegmentProxy done
Event: 15.990 Thread 0x0000013490fa6fd0 Thread added: 0x0000013490fa6fd0
Event: 16.009 loading class java/util/regex/Pattern$1
Event: 16.009 loading class java/util/regex/Pattern$1 done
Event: 16.148 Thread 0x0000013490fa8410 Thread added: 0x0000013490fa8410


Dynamic libraries:
0x00007ff67e3d0000 - 0x00007ff67e3da000 	C:\Program Files\Android\Android Studio1\jbr\bin\java.exe
0x00007ff921030000 - 0x00007ff921247000 	C:\WINDOWS\SYSTEM32\ntdll.dll
0x00007ff91ed80000 - 0x00007ff91ee44000 	C:\WINDOWS\System32\KERNEL32.DLL
0x00007ff91e3a0000 - 0x00007ff91e745000 	C:\WINDOWS\System32\KERNELBASE.dll
0x00007ff91ead0000 - 0x00007ff91ebe1000 	C:\WINDOWS\System32\ucrtbase.dll
0x00007ff8f7800000 - 0x00007ff8f7817000 	C:\Program Files\Android\Android Studio1\jbr\bin\jli.dll
0x00007ff8f61b0000 - 0x00007ff8f61cb000 	C:\Program Files\Android\Android Studio1\jbr\bin\VCRUNTIME140.dll
0x00007ff9207f0000 - 0x00007ff92099e000 	C:\WINDOWS\System32\USER32.dll
0x00007ff902650000 - 0x00007ff9028e3000 	C:\WINDOWS\WinSxS\amd64_microsoft.windows.common-controls_6595b64144ccf1df_6.0.22621.2506_none_270c5ae97388e100\COMCTL32.dll
0x00007ff91e750000 - 0x00007ff91e776000 	C:\WINDOWS\System32\win32u.dll
0x00007ff91f030000 - 0x00007ff91f0d7000 	C:\WINDOWS\System32\msvcrt.dll
0x00007ff91fc40000 - 0x00007ff91fc69000 	C:\WINDOWS\System32\GDI32.dll
0x00007ff91ec60000 - 0x00007ff91ed79000 	C:\WINDOWS\System32\gdi32full.dll
0x00007ff91ea30000 - 0x00007ff91eaca000 	C:\WINDOWS\System32\msvcp_win.dll
0x00007ff91f220000 - 0x00007ff91f251000 	C:\WINDOWS\System32\IMM32.DLL
0x00007ff903470000 - 0x00007ff90347c000 	C:\Program Files\Android\Android Studio1\jbr\bin\vcruntime140_1.dll
0x00007ff8d56e0000 - 0x00007ff8d576d000 	C:\Program Files\Android\Android Studio1\jbr\bin\msvcp140.dll
0x00007ff8d5a90000 - 0x00007ff8d66fe000 	C:\Program Files\Android\Android Studio1\jbr\bin\server\jvm.dll
0x00007ff920390000 - 0x00007ff920441000 	C:\WINDOWS\System32\ADVAPI32.dll
0x00007ff91fb80000 - 0x00007ff91fc26000 	C:\WINDOWS\System32\sechost.dll
0x00007ff9206d0000 - 0x00007ff9207e7000 	C:\WINDOWS\System32\RPCRT4.dll
0x00007ff8d68c0000 - 0x00007ff8d68c9000 	C:\WINDOWS\SYSTEM32\WSOCK32.dll
0x00007ff91fb00000 - 0x00007ff91fb71000 	C:\WINDOWS\System32\WS2_32.dll
0x00007ff914dc0000 - 0x00007ff914dca000 	C:\WINDOWS\SYSTEM32\VERSION.dll
0x00007ff914f90000 - 0x00007ff914fc4000 	C:\WINDOWS\SYSTEM32\WINMM.dll
0x00007ff91d300000 - 0x00007ff91d318000 	C:\WINDOWS\SYSTEM32\kernel.appcore.dll
0x00007ff9056c0000 - 0x00007ff9056ca000 	C:\Program Files\Android\Android Studio1\jbr\bin\jimage.dll
0x00007ff918980000 - 0x00007ff918bb3000 	C:\WINDOWS\SYSTEM32\DBGHELP.DLL
0x00007ff9209a0000 - 0x00007ff920d29000 	C:\WINDOWS\System32\combase.dll
0x00007ff9200f0000 - 0x00007ff9201c7000 	C:\WINDOWS\System32\OLEAUT32.dll
0x00007ff8f6ac0000 - 0x00007ff8f6af2000 	C:\WINDOWS\SYSTEM32\dbgcore.DLL
0x00007ff91e9b0000 - 0x00007ff91ea2a000 	C:\WINDOWS\System32\bcryptPrimitives.dll
0x00007ff903410000 - 0x00007ff903435000 	C:\Program Files\Android\Android Studio1\jbr\bin\java.dll
0x00007ff9033f0000 - 0x00007ff903408000 	C:\Program Files\Android\Android Studio1\jbr\bin\zip.dll
0x00007ff91f260000 - 0x00007ff91fab9000 	C:\WINDOWS\System32\SHELL32.dll
0x00007ff91c270000 - 0x00007ff91cb64000 	C:\WINDOWS\SYSTEM32\windows.storage.dll
0x00007ff91c130000 - 0x00007ff91c26e000 	C:\WINDOWS\SYSTEM32\wintypes.dll
0x00007ff920450000 - 0x00007ff920543000 	C:\WINDOWS\System32\SHCORE.dll
0x00007ff91f1b0000 - 0x00007ff91f20e000 	C:\WINDOWS\System32\shlwapi.dll
0x00007ff91e2d0000 - 0x00007ff91e2f6000 	C:\WINDOWS\SYSTEM32\profapi.dll
0x00007ff8fca80000 - 0x00007ff8fca99000 	C:\Program Files\Android\Android Studio1\jbr\bin\net.dll
0x00007ff9146e0000 - 0x00007ff914817000 	C:\WINDOWS\SYSTEM32\WINHTTP.dll
0x00007ff91d7d0000 - 0x00007ff91d839000 	C:\WINDOWS\system32\mswsock.dll
0x00007ff8fbf60000 - 0x00007ff8fbf76000 	C:\Program Files\Android\Android Studio1\jbr\bin\nio.dll
0x00007ff903640000 - 0x00007ff903650000 	C:\Program Files\Android\Android Studio1\jbr\bin\verify.dll
0x00007ff8f5010000 - 0x00007ff8f5037000 	C:\Users\User\.gradle\native\68d5fa5c4cc2d200863cafc0d521ce42e7d3e7ee720ec0a83991735586a16f82\windows-amd64\native-platform.dll
0x00007ff867af0000 - 0x00007ff867c34000 	C:\Users\User\.gradle\native\e376f236ea51e6404a007f0833ffe2c6e607c4080706a723a18a27aeea778392\windows-amd64\native-platform-file-events.dll
0x00007ff8fbf50000 - 0x00007ff8fbf59000 	C:\Program Files\Android\Android Studio1\jbr\bin\management.dll
0x00007ff8f9740000 - 0x00007ff8f974b000 	C:\Program Files\Android\Android Studio1\jbr\bin\management_ext.dll
0x00007ff91f210000 - 0x00007ff91f218000 	C:\WINDOWS\System32\PSAPI.DLL
0x00007ff91dc10000 - 0x00007ff91dc2b000 	C:\WINDOWS\SYSTEM32\CRYPTSP.dll
0x00007ff91d2c0000 - 0x00007ff91d2f5000 	C:\WINDOWS\system32\rsaenh.dll
0x00007ff91d870000 - 0x00007ff91d89c000 	C:\WINDOWS\SYSTEM32\USERENV.dll
0x00007ff91dd50000 - 0x00007ff91dd78000 	C:\WINDOWS\SYSTEM32\bcrypt.dll
0x00007ff91dbf0000 - 0x00007ff91dbfc000 	C:\WINDOWS\SYSTEM32\CRYPTBASE.dll
0x00007ff91cdd0000 - 0x00007ff91cdfd000 	C:\WINDOWS\SYSTEM32\IPHLPAPI.DLL
0x00007ff91fad0000 - 0x00007ff91fad9000 	C:\WINDOWS\System32\NSI.dll
0x00007ff9144b0000 - 0x00007ff9144c9000 	C:\WINDOWS\SYSTEM32\dhcpcsvc6.DLL
0x00007ff914490000 - 0x00007ff9144af000 	C:\WINDOWS\SYSTEM32\dhcpcsvc.DLL
0x00007ff91ce40000 - 0x00007ff91cf39000 	C:\WINDOWS\SYSTEM32\DNSAPI.dll
0x00007ff8f9730000 - 0x00007ff8f9738000 	C:\WINDOWS\system32\wshunix.dll

dbghelp: loaded successfully - version: 4.0.5 - missing functions: none
symbol engine: initialized successfully - sym options: 0x614 - pdb path: .;C:\Program Files\Android\Android Studio1\jbr\bin;C:\WINDOWS\SYSTEM32;C:\WINDOWS\WinSxS\amd64_microsoft.windows.common-controls_6595b64144ccf1df_6.0.22621.2506_none_270c5ae97388e100;C:\Program Files\Android\Android Studio1\jbr\bin\server;C:\Users\User\.gradle\native\68d5fa5c4cc2d200863cafc0d521ce42e7d3e7ee720ec0a83991735586a16f82\windows-amd64;C:\Users\User\.gradle\native\e376f236ea51e6404a007f0833ffe2c6e607c4080706a723a18a27aeea778392\windows-amd64

VM Arguments:
jvm_args: --add-opens=java.base/java.util=ALL-UNNAMED --add-opens=java.base/java.lang=ALL-UNNAMED --add-opens=java.base/java.lang.invoke=ALL-UNNAMED --add-opens=java.prefs/java.util.prefs=ALL-UNNAMED --add-opens=java.base/java.nio.charset=ALL-UNNAMED --add-opens=java.base/java.net=ALL-UNNAMED --add-opens=java.base/java.util.concurrent.atomic=ALL-UNNAMED -Xmx2048m -Dfile.encoding=UTF-8 -Duser.country=US -Duser.language=en -Duser.variant 
java_command: org.gradle.launcher.daemon.bootstrap.GradleDaemon 8.0
java_class_path (initial): C:\Users\User\.gradle\wrapper\dists\gradle-8.0-bin\ca5e32bp14vu59qr306oxotwh\gradle-8.0\lib\gradle-launcher-8.0.jar
Launcher Type: SUN_STANDARD

[Global flags]
     intx CICompilerCount                          = 4                                         {product} {ergonomic}
     uint ConcGCThreads                            = 2                                         {product} {ergonomic}
     uint G1ConcRefinementThreads                  = 8                                         {product} {ergonomic}
   size_t G1HeapRegionSize                         = 1048576                                   {product} {ergonomic}
    uintx GCDrainStackTargetSize                   = 64                                        {product} {ergonomic}
   size_t InitialHeapSize                          = 264241152                                 {product} {ergonomic}
   size_t MarkStackSize                            = 4194304                                   {product} {ergonomic}
   size_t MaxHeapSize                              = 2147483648                                {product} {command line}
   size_t MaxNewSize                               = 1287651328                                {product} {ergonomic}
   size_t MinHeapDeltaBytes                        = 1048576                                   {product} {ergonomic}
   size_t MinHeapSize                              = 8388608                                   {product} {ergonomic}
    uintx NonNMethodCodeHeapSize                   = 5839372                                {pd product} {ergonomic}
    uintx NonProfiledCodeHeapSize                  = 122909434                              {pd product} {ergonomic}
    uintx ProfiledCodeHeapSize                     = 122909434                              {pd product} {ergonomic}
    uintx ReservedCodeCacheSize                    = 251658240                              {pd product} {ergonomic}
     bool SegmentedCodeCache                       = true                                      {product} {ergonomic}
   size_t SoftMaxHeapSize                          = 2147483648                             {manageable} {ergonomic}
     bool UseCompressedClassPointers               = true                           {product lp64_product} {ergonomic}
     bool UseCompressedOops                        = true                           {product lp64_product} {ergonomic}
     bool UseG1GC                                  = true                                      {product} {ergonomic}
     bool UseLargePagesIndividualAllocation        = false                                  {pd product} {ergonomic}

Logging:
Log output configuration:
 #0: stdout all=warning uptime,level,tags
 #1: stderr all=off uptime,level,tags

Environment Variables:
PATH=C:\Program Files (x86)\Common Files\Oracle\Java\javapath;C:\WINDOWS\system32;C:\WINDOWS;C:\WINDOWS\System32\Wbem;C:\WINDOWS\System32\WindowsPowerShell\v1.0\;C:\WINDOWS\System32\OpenSSH\;C:\Program Files\nodejs\;C:\ProgramData\chocolatey\bin;C:\xampp\php;C:\Program Files\Java\jre1.8.0_291\bin;C:\Program Files\Git\cmd;C:\php-8.1.6-Win32-vs16-x64;C:\Users\User\AppData\Local\Microsoft\WindowsApps;C:\Users\User\AppData\Local\Programs\Microsoft VS Code\bin;C:\Users\User\AppData\Roaming\npm;C:\Program Files\heroku\bin;C:\src\flutter\bin;C:\Program Files\JetBrains\PyCharm Community Edition 2021.2.2\bin;C:\Users\User\AppData\Local\Microsoft\WindowsApps;C:\Flutter\bin
USERNAME=User
OS=Windows_NT
PROCESSOR_IDENTIFIER=Intel64 Family 6 Model 142 Stepping 10, GenuineIntel
TMP=C:\Users\User\AppData\Local\Temp
TEMP=C:\Users\User\AppData\Local\Temp


JNI global refs:
JNI global refs: 26, weak refs: 3

JNI global refs memory usage: 843, weak refs: 841


---------------  S Y S T E M  ---------------

OS:
 Windows 11 , 64 bit Build 22621 (10.0.22621.2506)
OS uptime: 0 days 6:39 hours
Hyper-V role detected

CPU: total 8 (initial active 8) (4 cores per cpu, 2 threads per core) family 6 model 142 stepping 10 microcode 0xf4, cx8, cmov, fxsr, ht, mmx, 3dnowpref, sse, sse2, sse3, ssse3, sse4.1, sse4.2, popcnt, lzcnt, tsc, tscinvbit, avx, avx2, aes, erms, clmul, bmi1, bmi2, rtm, adx, fma, vzeroupper, clflush, clflushopt, hv

Memory: 4k page, system-wide physical 16003M (1781M free)
TotalPageFile size 38602M (AvailPageFile size 23M)
current process WorkingSet (physical memory assigned to process): 349M, peak: 361M
current process commit charge ("private bytes"): 386M, peak: 457M

vm_info: OpenJDK 64-Bit Server VM (17.0.6+0-b2043.56-10027231) for windows-amd64 JRE (17.0.6+0-b2043.56-10027231), built on Apr 28 2023 00:43:19 by "androidbuild" with MS VC++ 16.10 / 16.11 (VS2019)

END.
